#! /c/Source/iverilog-install/bin/vvp
:ivl_version "12.0 (devel)" "(s20150603-1110-g18392a46)";
:ivl_delay_selection "TYPICAL";
:vpi_time_precision - 12;
:vpi_module "C:\iverilog\lib\ivl\system.vpi";
:vpi_module "C:\iverilog\lib\ivl\vhdl_sys.vpi";
:vpi_module "C:\iverilog\lib\ivl\vhdl_textio.vpi";
:vpi_module "C:\iverilog\lib\ivl\v2005_math.vpi";
:vpi_module "C:\iverilog\lib\ivl\va_math.vpi";
S_000002403697ba40 .scope module, "RIM" "RIM" 2 23;
 .timescale -9 -12;
    .port_info 0 /OUTPUT 1 "out_valid";
    .port_info 1 /OUTPUT 3 "out_row";
    .port_info 2 /OUTPUT 3 "out_col";
    .port_info 3 /INPUT 8 "maze";
    .port_info 4 /INPUT 1 "clk";
    .port_info 5 /INPUT 1 "rst_n";
    .port_info 6 /INPUT 1 "in_valid";
P_000002403697b0b0 .param/l "CHECK" 0 2 60, C4<10>;
P_000002403697b0e8 .param/l "DONE" 0 2 60, C4<11>;
P_000002403697b120 .param/l "IDLE" 0 2 60, C4<00>;
P_000002403697b158 .param/l "NOFIND" 0 2 60, C4<00>;
P_000002403697b190 .param/l "SEARCH" 0 2 60, C4<01>;
v000002403697b6f0_0 .var "Q", 1 0;
v0000024036a63790_0 .var "Q_NEXT", 1 0;
v0000024036a630e0_0 .var "check_end_flag", 0 0;
o0000024036aaa038 .functor BUFZ 1, C4<z>; HiZ drive
v000002403697bbd0_0 .net "clk", 0 0, o0000024036aaa038;  0 drivers
v0000024036a8e580_0 .var/i "i", 31 0;
v0000024036a93710_0 .var/i "in_count", 31 0;
o0000024036aaa0c8 .functor BUFZ 1, C4<z>; HiZ drive
v0000024036a937b0_0 .net "in_valid", 0 0, o0000024036aaa0c8;  0 drivers
o0000024036aaa0f8 .functor BUFZ 8, C4<zzzzzzzz>; HiZ drive
v0000024036a93850_0 .net "maze", 7 0, o0000024036aaa0f8;  0 drivers
v0000024036a938f0_0 .var "maze_done_flag", 0 0;
v0000024036a93990_0 .var "next_valid_flag", 0 0;
v0000024036a93a30_0 .var "now_col", 2 0;
v0000024036a93ad0_0 .var "now_row", 2 0;
v0000024036a93b70_0 .var "out_col", 2 0;
v0000024036a93ee0_0 .var "out_row", 2 0;
v0000024036a93f80_0 .var "out_valid", 0 0;
o0000024036aaa278 .functor BUFZ 1, C4<z>; HiZ drive
v0000024036a94480_0 .net "rst_n", 0 0, o0000024036aaa278;  0 drivers
v0000024036a93c60 .array "store_maze", 7 0, 7 0;
E_0000024036a8b910 .event posedge, v000002403697bbd0_0;
E_0000024036a8abd0/0 .event anyedge, v000002403697b6f0_0, v0000024036a938f0_0, v0000024036a93990_0, v0000024036a93ad0_0;
E_0000024036a8abd0/1 .event anyedge, v0000024036a93a30_0, v0000024036a630e0_0;
E_0000024036a8abd0 .event/or E_0000024036a8abd0/0, E_0000024036a8abd0/1;
E_0000024036a8b310/0 .event negedge, v0000024036a94480_0;
E_0000024036a8b310/1 .event posedge, v000002403697bbd0_0;
E_0000024036a8b310 .event/or E_0000024036a8b310/0, E_0000024036a8b310/1;
    .scope S_000002403697ba40;
T_0 ;
    %pushi/vec4 0, 0, 32;
    %store/vec4 v0000024036a93710_0, 0, 32;
    %end;
    .thread T_0;
    .scope S_000002403697ba40;
T_1 ;
    %wait E_0000024036a8b910;
    %pushi/vec4 0, 0, 1;
    %store/vec4 v0000024036a938f0_0, 0, 1;
    %load/vec4 v0000024036a94480_0;
    %flag_set/vec4 8;
    %jmp/0xz  T_1.0, 8;
    %load/vec4 v0000024036a937b0_0;
    %load/vec4 v0000024036a93710_0;
    %cmpi/s 8, 0, 32;
    %flag_get/vec4 5;
    %and;
    %flag_set/vec4 8;
    %jmp/0xz  T_1.2, 8;
    %load/vec4 v0000024036a93850_0;
    %ix/getv/s 3, v0000024036a93710_0;
    %ix/load 4, 0, 0; Constant delay
    %assign/vec4/a/d v0000024036a93c60, 0, 4;
    %load/vec4 v0000024036a93710_0;
    %addi 1, 0, 32;
    %assign/vec4 v0000024036a93710_0, 0;
T_1.2 ;
    %load/vec4 v0000024036a93710_0;
    %cmpi/e 8, 0, 32;
    %jmp/0xz  T_1.4, 4;
    %pushi/vec4 1, 0, 1;
    %assign/vec4 v0000024036a938f0_0, 0;
T_1.4 ;
    %jmp T_1.1;
T_1.0 ;
    %pushi/vec4 0, 0, 1;
    %assign/vec4 v0000024036a938f0_0, 0;
    %pushi/vec4 0, 0, 32;
    %assign/vec4 v0000024036a93710_0, 0;
    %pushi/vec4 0, 0, 32;
    %store/vec4 v0000024036a8e580_0, 0, 32;
T_1.6 ;
    %load/vec4 v0000024036a8e580_0;
    %cmpi/s 7, 0, 32;
    %flag_or 5, 4;
    %jmp/0xz T_1.7, 5;
    %pushi/vec4 0, 0, 8;
    %ix/getv/s 3, v0000024036a8e580_0;
    %ix/load 4, 0, 0; Constant delay
    %assign/vec4/a/d v0000024036a93c60, 0, 4;
    %load/vec4 v0000024036a8e580_0;
    %addi 1, 0, 32;
    %store/vec4 v0000024036a8e580_0, 0, 32;
    %jmp T_1.6;
T_1.7 ;
T_1.1 ;
    %jmp T_1;
    .thread T_1;
    .scope S_000002403697ba40;
T_2 ;
    %wait E_0000024036a8b310;
    %load/vec4 v0000024036a94480_0;
    %nor/r;
    %flag_set/vec4 8;
    %jmp/0xz  T_2.0, 8;
    %pushi/vec4 0, 0, 2;
    %assign/vec4 v000002403697b6f0_0, 0;
    %jmp T_2.1;
T_2.0 ;
    %load/vec4 v0000024036a63790_0;
    %assign/vec4 v000002403697b6f0_0, 0;
T_2.1 ;
    %jmp T_2;
    .thread T_2;
    .scope S_000002403697ba40;
T_3 ;
    %wait E_0000024036a8abd0;
    %load/vec4 v000002403697b6f0_0;
    %dup/vec4;
    %pushi/vec4 0, 0, 2;
    %cmp/u;
    %jmp/1 T_3.0, 6;
    %dup/vec4;
    %pushi/vec4 1, 0, 2;
    %cmp/u;
    %jmp/1 T_3.1, 6;
    %dup/vec4;
    %pushi/vec4 2, 0, 2;
    %cmp/u;
    %jmp/1 T_3.2, 6;
    %dup/vec4;
    %pushi/vec4 3, 0, 2;
    %cmp/u;
    %jmp/1 T_3.3, 6;
    %dup/vec4;
    %pushi/vec4 0, 0, 2;
    %cmp/u;
    %jmp/1 T_3.4, 6;
    %pushi/vec4 0, 0, 2;
    %store/vec4 v0000024036a63790_0, 0, 2;
    %jmp T_3.6;
T_3.0 ;
    %load/vec4 v0000024036a938f0_0;
    %flag_set/vec4 8;
    %jmp/0xz  T_3.7, 8;
    %pushi/vec4 1, 0, 2;
    %store/vec4 v0000024036a63790_0, 0, 2;
    %jmp T_3.8;
T_3.7 ;
    %pushi/vec4 0, 0, 2;
    %store/vec4 v0000024036a63790_0, 0, 2;
T_3.8 ;
    %jmp T_3.6;
T_3.1 ;
    %load/vec4 v0000024036a93990_0;
    %nor/r;
    %load/vec4 v0000024036a93ad0_0;
    %pad/u 32;
    %pushi/vec4 7, 0, 32;
    %cmp/e;
    %flag_get/vec4 4;
    %and;
    %load/vec4 v0000024036a93a30_0;
    %pad/u 32;
    %pushi/vec4 7, 0, 32;
    %cmp/e;
    %flag_get/vec4 4;
    %and;
    %flag_set/vec4 8;
    %jmp/0xz  T_3.9, 8;
    %pushi/vec4 3, 0, 2;
    %store/vec4 v0000024036a63790_0, 0, 2;
    %jmp T_3.10;
T_3.9 ;
    %load/vec4 v0000024036a93990_0;
    %flag_set/vec4 8;
    %jmp/0xz  T_3.11, 8;
    %pushi/vec4 1, 0, 2;
    %store/vec4 v0000024036a63790_0, 0, 2;
    %jmp T_3.12;
T_3.11 ;
    %pushi/vec4 2, 0, 2;
    %store/vec4 v0000024036a63790_0, 0, 2;
T_3.12 ;
T_3.10 ;
    %jmp T_3.6;
T_3.2 ;
    %load/vec4 v0000024036a630e0_0;
    %flag_set/vec4 8;
    %jmp/0xz  T_3.13, 8;
    %pushi/vec4 3, 0, 2;
    %store/vec4 v0000024036a63790_0, 0, 2;
    %jmp T_3.14;
T_3.13 ;
    %pushi/vec4 0, 0, 2;
    %store/vec4 v0000024036a63790_0, 0, 2;
T_3.14 ;
    %jmp T_3.6;
T_3.3 ;
    %pushi/vec4 0, 0, 2;
    %store/vec4 v0000024036a63790_0, 0, 2;
    %jmp T_3.6;
T_3.4 ;
    %pushi/vec4 0, 0, 2;
    %store/vec4 v0000024036a63790_0, 0, 2;
    %jmp T_3.6;
T_3.6 ;
    %pop/vec4 1;
    %jmp T_3;
    .thread T_3, $push;
    .scope S_000002403697ba40;
T_4 ;
    %wait E_0000024036a8b910;
    %load/vec4 v000002403697b6f0_0;
    %dup/vec4;
    %pushi/vec4 0, 0, 2;
    %cmp/u;
    %jmp/1 T_4.0, 6;
    %dup/vec4;
    %pushi/vec4 1, 0, 2;
    %cmp/u;
    %jmp/1 T_4.1, 6;
    %dup/vec4;
    %pushi/vec4 2, 0, 2;
    %cmp/u;
    %jmp/1 T_4.2, 6;
    %dup/vec4;
    %pushi/vec4 3, 0, 2;
    %cmp/u;
    %jmp/1 T_4.3, 6;
    %dup/vec4;
    %pushi/vec4 0, 0, 2;
    %cmp/u;
    %jmp/1 T_4.4, 6;
    %jmp T_4.5;
T_4.0 ;
    %vpi_call 2 98 "$display", "Now in IDLE" {0 0 0};
    %load/vec4 v0000024036a938f0_0;
    %ix/load 4, 0, 0;
    %flag_set/imm 4, 0;
    %load/vec4a v0000024036a93c60, 4;
    %parti/s 1, 7, 4;
    %pad/u 32;
    %pushi/vec4 1, 0, 32;
    %cmp/e;
    %flag_get/vec4 4;
    %and;
    %flag_set/vec4 8;
    %jmp/0 T_4.6, 8;
    %pushi/vec4 1, 0, 2;
    %jmp/1 T_4.7, 8;
T_4.6 ; End of true expr.
    %pushi/vec4 0, 0, 2;
    %jmp/0 T_4.7, 8;
 ; End of false expr.
    %blend;
T_4.7;
    %pad/s 1;
    %assign/vec4 v0000024036a93990_0, 0;
    %pushi/vec4 0, 0, 1;
    %assign/vec4 v0000024036a630e0_0, 0;
    %pushi/vec4 0, 0, 3;
    %assign/vec4 v0000024036a93ad0_0, 0;
    %pushi/vec4 0, 0, 3;
    %assign/vec4 v0000024036a93a30_0, 0;
    %jmp T_4.5;
T_4.1 ;
    %vpi_call 2 111 "$display", "Now in SEARCH" {0 0 0};
    %load/vec4 v0000024036a93ad0_0;
    %pad/u 32;
    %addi 1, 0, 32;
    %cmpi/u 8, 0, 32;
    %flag_get/vec4 5;
    %load/vec4 v0000024036a93ad0_0;
    %pad/u 33;
    %addi 1, 0, 33;
    %ix/vec4 4;
    %load/vec4a v0000024036a93c60, 4;
    %load/vec4 v0000024036a93a30_0;
    %part/u 1;
    %and;
    %flag_set/vec4 8;
    %jmp/0xz  T_4.8, 8;
    %load/vec4 v0000024036a93ad0_0;
    %addi 1, 0, 3;
    %assign/vec4 v0000024036a93ad0_0, 0;
    %load/vec4 v0000024036a93a30_0;
    %assign/vec4 v0000024036a93a30_0, 0;
    %pushi/vec4 1, 0, 1;
    %assign/vec4 v0000024036a93990_0, 0;
    %jmp T_4.9;
T_4.8 ;
    %load/vec4 v0000024036a93a30_0;
    %pad/u 32;
    %addi 1, 0, 32;
    %cmpi/u 8, 0, 32;
    %flag_get/vec4 5;
    %load/vec4 v0000024036a93ad0_0;
    %pad/u 5;
    %ix/vec4 4;
    %load/vec4a v0000024036a93c60, 4;
    %load/vec4 v0000024036a93a30_0;
    %pad/u 32;
    %addi 1, 0, 32;
    %part/u 1;
    %and;
    %flag_set/vec4 8;
    %jmp/0xz  T_4.10, 8;
    %load/vec4 v0000024036a93ad0_0;
    %assign/vec4 v0000024036a93ad0_0, 0;
    %load/vec4 v0000024036a93a30_0;
    %addi 1, 0, 3;
    %assign/vec4 v0000024036a93a30_0, 0;
    %pushi/vec4 1, 0, 1;
    %assign/vec4 v0000024036a93990_0, 0;
    %jmp T_4.11;
T_4.10 ;
    %pushi/vec4 0, 0, 1;
    %assign/vec4 v0000024036a93990_0, 0;
T_4.11 ;
T_4.9 ;
    %jmp T_4.5;
T_4.2 ;
    %vpi_call 2 125 "$display", "Now in CHECK" {0 0 0};
    %load/vec4 v0000024036a93990_0;
    %nor/r;
    %flag_set/vec4 8;
    %jmp/0xz  T_4.12, 8;
    %load/vec4 v0000024036a93ad0_0;
    %pad/u 32;
    %pushi/vec4 7, 0, 32;
    %cmp/e;
    %flag_get/vec4 4;
    %load/vec4 v0000024036a93a30_0;
    %pad/u 32;
    %pushi/vec4 7, 0, 32;
    %cmp/e;
    %flag_get/vec4 4;
    %and;
    %flag_set/vec4 8;
    %jmp/0xz  T_4.14, 8;
    %pushi/vec4 1, 0, 1;
    %assign/vec4 v0000024036a630e0_0, 0;
    %jmp T_4.15;
T_4.14 ;
    %pushi/vec4 0, 0, 1;
    %assign/vec4 v0000024036a630e0_0, 0;
T_4.15 ;
T_4.12 ;
    %jmp T_4.5;
T_4.3 ;
    %vpi_call 2 134 "$display", "Now in DONE" {0 0 0};
    %pushi/vec4 0, 0, 1;
    %assign/vec4 v0000024036a93990_0, 0;
    %load/vec4 v0000024036a93ad0_0;
    %assign/vec4 v0000024036a93ee0_0, 0;
    %load/vec4 v0000024036a93a30_0;
    %assign/vec4 v0000024036a93b70_0, 0;
    %jmp T_4.5;
T_4.4 ;
    %vpi_call 2 140 "$display", "Now in NOFIND" {0 0 0};
    %pushi/vec4 0, 0, 1;
    %assign/vec4 v0000024036a93f80_0, 0;
    %pushi/vec4 7, 7, 3;
    %assign/vec4 v0000024036a93ee0_0, 0;
    %pushi/vec4 7, 7, 3;
    %assign/vec4 v0000024036a93b70_0, 0;
    %jmp T_4.5;
T_4.5 ;
    %pop/vec4 1;
    %jmp T_4;
    .thread T_4;
    .scope S_000002403697ba40;
T_5 ;
    %wait E_0000024036a8b910;
    %load/vec4 v000002403697b6f0_0;
    %dup/vec4;
    %pushi/vec4 0, 0, 2;
    %cmp/u;
    %jmp/1 T_5.0, 6;
    %dup/vec4;
    %pushi/vec4 1, 0, 2;
    %cmp/u;
    %jmp/1 T_5.1, 6;
    %dup/vec4;
    %pushi/vec4 2, 0, 2;
    %cmp/u;
    %jmp/1 T_5.2, 6;
    %dup/vec4;
    %pushi/vec4 3, 0, 2;
    %cmp/u;
    %jmp/1 T_5.3, 6;
    %dup/vec4;
    %pushi/vec4 0, 0, 2;
    %cmp/u;
    %jmp/1 T_5.4, 6;
    %jmp T_5.5;
T_5.0 ;
    %pushi/vec4 0, 0, 3;
    %assign/vec4 v0000024036a93ee0_0, 0;
    %pushi/vec4 0, 0, 3;
    %assign/vec4 v0000024036a93b70_0, 0;
    %pushi/vec4 0, 0, 1;
    %assign/vec4 v0000024036a93f80_0, 0;
    %jmp T_5.5;
T_5.1 ;
    %load/vec4 v0000024036a93ad0_0;
    %assign/vec4 v0000024036a93ee0_0, 0;
    %load/vec4 v0000024036a93a30_0;
    %assign/vec4 v0000024036a93b70_0, 0;
    %pushi/vec4 0, 0, 1;
    %assign/vec4 v0000024036a93f80_0, 0;
    %vpi_call 2 158 "$display", "next_valid_flag = %d, out_valid = %d, out_col = %d, out_row = %d", v0000024036a93990_0, v0000024036a93f80_0, v0000024036a93b70_0, v0000024036a93ee0_0 {0 0 0};
    %jmp T_5.5;
T_5.2 ;
    %load/vec4 v0000024036a93ad0_0;
    %assign/vec4 v0000024036a93ee0_0, 0;
    %load/vec4 v0000024036a93a30_0;
    %assign/vec4 v0000024036a93b70_0, 0;
    %pushi/vec4 0, 0, 1;
    %assign/vec4 v0000024036a93f80_0, 0;
    %vpi_call 2 164 "$display", "next_valid_flag = %d", v0000024036a93990_0 {0 0 0};
    %jmp T_5.5;
T_5.3 ;
    %load/vec4 v0000024036a93ad0_0;
    %assign/vec4 v0000024036a93ee0_0, 0;
    %load/vec4 v0000024036a93a30_0;
    %assign/vec4 v0000024036a93b70_0, 0;
    %pushi/vec4 1, 0, 1;
    %assign/vec4 v0000024036a93f80_0, 0;
    %vpi_call 2 170 "$display", "out_valid = %d", v0000024036a93f80_0 {0 0 0};
    %jmp T_5.5;
T_5.4 ;
    %load/vec4 v0000024036a93ad0_0;
    %assign/vec4 v0000024036a93ee0_0, 0;
    %load/vec4 v0000024036a93a30_0;
    %assign/vec4 v0000024036a93b70_0, 0;
    %pushi/vec4 0, 0, 1;
    %assign/vec4 v0000024036a93f80_0, 0;
    %vpi_call 2 176 "$display", "out_valid = %d", v0000024036a93f80_0 {0 0 0};
    %jmp T_5.5;
T_5.5 ;
    %pop/vec4 1;
    %jmp T_5;
    .thread T_5;
# The file index is used to find the file name in the following table.
:file_names 3;
    "N/A";
    "<interactive>";
    "RIM.v";
