#! /c/Source/iverilog-install/bin/vvp
:ivl_version "12.0 (devel)" "(s20150603-1110-g18392a46)";
:ivl_delay_selection "TYPICAL";
:vpi_time_precision - 12;
:vpi_module "C:\iverilog\lib\ivl\system.vpi";
:vpi_module "C:\iverilog\lib\ivl\vhdl_sys.vpi";
:vpi_module "C:\iverilog\lib\ivl\vhdl_textio.vpi";
:vpi_module "C:\iverilog\lib\ivl\v2005_math.vpi";
:vpi_module "C:\iverilog\lib\ivl\va_math.vpi";
S_000002365f0b2d80 .scope module, "tb_RIM" "tb_RIM" 2 3;
 .timescale -9 -12;
P_000002365f0c6f30 .param/l "PERIOD" 0 2 6, +C4<00000000000000000000000000001010>;
v000002365f0c9fd0_0 .var "clk", 0 0;
v000002365f0cb3d0_0 .var/i "error", 31 0;
v000002365f0cb0b0_0 .var/i "i", 31 0;
v000002365f0cb510_0 .var "in_valid", 0 0;
v000002365f0cbbf0_0 .var "maze", 7 0;
v000002365f0ca250_0 .net "out_col", 2 0, v000002365f0ca9d0_0;  1 drivers
v000002365f0cba10_0 .net "out_row", 2 0, v000002365f0ca1b0_0;  1 drivers
v000002365f0cb010_0 .net "out_valid", 0 0, v000002365f0ca7f0_0;  1 drivers
v000002365f0cb5b0_0 .var "p", 153 0;
v000002365f0cbc90 .array "pattern", 100 0, 153 0;
v000002365f0cb650_0 .var "rst_n", 0 0;
v000002365f0cb6f0_0 .var/i "single_error", 31 0;
E_000002365f0c7970 .event negedge, v000002365f0ca430_0;
E_000002365f0c6cf0 .event negedge, v000002365f0ca7f0_0;
E_000002365f0c7370 .event anyedge, v000002365f0ca1b0_0, v000002365f0ca9d0_0;
S_000002365f029c20 .scope module, "u_RIM" "RIM" 2 25, 3 3 0, S_000002365f0b2d80;
 .timescale -9 -12;
    .port_info 0 /OUTPUT 1 "out_valid";
    .port_info 1 /OUTPUT 3 "out_row";
    .port_info 2 /OUTPUT 3 "out_col";
    .port_info 3 /INPUT 8 "maze";
    .port_info 4 /INPUT 1 "clk";
    .port_info 5 /INPUT 1 "rst_n";
    .port_info 6 /INPUT 1 "in_valid";
P_000002365f029db0 .param/l "DONE" 0 3 13, C4<10>;
P_000002365f029de8 .param/l "IDLE" 0 3 13, C4<00>;
P_000002365f029e20 .param/l "SEARCH" 0 3 13, C4<01>;
v000002365f0cb150_0 .var "Q", 1 0;
v000002365f0ca6b0_0 .var "Q_NEXT", 1 0;
v000002365f0cb290_0 .var "back_flag", 0 0;
v000002365f0ca430_0 .net "clk", 0 0, v000002365f0c9fd0_0;  1 drivers
v000002365f0cad90_0 .var "count_ans", 3 0;
v000002365f0ca110_0 .var "count_fold", 3 0;
v000002365f0cacf0_0 .var/i "in_count", 31 0;
v000002365f0cac50_0 .net "in_valid", 0 0, v000002365f0cb510_0;  1 drivers
v000002365f0ca570_0 .net "maze", 7 0, v000002365f0cbbf0_0;  1 drivers
v000002365f0ca610_0 .var "now_col", 2 0;
v000002365f0cbab0_0 .var "now_row", 2 0;
v000002365f0ca9d0_0 .var "out_col", 2 0;
v000002365f0caa70_0 .var/i "out_count", 31 0;
v000002365f0ca1b0_0 .var "out_row", 2 0;
v000002365f0ca7f0_0 .var "out_valid", 0 0;
v000002365f0cae30_0 .net "rst_n", 0 0, v000002365f0cb650_0;  1 drivers
v000002365f0cb1f0 .array "store_ans_col", 14 0, 2 0;
v000002365f0cbb50 .array "store_ans_row", 14 0, 2 0;
v000002365f0caf70 .array "store_fold_col", 8 0, 2 0;
v000002365f0ca890 .array "store_fold_row", 8 0, 2 0;
v000002365f0ca930 .array "store_maze", 7 0, 7 0;
E_000002365f0c6c70/0 .event negedge, v000002365f0cae30_0;
E_000002365f0c6c70/1 .event posedge, v000002365f0ca430_0;
E_000002365f0c6c70 .event/or E_000002365f0c6c70/0, E_000002365f0c6c70/1;
E_000002365f0c79b0/0 .event anyedge, v000002365f0cb150_0, v000002365f0cac50_0, v000002365f0cacf0_0, v000002365f0cbab0_0;
E_000002365f0c79b0/1 .event anyedge, v000002365f0ca610_0, v000002365f0caa70_0;
E_000002365f0c79b0 .event/or E_000002365f0c79b0/0, E_000002365f0c79b0/1;
    .scope S_000002365f029c20;
T_0 ;
    %wait E_000002365f0c6c70;
    %load/vec4 v000002365f0cae30_0;
    %nor/r;
    %flag_set/vec4 8;
    %jmp/0xz  T_0.0, 8;
    %pushi/vec4 0, 0, 2;
    %assign/vec4 v000002365f0cb150_0, 0;
    %jmp T_0.1;
T_0.0 ;
    %load/vec4 v000002365f0ca6b0_0;
    %assign/vec4 v000002365f0cb150_0, 0;
T_0.1 ;
    %jmp T_0;
    .thread T_0;
    .scope S_000002365f029c20;
T_1 ;
    %wait E_000002365f0c79b0;
    %load/vec4 v000002365f0cb150_0;
    %dup/vec4;
    %pushi/vec4 0, 0, 2;
    %cmp/u;
    %jmp/1 T_1.0, 6;
    %dup/vec4;
    %pushi/vec4 1, 0, 2;
    %cmp/u;
    %jmp/1 T_1.1, 6;
    %dup/vec4;
    %pushi/vec4 2, 0, 2;
    %cmp/u;
    %jmp/1 T_1.2, 6;
    %pushi/vec4 0, 0, 2;
    %store/vec4 v000002365f0ca6b0_0, 0, 2;
    %jmp T_1.4;
T_1.0 ;
    %load/vec4 v000002365f0cac50_0;
    %nor/r;
    %pushi/vec4 7, 0, 32;
    %load/vec4 v000002365f0cacf0_0;
    %cmp/s;
    %flag_get/vec4 5;
    %and;
    %flag_set/vec4 8;
    %jmp/0xz  T_1.5, 8;
    %pushi/vec4 1, 0, 2;
    %store/vec4 v000002365f0ca6b0_0, 0, 2;
    %jmp T_1.6;
T_1.5 ;
    %pushi/vec4 0, 0, 2;
    %store/vec4 v000002365f0ca6b0_0, 0, 2;
T_1.6 ;
    %jmp T_1.4;
T_1.1 ;
    %load/vec4 v000002365f0cbab0_0;
    %pad/u 32;
    %pushi/vec4 7, 0, 32;
    %cmp/e;
    %flag_get/vec4 4;
    %load/vec4 v000002365f0ca610_0;
    %pad/u 32;
    %pushi/vec4 0, 0, 32;
    %cmp/e;
    %flag_get/vec4 4;
    %and;
    %nor/r;
    %flag_set/vec4 8;
    %jmp/0xz  T_1.7, 8;
    %pushi/vec4 1, 0, 2;
    %store/vec4 v000002365f0ca6b0_0, 0, 2;
    %jmp T_1.8;
T_1.7 ;
    %pushi/vec4 2, 0, 2;
    %store/vec4 v000002365f0ca6b0_0, 0, 2;
T_1.8 ;
    %jmp T_1.4;
T_1.2 ;
    %load/vec4 v000002365f0caa70_0;
    %cmpi/s 14, 0, 32;
    %jmp/0xz  T_1.9, 5;
    %pushi/vec4 2, 0, 2;
    %store/vec4 v000002365f0ca6b0_0, 0, 2;
    %jmp T_1.10;
T_1.9 ;
    %pushi/vec4 0, 0, 2;
    %store/vec4 v000002365f0ca6b0_0, 0, 2;
T_1.10 ;
    %jmp T_1.4;
T_1.4 ;
    %pop/vec4 1;
    %jmp T_1;
    .thread T_1, $push;
    .scope S_000002365f029c20;
T_2 ;
    %wait E_000002365f0c6c70;
    %load/vec4 v000002365f0cae30_0;
    %nor/r;
    %flag_set/vec4 8;
    %jmp/0xz  T_2.0, 8;
    %pushi/vec4 0, 0, 32;
    %assign/vec4 v000002365f0cacf0_0, 0;
    %pushi/vec4 0, 0, 3;
    %assign/vec4 v000002365f0ca1b0_0, 0;
    %pushi/vec4 0, 0, 3;
    %assign/vec4 v000002365f0ca9d0_0, 0;
    %pushi/vec4 0, 0, 32;
    %assign/vec4 v000002365f0caa70_0, 0;
    %pushi/vec4 0, 0, 1;
    %assign/vec4 v000002365f0cb290_0, 0;
    %pushi/vec4 7, 0, 3;
    %assign/vec4 v000002365f0ca610_0, 0;
    %pushi/vec4 0, 0, 3;
    %assign/vec4 v000002365f0cbab0_0, 0;
    %pushi/vec4 0, 0, 1;
    %assign/vec4 v000002365f0ca7f0_0, 0;
    %pushi/vec4 0, 0, 4;
    %assign/vec4 v000002365f0ca110_0, 0;
    %pushi/vec4 0, 0, 4;
    %assign/vec4 v000002365f0cad90_0, 0;
    %jmp T_2.1;
T_2.0 ;
    %load/vec4 v000002365f0cb150_0;
    %dup/vec4;
    %pushi/vec4 0, 0, 2;
    %cmp/u;
    %jmp/1 T_2.2, 6;
    %dup/vec4;
    %pushi/vec4 1, 0, 2;
    %cmp/u;
    %jmp/1 T_2.3, 6;
    %dup/vec4;
    %pushi/vec4 2, 0, 2;
    %cmp/u;
    %jmp/1 T_2.4, 6;
    %jmp T_2.5;
T_2.2 ;
    %pushi/vec4 0, 0, 32;
    %assign/vec4 v000002365f0cacf0_0, 0;
    %pushi/vec4 0, 0, 3;
    %assign/vec4 v000002365f0ca1b0_0, 0;
    %pushi/vec4 0, 0, 3;
    %assign/vec4 v000002365f0ca9d0_0, 0;
    %pushi/vec4 0, 0, 32;
    %assign/vec4 v000002365f0caa70_0, 0;
    %pushi/vec4 0, 0, 1;
    %assign/vec4 v000002365f0cb290_0, 0;
    %pushi/vec4 7, 0, 3;
    %assign/vec4 v000002365f0ca610_0, 0;
    %pushi/vec4 0, 0, 3;
    %assign/vec4 v000002365f0cbab0_0, 0;
    %pushi/vec4 0, 0, 1;
    %assign/vec4 v000002365f0ca7f0_0, 0;
    %pushi/vec4 0, 0, 4;
    %assign/vec4 v000002365f0ca110_0, 0;
    %pushi/vec4 0, 0, 4;
    %assign/vec4 v000002365f0cad90_0, 0;
    %load/vec4 v000002365f0cae30_0;
    %nor/r;
    %flag_set/vec4 8;
    %jmp/0xz  T_2.6, 8;
    %pushi/vec4 0, 0, 32;
    %assign/vec4 v000002365f0cacf0_0, 0;
    %jmp T_2.7;
T_2.6 ;
    %load/vec4 v000002365f0cac50_0;
    %flag_set/vec4 8;
    %jmp/0xz  T_2.8, 8;
    %load/vec4 v000002365f0ca570_0;
    %ix/getv/s 3, v000002365f0cacf0_0;
    %ix/load 4, 0, 0; Constant delay
    %assign/vec4/a/d v000002365f0ca930, 0, 4;
    %load/vec4 v000002365f0cacf0_0;
    %addi 1, 0, 32;
    %assign/vec4 v000002365f0cacf0_0, 0;
    %jmp T_2.9;
T_2.8 ;
    %pushi/vec4 0, 0, 32;
    %assign/vec4 v000002365f0cacf0_0, 0;
T_2.9 ;
T_2.7 ;
    %jmp T_2.5;
T_2.3 ;
    %load/vec4 v000002365f0cbab0_0;
    %load/vec4 v000002365f0cad90_0;
    %pad/u 6;
    %ix/vec4 3;
    %ix/load 4, 0, 0; Constant delay
    %assign/vec4/a/d v000002365f0cbb50, 0, 4;
    %load/vec4 v000002365f0ca610_0;
    %load/vec4 v000002365f0cad90_0;
    %pad/u 6;
    %ix/vec4 3;
    %ix/load 4, 0, 0; Constant delay
    %assign/vec4/a/d v000002365f0cb1f0, 0, 4;
    %load/vec4 v000002365f0cb290_0;
    %nor/r;
    %flag_set/vec4 8;
    %jmp/0xz  T_2.10, 8;
    %load/vec4 v000002365f0cbab0_0;
    %pad/u 32;
    %addi 1, 0, 32;
    %cmpi/u 8, 0, 32;
    %flag_get/vec4 5;
    %load/vec4 v000002365f0cbab0_0;
    %pad/u 33;
    %addi 1, 0, 33;
    %ix/vec4 4;
    %load/vec4a v000002365f0ca930, 4;
    %load/vec4 v000002365f0ca610_0;
    %part/u 1;
    %and;
    %flag_set/vec4 8;
    %jmp/0xz  T_2.12, 8;
    %load/vec4 v000002365f0cbab0_0;
    %addi 1, 0, 3;
    %assign/vec4 v000002365f0cbab0_0, 0;
    %jmp T_2.13;
T_2.12 ;
    %pushi/vec4 0, 0, 32;
    %load/vec4 v000002365f0ca610_0;
    %pad/u 32;
    %subi 1, 0, 32;
    %cmp/u;
    %flag_get/vec4 4;
    %flag_get/vec4 5;
    %or;
    %load/vec4 v000002365f0cbab0_0;
    %pad/u 5;
    %ix/vec4 4;
    %load/vec4a v000002365f0ca930, 4;
    %load/vec4 v000002365f0ca610_0;
    %pad/u 32;
    %subi 1, 0, 32;
    %part/u 1;
    %and;
    %flag_set/vec4 8;
    %jmp/0xz  T_2.14, 8;
    %load/vec4 v000002365f0ca610_0;
    %subi 1, 0, 3;
    %assign/vec4 v000002365f0ca610_0, 0;
    %jmp T_2.15;
T_2.14 ;
    %pushi/vec4 1, 0, 1;
    %assign/vec4 v000002365f0cb290_0, 0;
    %load/vec4 v000002365f0ca110_0;
    %pad/u 32;
    %cmpi/u 0, 0, 32;
    %flag_or 5, 4; GT is !LE
    %flag_inv 5;
    %jmp/0xz  T_2.16, 5;
    %load/vec4 v000002365f0ca110_0;
    %pad/u 33;
    %subi 1, 0, 33;
    %ix/vec4 4;
    %load/vec4a v000002365f0ca890, 4;
    %assign/vec4 v000002365f0cbab0_0, 0;
    %load/vec4 v000002365f0ca110_0;
    %pad/u 33;
    %subi 1, 0, 33;
    %ix/vec4 4;
    %load/vec4a v000002365f0caf70, 4;
    %assign/vec4 v000002365f0ca610_0, 0;
    %load/vec4 v000002365f0ca110_0;
    %subi 1, 0, 4;
    %assign/vec4 v000002365f0ca110_0, 0;
T_2.16 ;
T_2.15 ;
T_2.13 ;
    %load/vec4 v000002365f0cbab0_0;
    %pad/u 32;
    %cmpi/u 8, 0, 32;
    %flag_get/vec4 5;
    %pushi/vec4 0, 0, 32;
    %load/vec4 v000002365f0ca610_0;
    %pad/u 32;
    %cmp/u;
    %flag_get/vec4 5;
    %and;
    %load/vec4 v000002365f0cbab0_0;
    %pad/u 33;
    %addi 1, 0, 33;
    %ix/vec4 4;
    %load/vec4a v000002365f0ca930, 4;
    %load/vec4 v000002365f0ca610_0;
    %part/u 1;
    %and;
    %load/vec4 v000002365f0cbab0_0;
    %pad/u 5;
    %ix/vec4 4;
    %load/vec4a v000002365f0ca930, 4;
    %load/vec4 v000002365f0ca610_0;
    %pad/u 32;
    %subi 1, 0, 32;
    %part/u 1;
    %and;
    %flag_set/vec4 8;
    %jmp/0xz  T_2.18, 8;
    %load/vec4 v000002365f0cbab0_0;
    %load/vec4 v000002365f0ca110_0;
    %pad/u 5;
    %ix/vec4 3;
    %ix/load 4, 0, 0; Constant delay
    %assign/vec4/a/d v000002365f0ca890, 0, 4;
    %load/vec4 v000002365f0ca610_0;
    %load/vec4 v000002365f0ca110_0;
    %pad/u 5;
    %ix/vec4 3;
    %ix/load 4, 0, 0; Constant delay
    %assign/vec4/a/d v000002365f0caf70, 0, 4;
    %load/vec4 v000002365f0ca110_0;
    %addi 1, 0, 4;
    %assign/vec4 v000002365f0ca110_0, 0;
T_2.18 ;
    %jmp T_2.11;
T_2.10 ;
    %pushi/vec4 0, 0, 32;
    %load/vec4 v000002365f0ca610_0;
    %pad/u 32;
    %subi 1, 0, 32;
    %cmp/u;
    %flag_get/vec4 4;
    %flag_get/vec4 5;
    %or;
    %load/vec4 v000002365f0cbab0_0;
    %pad/u 5;
    %ix/vec4 4;
    %load/vec4a v000002365f0ca930, 4;
    %load/vec4 v000002365f0ca610_0;
    %pad/u 32;
    %subi 1, 0, 32;
    %part/u 1;
    %and;
    %flag_set/vec4 8;
    %jmp/0xz  T_2.20, 8;
    %load/vec4 v000002365f0ca610_0;
    %subi 1, 0, 3;
    %assign/vec4 v000002365f0ca610_0, 0;
    %pushi/vec4 0, 0, 1;
    %assign/vec4 v000002365f0cb290_0, 0;
T_2.20 ;
T_2.11 ;
    %load/vec4 v000002365f0cb290_0;
    %flag_set/vec4 8;
    %jmp/0xz  T_2.22, 8;
    %load/vec4 v000002365f0cad90_0;
    %load/vec4 v000002365f0cad90_0;
    %pad/u 33;
    %subi 1, 0, 33;
    %ix/vec4 4;
    %load/vec4a v000002365f0cbb50, 4;
    %pad/u 4;
    %load/vec4 v000002365f0cbab0_0;
    %pad/u 4;
    %sub;
    %sub;
    %load/vec4 v000002365f0ca610_0;
    %pad/u 4;
    %load/vec4 v000002365f0cad90_0;
    %pad/u 33;
    %subi 1, 0, 33;
    %ix/vec4 4;
    %load/vec4a v000002365f0cb1f0, 4;
    %pad/u 4;
    %sub;
    %sub;
    %assign/vec4 v000002365f0cad90_0, 0;
    %jmp T_2.23;
T_2.22 ;
    %load/vec4 v000002365f0cad90_0;
    %addi 1, 0, 4;
    %assign/vec4 v000002365f0cad90_0, 0;
T_2.23 ;
    %jmp T_2.5;
T_2.4 ;
    %pushi/vec4 1, 0, 1;
    %assign/vec4 v000002365f0ca7f0_0, 0;
    %ix/getv/s 4, v000002365f0caa70_0;
    %load/vec4a v000002365f0cb1f0, 4;
    %assign/vec4 v000002365f0ca1b0_0, 0;
    %ix/getv/s 4, v000002365f0caa70_0;
    %load/vec4a v000002365f0cbb50, 4;
    %assign/vec4 v000002365f0ca9d0_0, 0;
    %load/vec4 v000002365f0caa70_0;
    %addi 1, 0, 32;
    %assign/vec4 v000002365f0caa70_0, 0;
    %jmp T_2.5;
T_2.5 ;
    %pop/vec4 1;
T_2.1 ;
    %jmp T_2;
    .thread T_2;
    .scope S_000002365f0b2d80;
T_3 ;
    %pushi/vec4 0, 0, 8;
    %store/vec4 v000002365f0cbbf0_0, 0, 8;
    %pushi/vec4 0, 0, 1;
    %store/vec4 v000002365f0c9fd0_0, 0, 1;
    %pushi/vec4 1, 0, 1;
    %store/vec4 v000002365f0cb650_0, 0, 1;
    %pushi/vec4 0, 0, 1;
    %store/vec4 v000002365f0cb510_0, 0, 1;
    %end;
    .thread T_3;
    .scope S_000002365f0b2d80;
T_4 ;
    %pushi/vec4 0, 0, 1;
    %store/vec4 v000002365f0c9fd0_0, 0, 1;
    %delay 10000, 0;
    %pushi/vec4 0, 0, 1;
    %store/vec4 v000002365f0cb650_0, 0, 1;
    %delay 10000, 0;
    %pushi/vec4 1, 0, 1;
    %store/vec4 v000002365f0cb650_0, 0, 1;
    %pushi/vec4 0, 0, 32;
    %store/vec4 v000002365f0cb3d0_0, 0, 32;
    %pushi/vec4 0, 0, 32;
    %store/vec4 v000002365f0cb6f0_0, 0, 32;
    %pushi/vec4 0, 0, 1;
    %store/vec4 v000002365f0cb510_0, 0, 1;
T_4.0 ;
    %delay 5000, 0;
    %load/vec4 v000002365f0c9fd0_0;
    %inv;
    %store/vec4 v000002365f0c9fd0_0, 0, 1;
    %jmp T_4.0;
    %end;
    .thread T_4;
    .scope S_000002365f0b2d80;
T_5 ;
    %vpi_call 2 48 "$readmemb", "C:\134Users\134USER\134Desktop\134verilog_Exercise\134RIM\134Pattern.dat", v000002365f0cbc90 {0 0 0};
    %pushi/vec4 0, 0, 1;
    %store/vec4 v000002365f0cb650_0, 0, 1;
    %delay 20000, 0;
    %pushi/vec4 1, 0, 1;
    %store/vec4 v000002365f0cb650_0, 0, 1;
    %pushi/vec4 0, 0, 32;
    %store/vec4 v000002365f0cb0b0_0, 0, 32;
T_5.0 ;
    %load/vec4 v000002365f0cb0b0_0;
    %cmpi/s 100, 0, 32;
    %jmp/0xz T_5.1, 5;
    %ix/getv/s 4, v000002365f0cb0b0_0;
    %load/vec4a v000002365f0cbc90, 4;
    %store/vec4 v000002365f0cb5b0_0, 0, 154;
    %wait E_000002365f0c7970;
    %pushi/vec4 1, 0, 1;
    %store/vec4 v000002365f0cb510_0, 0, 1;
    %load/vec4 v000002365f0cb5b0_0;
    %parti/s 8, 146, 9;
    %store/vec4 v000002365f0cbbf0_0, 0, 8;
    %wait E_000002365f0c7970;
    %load/vec4 v000002365f0cb5b0_0;
    %parti/s 8, 138, 9;
    %store/vec4 v000002365f0cbbf0_0, 0, 8;
    %wait E_000002365f0c7970;
    %load/vec4 v000002365f0cb5b0_0;
    %parti/s 8, 130, 9;
    %store/vec4 v000002365f0cbbf0_0, 0, 8;
    %wait E_000002365f0c7970;
    %load/vec4 v000002365f0cb5b0_0;
    %parti/s 8, 122, 8;
    %store/vec4 v000002365f0cbbf0_0, 0, 8;
    %wait E_000002365f0c7970;
    %load/vec4 v000002365f0cb5b0_0;
    %parti/s 8, 114, 8;
    %store/vec4 v000002365f0cbbf0_0, 0, 8;
    %wait E_000002365f0c7970;
    %load/vec4 v000002365f0cb5b0_0;
    %parti/s 8, 106, 8;
    %store/vec4 v000002365f0cbbf0_0, 0, 8;
    %wait E_000002365f0c7970;
    %load/vec4 v000002365f0cb5b0_0;
    %parti/s 8, 98, 8;
    %store/vec4 v000002365f0cbbf0_0, 0, 8;
    %wait E_000002365f0c7970;
    %load/vec4 v000002365f0cb5b0_0;
    %parti/s 8, 90, 8;
    %store/vec4 v000002365f0cbbf0_0, 0, 8;
    %wait E_000002365f0c7970;
    %pushi/vec4 0, 0, 1;
    %store/vec4 v000002365f0cb510_0, 0, 1;
    %pushi/vec4 255, 255, 8;
    %store/vec4 v000002365f0cbbf0_0, 0, 8;
    %wait E_000002365f0c7370;
    %load/vec4 v000002365f0ca250_0;
    %load/vec4 v000002365f0cb5b0_0;
    %parti/s 3, 87, 8;
    %cmp/ne;
    %flag_get/vec4 6;
    %load/vec4 v000002365f0cba10_0;
    %load/vec4 v000002365f0cb5b0_0;
    %parti/s 3, 42, 7;
    %cmp/ne;
    %flag_get/vec4 6;
    %and;
    %flag_set/vec4 8;
    %jmp/0xz  T_5.2, 8;
    %vpi_call 2 86 "$display", "out_col == %d , out_row ==%d", v000002365f0ca250_0, v000002365f0cba10_0 {0 0 0};
    %vpi_call 2 87 "$display", "out_col!== %d , out_row!==%d", &PV<v000002365f0cb5b0_0, 87, 3>, &PV<v000002365f0cb5b0_0, 42, 3> {0 0 0};
    %load/vec4 v000002365f0cb6f0_0;
    %addi 1, 0, 32;
    %store/vec4 v000002365f0cb6f0_0, 0, 32;
T_5.2 ;
    %wait E_000002365f0c7370;
    %load/vec4 v000002365f0ca250_0;
    %load/vec4 v000002365f0cb5b0_0;
    %parti/s 3, 84, 8;
    %cmp/ne;
    %flag_get/vec4 6;
    %load/vec4 v000002365f0cba10_0;
    %load/vec4 v000002365f0cb5b0_0;
    %parti/s 3, 39, 7;
    %cmp/ne;
    %flag_get/vec4 6;
    %and;
    %flag_set/vec4 8;
    %jmp/0xz  T_5.4, 8;
    %vpi_call 2 92 "$display", "out_col == %d , out_row ==%d", v000002365f0ca250_0, v000002365f0cba10_0 {0 0 0};
    %vpi_call 2 93 "$display", "out_col!== %d , out_row!==%d", &PV<v000002365f0cb5b0_0, 84, 3>, &PV<v000002365f0cb5b0_0, 39, 3> {0 0 0};
    %load/vec4 v000002365f0cb6f0_0;
    %addi 1, 0, 32;
    %store/vec4 v000002365f0cb6f0_0, 0, 32;
T_5.4 ;
    %wait E_000002365f0c7370;
    %load/vec4 v000002365f0ca250_0;
    %load/vec4 v000002365f0cb5b0_0;
    %parti/s 3, 81, 8;
    %cmp/ne;
    %flag_get/vec4 6;
    %load/vec4 v000002365f0cba10_0;
    %load/vec4 v000002365f0cb5b0_0;
    %parti/s 3, 36, 7;
    %cmp/ne;
    %flag_get/vec4 6;
    %and;
    %flag_set/vec4 8;
    %jmp/0xz  T_5.6, 8;
    %vpi_call 2 98 "$display", "out_col == %d , out_row ==%d", v000002365f0ca250_0, v000002365f0cba10_0 {0 0 0};
    %vpi_call 2 99 "$display", "out_col!== %d , out_row!==%d", &PV<v000002365f0cb5b0_0, 81, 3>, &PV<v000002365f0cb5b0_0, 36, 3> {0 0 0};
    %load/vec4 v000002365f0cb6f0_0;
    %addi 1, 0, 32;
    %store/vec4 v000002365f0cb6f0_0, 0, 32;
T_5.6 ;
    %wait E_000002365f0c7370;
    %load/vec4 v000002365f0ca250_0;
    %load/vec4 v000002365f0cb5b0_0;
    %parti/s 3, 78, 8;
    %cmp/ne;
    %flag_get/vec4 6;
    %load/vec4 v000002365f0cba10_0;
    %load/vec4 v000002365f0cb5b0_0;
    %parti/s 3, 33, 7;
    %cmp/ne;
    %flag_get/vec4 6;
    %and;
    %flag_set/vec4 8;
    %jmp/0xz  T_5.8, 8;
    %vpi_call 2 104 "$display", "out_col == %d , out_row ==%d", v000002365f0ca250_0, v000002365f0cba10_0 {0 0 0};
    %vpi_call 2 105 "$display", "out_col!== %d , out_row!==%d", &PV<v000002365f0cb5b0_0, 78, 3>, &PV<v000002365f0cb5b0_0, 33, 3> {0 0 0};
    %load/vec4 v000002365f0cb6f0_0;
    %addi 1, 0, 32;
    %store/vec4 v000002365f0cb6f0_0, 0, 32;
T_5.8 ;
    %wait E_000002365f0c7370;
    %load/vec4 v000002365f0ca250_0;
    %load/vec4 v000002365f0cb5b0_0;
    %parti/s 3, 75, 8;
    %cmp/ne;
    %flag_get/vec4 6;
    %load/vec4 v000002365f0cba10_0;
    %load/vec4 v000002365f0cb5b0_0;
    %parti/s 3, 30, 6;
    %cmp/ne;
    %flag_get/vec4 6;
    %and;
    %flag_set/vec4 8;
    %jmp/0xz  T_5.10, 8;
    %vpi_call 2 110 "$display", "out_col == %d , out_row ==%d", v000002365f0ca250_0, v000002365f0cba10_0 {0 0 0};
    %vpi_call 2 111 "$display", "out_col!== %d , out_row!==%d", &PV<v000002365f0cb5b0_0, 75, 3>, &PV<v000002365f0cb5b0_0, 30, 3> {0 0 0};
    %load/vec4 v000002365f0cb6f0_0;
    %addi 1, 0, 32;
    %store/vec4 v000002365f0cb6f0_0, 0, 32;
T_5.10 ;
    %wait E_000002365f0c7370;
    %load/vec4 v000002365f0ca250_0;
    %load/vec4 v000002365f0cb5b0_0;
    %parti/s 3, 72, 8;
    %cmp/ne;
    %flag_get/vec4 6;
    %load/vec4 v000002365f0cba10_0;
    %load/vec4 v000002365f0cb5b0_0;
    %parti/s 3, 27, 6;
    %cmp/ne;
    %flag_get/vec4 6;
    %and;
    %flag_set/vec4 8;
    %jmp/0xz  T_5.12, 8;
    %vpi_call 2 116 "$display", "out_col == %d , out_row ==%d", v000002365f0ca250_0, v000002365f0cba10_0 {0 0 0};
    %vpi_call 2 117 "$display", "out_col!== %d , out_row!==%d", &PV<v000002365f0cb5b0_0, 72, 3>, &PV<v000002365f0cb5b0_0, 27, 3> {0 0 0};
    %load/vec4 v000002365f0cb6f0_0;
    %addi 1, 0, 32;
    %store/vec4 v000002365f0cb6f0_0, 0, 32;
T_5.12 ;
    %wait E_000002365f0c7370;
    %load/vec4 v000002365f0ca250_0;
    %load/vec4 v000002365f0cb5b0_0;
    %parti/s 3, 69, 8;
    %cmp/ne;
    %flag_get/vec4 6;
    %load/vec4 v000002365f0cba10_0;
    %load/vec4 v000002365f0cb5b0_0;
    %parti/s 3, 24, 6;
    %cmp/ne;
    %flag_get/vec4 6;
    %and;
    %flag_set/vec4 8;
    %jmp/0xz  T_5.14, 8;
    %vpi_call 2 122 "$display", "out_col == %d , out_row ==%d", v000002365f0ca250_0, v000002365f0cba10_0 {0 0 0};
    %vpi_call 2 123 "$display", "out_col!== %d , out_row!==%d", &PV<v000002365f0cb5b0_0, 69, 3>, &PV<v000002365f0cb5b0_0, 24, 3> {0 0 0};
    %load/vec4 v000002365f0cb6f0_0;
    %addi 1, 0, 32;
    %store/vec4 v000002365f0cb6f0_0, 0, 32;
T_5.14 ;
    %wait E_000002365f0c7370;
    %load/vec4 v000002365f0ca250_0;
    %load/vec4 v000002365f0cb5b0_0;
    %parti/s 3, 66, 8;
    %cmp/ne;
    %flag_get/vec4 6;
    %load/vec4 v000002365f0cba10_0;
    %load/vec4 v000002365f0cb5b0_0;
    %parti/s 3, 21, 6;
    %cmp/ne;
    %flag_get/vec4 6;
    %and;
    %flag_set/vec4 8;
    %jmp/0xz  T_5.16, 8;
    %vpi_call 2 128 "$display", "out_col == %d , out_row ==%d", v000002365f0ca250_0, v000002365f0cba10_0 {0 0 0};
    %vpi_call 2 129 "$display", "out_col!== %d , out_row!==%d", &PV<v000002365f0cb5b0_0, 66, 3>, &PV<v000002365f0cb5b0_0, 21, 3> {0 0 0};
    %load/vec4 v000002365f0cb6f0_0;
    %addi 1, 0, 32;
    %store/vec4 v000002365f0cb6f0_0, 0, 32;
T_5.16 ;
    %wait E_000002365f0c7370;
    %load/vec4 v000002365f0ca250_0;
    %load/vec4 v000002365f0cb5b0_0;
    %parti/s 3, 63, 7;
    %cmp/ne;
    %flag_get/vec4 6;
    %load/vec4 v000002365f0cba10_0;
    %load/vec4 v000002365f0cb5b0_0;
    %parti/s 3, 18, 6;
    %cmp/ne;
    %flag_get/vec4 6;
    %and;
    %flag_set/vec4 8;
    %jmp/0xz  T_5.18, 8;
    %vpi_call 2 134 "$display", "out_col == %d , out_row ==%d", v000002365f0ca250_0, v000002365f0cba10_0 {0 0 0};
    %vpi_call 2 135 "$display", "out_col!== %d , out_row!==%d", &PV<v000002365f0cb5b0_0, 63, 3>, &PV<v000002365f0cb5b0_0, 18, 3> {0 0 0};
    %load/vec4 v000002365f0cb6f0_0;
    %addi 1, 0, 32;
    %store/vec4 v000002365f0cb6f0_0, 0, 32;
T_5.18 ;
    %wait E_000002365f0c7370;
    %load/vec4 v000002365f0ca250_0;
    %load/vec4 v000002365f0cb5b0_0;
    %parti/s 3, 60, 7;
    %cmp/ne;
    %flag_get/vec4 6;
    %load/vec4 v000002365f0cba10_0;
    %load/vec4 v000002365f0cb5b0_0;
    %parti/s 3, 15, 5;
    %cmp/ne;
    %flag_get/vec4 6;
    %and;
    %flag_set/vec4 8;
    %jmp/0xz  T_5.20, 8;
    %vpi_call 2 140 "$display", "out_col == %d , out_row ==%d", v000002365f0ca250_0, v000002365f0cba10_0 {0 0 0};
    %vpi_call 2 141 "$display", "out_col!== %d , out_row!==%d", &PV<v000002365f0cb5b0_0, 60, 3>, &PV<v000002365f0cb5b0_0, 15, 3> {0 0 0};
    %load/vec4 v000002365f0cb6f0_0;
    %addi 1, 0, 32;
    %store/vec4 v000002365f0cb6f0_0, 0, 32;
T_5.20 ;
    %wait E_000002365f0c7370;
    %load/vec4 v000002365f0ca250_0;
    %load/vec4 v000002365f0cb5b0_0;
    %parti/s 3, 57, 7;
    %cmp/ne;
    %flag_get/vec4 6;
    %load/vec4 v000002365f0cba10_0;
    %load/vec4 v000002365f0cb5b0_0;
    %parti/s 3, 12, 5;
    %cmp/ne;
    %flag_get/vec4 6;
    %and;
    %flag_set/vec4 8;
    %jmp/0xz  T_5.22, 8;
    %vpi_call 2 146 "$display", "out_col == %d , out_row ==%d", v000002365f0ca250_0, v000002365f0cba10_0 {0 0 0};
    %vpi_call 2 147 "$display", "out_col!== %d , out_row!==%d", &PV<v000002365f0cb5b0_0, 57, 3>, &PV<v000002365f0cb5b0_0, 12, 3> {0 0 0};
    %load/vec4 v000002365f0cb6f0_0;
    %addi 1, 0, 32;
    %store/vec4 v000002365f0cb6f0_0, 0, 32;
T_5.22 ;
    %wait E_000002365f0c7370;
    %load/vec4 v000002365f0ca250_0;
    %load/vec4 v000002365f0cb5b0_0;
    %parti/s 3, 54, 7;
    %cmp/ne;
    %flag_get/vec4 6;
    %load/vec4 v000002365f0cba10_0;
    %load/vec4 v000002365f0cb5b0_0;
    %parti/s 3, 9, 5;
    %cmp/ne;
    %flag_get/vec4 6;
    %and;
    %flag_set/vec4 8;
    %jmp/0xz  T_5.24, 8;
    %vpi_call 2 152 "$display", "out_col == %d , out_row ==%d", v000002365f0ca250_0, v000002365f0cba10_0 {0 0 0};
    %vpi_call 2 153 "$display", "out_col!== %d , out_row!==%d", &PV<v000002365f0cb5b0_0, 54, 3>, &PV<v000002365f0cb5b0_0, 9, 3> {0 0 0};
    %load/vec4 v000002365f0cb6f0_0;
    %addi 1, 0, 32;
    %store/vec4 v000002365f0cb6f0_0, 0, 32;
T_5.24 ;
    %wait E_000002365f0c7370;
    %load/vec4 v000002365f0ca250_0;
    %load/vec4 v000002365f0cb5b0_0;
    %parti/s 3, 51, 7;
    %cmp/ne;
    %flag_get/vec4 6;
    %load/vec4 v000002365f0cba10_0;
    %load/vec4 v000002365f0cb5b0_0;
    %parti/s 3, 6, 4;
    %cmp/ne;
    %flag_get/vec4 6;
    %and;
    %flag_set/vec4 8;
    %jmp/0xz  T_5.26, 8;
    %vpi_call 2 158 "$display", "out_col == %d , out_row ==%d", v000002365f0ca250_0, v000002365f0cba10_0 {0 0 0};
    %vpi_call 2 159 "$display", "out_col!== %d , out_row!==%d", &PV<v000002365f0cb5b0_0, 51, 3>, &PV<v000002365f0cb5b0_0, 6, 3> {0 0 0};
    %load/vec4 v000002365f0cb6f0_0;
    %addi 1, 0, 32;
    %store/vec4 v000002365f0cb6f0_0, 0, 32;
T_5.26 ;
    %wait E_000002365f0c7370;
    %load/vec4 v000002365f0ca250_0;
    %load/vec4 v000002365f0cb5b0_0;
    %parti/s 3, 48, 7;
    %cmp/ne;
    %flag_get/vec4 6;
    %load/vec4 v000002365f0cba10_0;
    %load/vec4 v000002365f0cb5b0_0;
    %parti/s 3, 3, 3;
    %cmp/ne;
    %flag_get/vec4 6;
    %and;
    %flag_set/vec4 8;
    %jmp/0xz  T_5.28, 8;
    %vpi_call 2 164 "$display", "out_col == %d , out_row ==%d", v000002365f0ca250_0, v000002365f0cba10_0 {0 0 0};
    %vpi_call 2 165 "$display", "out_col!== %d , out_row!==%d", &PV<v000002365f0cb5b0_0, 48, 3>, &PV<v000002365f0cb5b0_0, 3, 3> {0 0 0};
    %load/vec4 v000002365f0cb6f0_0;
    %addi 1, 0, 32;
    %store/vec4 v000002365f0cb6f0_0, 0, 32;
T_5.28 ;
    %wait E_000002365f0c7370;
    %load/vec4 v000002365f0ca250_0;
    %load/vec4 v000002365f0cb5b0_0;
    %parti/s 3, 45, 7;
    %cmp/ne;
    %flag_get/vec4 6;
    %load/vec4 v000002365f0cba10_0;
    %load/vec4 v000002365f0cb5b0_0;
    %parti/s 3, 0, 2;
    %cmp/ne;
    %flag_get/vec4 6;
    %and;
    %flag_set/vec4 8;
    %jmp/0xz  T_5.30, 8;
    %vpi_call 2 170 "$display", "out_col == %d , out_row ==%d", v000002365f0ca250_0, v000002365f0cba10_0 {0 0 0};
    %vpi_call 2 171 "$display", "out_col!== %d , out_row!==%d", &PV<v000002365f0cb5b0_0, 45, 3>, &PV<v000002365f0cb5b0_0, 0, 3> {0 0 0};
    %load/vec4 v000002365f0cb6f0_0;
    %addi 1, 0, 32;
    %store/vec4 v000002365f0cb6f0_0, 0, 32;
T_5.30 ;
    %wait E_000002365f0c6cf0;
    %wait E_000002365f0c7970;
    %wait E_000002365f0c7970;
    %load/vec4 v000002365f0cb0b0_0;
    %addi 1, 0, 32;
    %store/vec4 v000002365f0cb0b0_0, 0, 32;
    %jmp T_5.0;
T_5.1 ;
    %vpi_call 2 181 "$finish" {0 0 0};
    %end;
    .thread T_5;
# The file index is used to find the file name in the following table.
:file_names 4;
    "N/A";
    "<interactive>";
    "RIM_tb.v";
    "./RIM.v";
