#! /c/Source/iverilog-install/bin/vvp
:ivl_version "12.0 (devel)" "(s20150603-1110-g18392a46)";
:ivl_delay_selection "TYPICAL";
:vpi_time_precision - 12;
:vpi_module "C:\iverilog\lib\ivl\system.vpi";
:vpi_module "C:\iverilog\lib\ivl\vhdl_sys.vpi";
:vpi_module "C:\iverilog\lib\ivl\vhdl_textio.vpi";
:vpi_module "C:\iverilog\lib\ivl\v2005_math.vpi";
:vpi_module "C:\iverilog\lib\ivl\va_math.vpi";
S_0000021077d743d0 .scope module, "tb_Calc" "tb_Calc" 2 3;
 .timescale -9 -12;
v0000021077e011b0_0 .net "Calc_Id_out0", 9 0, v0000021077d43330_0;  1 drivers
v0000021077e012f0_0 .net "Calc_Id_out1", 9 0, v0000021077d42ef0_0;  1 drivers
v0000021077e014d0_0 .net "Calc_Id_out2", 9 0, v0000021077d9c0c0_0;  1 drivers
v0000021077e01390_0 .net "Calc_Id_out3", 9 0, v0000021077d746f0_0;  1 drivers
v0000021077e016b0_0 .net "Calc_Id_out4", 9 0, v0000021077d8c0c0_0;  1 drivers
v0000021077e01750_0 .net "Calc_Id_out5", 9 0, v0000021077d8c160_0;  1 drivers
v0000021077e02e00_0 .net "Calc_gm_out0", 9 0, v0000021077d8c200_0;  1 drivers
v0000021077e022c0_0 .net "Calc_gm_out1", 9 0, v0000021077d8c2a0_0;  1 drivers
v0000021077e02680_0 .net "Calc_gm_out2", 9 0, v0000021077da63b0_0;  1 drivers
v0000021077e036c0_0 .net "Calc_gm_out3", 9 0, v0000021077da6450_0;  1 drivers
v0000021077e03b20_0 .net "Calc_gm_out4", 9 0, v0000021077da64f0_0;  1 drivers
v0000021077e03760_0 .net "Calc_gm_out5", 9 0, v0000021077e01570_0;  1 drivers
v0000021077e03bc0_0 .var "Vds0", 2 0;
v0000021077e04020_0 .var "Vds1", 2 0;
v0000021077e03300_0 .var "Vds2", 2 0;
v0000021077e038a0_0 .var "Vds3", 2 0;
v0000021077e03580_0 .var "Vds4", 2 0;
v0000021077e027c0_0 .var "Vds5", 2 0;
v0000021077e03080_0 .var "Vgs0", 2 0;
v0000021077e03a80_0 .var "Vgs1", 2 0;
v0000021077e034e0_0 .var "Vgs2", 2 0;
v0000021077e03940_0 .var "Vgs3", 2 0;
v0000021077e02400_0 .var "Vgs4", 2 0;
v0000021077e02ea0_0 .var "Vgs5", 2 0;
v0000021077e03d00_0 .var "W0", 2 0;
v0000021077e03120_0 .var "W1", 2 0;
v0000021077e02fe0_0 .var "W2", 2 0;
v0000021077e03f80_0 .var "W3", 2 0;
v0000021077e02c20_0 .var "W4", 2 0;
v0000021077e02720_0 .var "W5", 2 0;
v0000021077e02a40_0 .var "clk", 0 0;
v0000021077e03c60_0 .var "reset", 0 0;
S_0000021077d74560 .scope module, "u_Calc" "Calc" 2 41, 3 23 0, S_0000021077d743d0;
 .timescale -9 -12;
    .port_info 0 /OUTPUT 10 "Calc_Id_out0";
    .port_info 1 /OUTPUT 10 "Calc_Id_out1";
    .port_info 2 /OUTPUT 10 "Calc_Id_out2";
    .port_info 3 /OUTPUT 10 "Calc_Id_out3";
    .port_info 4 /OUTPUT 10 "Calc_Id_out4";
    .port_info 5 /OUTPUT 10 "Calc_Id_out5";
    .port_info 6 /OUTPUT 10 "Calc_gm_out0";
    .port_info 7 /OUTPUT 10 "Calc_gm_out1";
    .port_info 8 /OUTPUT 10 "Calc_gm_out2";
    .port_info 9 /OUTPUT 10 "Calc_gm_out3";
    .port_info 10 /OUTPUT 10 "Calc_gm_out4";
    .port_info 11 /OUTPUT 10 "Calc_gm_out5";
    .port_info 12 /INPUT 3 "Vgs0";
    .port_info 13 /INPUT 3 "Vgs1";
    .port_info 14 /INPUT 3 "Vgs2";
    .port_info 15 /INPUT 3 "Vgs3";
    .port_info 16 /INPUT 3 "Vgs4";
    .port_info 17 /INPUT 3 "Vgs5";
    .port_info 18 /INPUT 3 "Vds0";
    .port_info 19 /INPUT 3 "Vds1";
    .port_info 20 /INPUT 3 "Vds2";
    .port_info 21 /INPUT 3 "Vds3";
    .port_info 22 /INPUT 3 "Vds4";
    .port_info 23 /INPUT 3 "Vds5";
    .port_info 24 /INPUT 3 "W0";
    .port_info 25 /INPUT 3 "W1";
    .port_info 26 /INPUT 3 "W2";
    .port_info 27 /INPUT 3 "W3";
    .port_info 28 /INPUT 3 "W4";
    .port_info 29 /INPUT 3 "W5";
v0000021077d43330_0 .var "Calc_Id_out0", 9 0;
v0000021077d42ef0_0 .var "Calc_Id_out1", 9 0;
v0000021077d9c0c0_0 .var "Calc_Id_out2", 9 0;
v0000021077d746f0_0 .var "Calc_Id_out3", 9 0;
v0000021077d8c0c0_0 .var "Calc_Id_out4", 9 0;
v0000021077d8c160_0 .var "Calc_Id_out5", 9 0;
v0000021077d8c200_0 .var "Calc_gm_out0", 9 0;
v0000021077d8c2a0_0 .var "Calc_gm_out1", 9 0;
v0000021077da63b0_0 .var "Calc_gm_out2", 9 0;
v0000021077da6450_0 .var "Calc_gm_out3", 9 0;
v0000021077da64f0_0 .var "Calc_gm_out4", 9 0;
v0000021077e01570_0 .var "Calc_gm_out5", 9 0;
v0000021077e01610_0 .net "Vds0", 2 0, v0000021077e03bc0_0;  1 drivers
v0000021077e017f0_0 .net "Vds1", 2 0, v0000021077e04020_0;  1 drivers
v0000021077e01890_0 .net "Vds2", 2 0, v0000021077e03300_0;  1 drivers
v0000021077e01930_0 .net "Vds3", 2 0, v0000021077e038a0_0;  1 drivers
v0000021077e019d0_0 .net "Vds4", 2 0, v0000021077e03580_0;  1 drivers
v0000021077e01a70_0 .net "Vds5", 2 0, v0000021077e027c0_0;  1 drivers
v0000021077e01c50_0 .net "Vgs0", 2 0, v0000021077e03080_0;  1 drivers
v0000021077e01070_0 .net "Vgs1", 2 0, v0000021077e03a80_0;  1 drivers
v0000021077e01b10_0 .net "Vgs2", 2 0, v0000021077e034e0_0;  1 drivers
v0000021077e01bb0_0 .net "Vgs3", 2 0, v0000021077e03940_0;  1 drivers
v0000021077e01cf0_0 .net "Vgs4", 2 0, v0000021077e02400_0;  1 drivers
v0000021077e01d90_0 .net "Vgs5", 2 0, v0000021077e02ea0_0;  1 drivers
v0000021077e01e30_0 .net "W0", 2 0, v0000021077e03d00_0;  1 drivers
v0000021077e01ed0_0 .net "W1", 2 0, v0000021077e03120_0;  1 drivers
v0000021077e01430_0 .net "W2", 2 0, v0000021077e02fe0_0;  1 drivers
v0000021077e01f70_0 .net "W3", 2 0, v0000021077e03f80_0;  1 drivers
v0000021077e01250_0 .net "W4", 2 0, v0000021077e02c20_0;  1 drivers
v0000021077e01110_0 .net "W5", 2 0, v0000021077e02720_0;  1 drivers
E_0000021077da17a0 .event anyedge, v0000021077e01d90_0, v0000021077e01a70_0, v0000021077e01110_0;
E_0000021077da1e60 .event anyedge, v0000021077e01cf0_0, v0000021077e019d0_0, v0000021077e01250_0;
E_0000021077da16e0 .event anyedge, v0000021077e01bb0_0, v0000021077e01930_0, v0000021077e01f70_0;
E_0000021077da19a0 .event anyedge, v0000021077e01b10_0, v0000021077e01890_0, v0000021077e01430_0;
E_0000021077da1ee0 .event anyedge, v0000021077e01070_0, v0000021077e017f0_0, v0000021077e01ed0_0;
E_0000021077da1f20 .event anyedge, v0000021077e01c50_0, v0000021077e01610_0, v0000021077e01e30_0;
    .scope S_0000021077d74560;
T_0 ;
    %wait E_0000021077da1f20;
    %load/vec4 v0000021077e01610_0;
    %pad/u 32;
    %load/vec4 v0000021077e01c50_0;
    %pad/u 32;
    %subi 1, 0, 32;
    %cmp/u;
    %jmp/0xz  T_0.0, 5;
    %load/vec4 v0000021077e01e30_0;
    %pad/u 32;
    %load/vec4 v0000021077e01c50_0;
    %pad/u 32;
    %subi 1, 0, 32;
    %muli 2, 0, 32;
    %load/vec4 v0000021077e01610_0;
    %pad/u 32;
    %mul;
    %load/vec4 v0000021077e01610_0;
    %pad/u 32;
    %load/vec4 v0000021077e01610_0;
    %pad/u 32;
    %mul;
    %sub;
    %mul;
    %pushi/vec4 3, 0, 32;
    %div;
    %pad/u 10;
    %store/vec4 v0000021077d43330_0, 0, 10;
    %load/vec4 v0000021077e01e30_0;
    %pad/u 32;
    %load/vec4 v0000021077e01610_0;
    %pad/u 32;
    %mul;
    %muli 2, 0, 32;
    %pushi/vec4 3, 0, 32;
    %div;
    %pad/u 10;
    %store/vec4 v0000021077d8c200_0, 0, 10;
    %jmp T_0.1;
T_0.0 ;
    %load/vec4 v0000021077e01e30_0;
    %pad/u 32;
    %load/vec4 v0000021077e01c50_0;
    %pad/u 32;
    %subi 1, 0, 32;
    %mul;
    %load/vec4 v0000021077e01c50_0;
    %pad/u 32;
    %subi 1, 0, 32;
    %mul;
    %pushi/vec4 3, 0, 32;
    %div;
    %pad/u 10;
    %store/vec4 v0000021077d43330_0, 0, 10;
    %load/vec4 v0000021077e01e30_0;
    %pad/u 32;
    %load/vec4 v0000021077e01c50_0;
    %pad/u 32;
    %subi 1, 0, 32;
    %mul;
    %muli 2, 0, 32;
    %pushi/vec4 3, 0, 32;
    %div;
    %pad/u 10;
    %store/vec4 v0000021077d8c200_0, 0, 10;
T_0.1 ;
    %jmp T_0;
    .thread T_0, $push;
    .scope S_0000021077d74560;
T_1 ;
    %wait E_0000021077da1ee0;
    %load/vec4 v0000021077e017f0_0;
    %pad/u 32;
    %load/vec4 v0000021077e01070_0;
    %pad/u 32;
    %subi 1, 0, 32;
    %cmp/u;
    %jmp/0xz  T_1.0, 5;
    %load/vec4 v0000021077e01ed0_0;
    %pad/u 32;
    %load/vec4 v0000021077e01070_0;
    %pad/u 32;
    %subi 1, 0, 32;
    %muli 2, 0, 32;
    %load/vec4 v0000021077e017f0_0;
    %pad/u 32;
    %mul;
    %load/vec4 v0000021077e017f0_0;
    %pad/u 32;
    %load/vec4 v0000021077e017f0_0;
    %pad/u 32;
    %mul;
    %sub;
    %mul;
    %pushi/vec4 3, 0, 32;
    %div;
    %pad/u 10;
    %store/vec4 v0000021077d42ef0_0, 0, 10;
    %load/vec4 v0000021077e01ed0_0;
    %pad/u 32;
    %load/vec4 v0000021077e017f0_0;
    %pad/u 32;
    %mul;
    %muli 2, 0, 32;
    %pushi/vec4 3, 0, 32;
    %div;
    %pad/u 10;
    %store/vec4 v0000021077d8c2a0_0, 0, 10;
    %jmp T_1.1;
T_1.0 ;
    %load/vec4 v0000021077e01ed0_0;
    %pad/u 32;
    %load/vec4 v0000021077e01070_0;
    %pad/u 32;
    %subi 1, 0, 32;
    %mul;
    %load/vec4 v0000021077e01070_0;
    %pad/u 32;
    %subi 1, 0, 32;
    %mul;
    %pushi/vec4 3, 0, 32;
    %div;
    %pad/u 10;
    %store/vec4 v0000021077d42ef0_0, 0, 10;
    %load/vec4 v0000021077e01ed0_0;
    %pad/u 32;
    %load/vec4 v0000021077e01070_0;
    %pad/u 32;
    %subi 1, 0, 32;
    %mul;
    %muli 2, 0, 32;
    %pushi/vec4 3, 0, 32;
    %div;
    %pad/u 10;
    %store/vec4 v0000021077d8c2a0_0, 0, 10;
T_1.1 ;
    %jmp T_1;
    .thread T_1, $push;
    .scope S_0000021077d74560;
T_2 ;
    %wait E_0000021077da19a0;
    %load/vec4 v0000021077e01890_0;
    %pad/u 32;
    %load/vec4 v0000021077e01b10_0;
    %pad/u 32;
    %subi 1, 0, 32;
    %cmp/u;
    %jmp/0xz  T_2.0, 5;
    %load/vec4 v0000021077e01430_0;
    %pad/u 32;
    %load/vec4 v0000021077e01b10_0;
    %pad/u 32;
    %subi 1, 0, 32;
    %muli 2, 0, 32;
    %load/vec4 v0000021077e01890_0;
    %pad/u 32;
    %mul;
    %load/vec4 v0000021077e01890_0;
    %pad/u 32;
    %load/vec4 v0000021077e01890_0;
    %pad/u 32;
    %mul;
    %sub;
    %mul;
    %pushi/vec4 3, 0, 32;
    %div;
    %pad/u 10;
    %store/vec4 v0000021077d9c0c0_0, 0, 10;
    %load/vec4 v0000021077e01430_0;
    %pad/u 32;
    %load/vec4 v0000021077e01890_0;
    %pad/u 32;
    %mul;
    %muli 2, 0, 32;
    %pushi/vec4 3, 0, 32;
    %div;
    %pad/u 10;
    %store/vec4 v0000021077da63b0_0, 0, 10;
    %jmp T_2.1;
T_2.0 ;
    %load/vec4 v0000021077e01430_0;
    %pad/u 32;
    %load/vec4 v0000021077e01b10_0;
    %pad/u 32;
    %subi 1, 0, 32;
    %mul;
    %load/vec4 v0000021077e01b10_0;
    %pad/u 32;
    %subi 1, 0, 32;
    %mul;
    %pushi/vec4 3, 0, 32;
    %div;
    %pad/u 10;
    %store/vec4 v0000021077d9c0c0_0, 0, 10;
    %load/vec4 v0000021077e01430_0;
    %pad/u 32;
    %load/vec4 v0000021077e01b10_0;
    %pad/u 32;
    %subi 1, 0, 32;
    %mul;
    %muli 2, 0, 32;
    %pushi/vec4 3, 0, 32;
    %div;
    %pad/u 10;
    %store/vec4 v0000021077da63b0_0, 0, 10;
T_2.1 ;
    %jmp T_2;
    .thread T_2, $push;
    .scope S_0000021077d74560;
T_3 ;
    %wait E_0000021077da16e0;
    %load/vec4 v0000021077e01930_0;
    %pad/u 32;
    %load/vec4 v0000021077e01bb0_0;
    %pad/u 32;
    %subi 1, 0, 32;
    %cmp/u;
    %jmp/0xz  T_3.0, 5;
    %load/vec4 v0000021077e01f70_0;
    %pad/u 32;
    %load/vec4 v0000021077e01bb0_0;
    %pad/u 32;
    %subi 1, 0, 32;
    %muli 2, 0, 32;
    %load/vec4 v0000021077e01930_0;
    %pad/u 32;
    %mul;
    %load/vec4 v0000021077e01930_0;
    %pad/u 32;
    %load/vec4 v0000021077e01930_0;
    %pad/u 32;
    %mul;
    %sub;
    %mul;
    %pushi/vec4 3, 0, 32;
    %div;
    %pad/u 10;
    %store/vec4 v0000021077d746f0_0, 0, 10;
    %load/vec4 v0000021077e01f70_0;
    %pad/u 32;
    %load/vec4 v0000021077e01930_0;
    %pad/u 32;
    %mul;
    %muli 2, 0, 32;
    %pushi/vec4 3, 0, 32;
    %div;
    %pad/u 10;
    %store/vec4 v0000021077da6450_0, 0, 10;
    %jmp T_3.1;
T_3.0 ;
    %load/vec4 v0000021077e01f70_0;
    %pad/u 32;
    %load/vec4 v0000021077e01bb0_0;
    %pad/u 32;
    %subi 1, 0, 32;
    %mul;
    %load/vec4 v0000021077e01bb0_0;
    %pad/u 32;
    %subi 1, 0, 32;
    %mul;
    %pushi/vec4 3, 0, 32;
    %div;
    %pad/u 10;
    %store/vec4 v0000021077d746f0_0, 0, 10;
    %load/vec4 v0000021077e01f70_0;
    %pad/u 32;
    %load/vec4 v0000021077e01bb0_0;
    %pad/u 32;
    %subi 1, 0, 32;
    %mul;
    %muli 2, 0, 32;
    %pushi/vec4 3, 0, 32;
    %div;
    %pad/u 10;
    %store/vec4 v0000021077da6450_0, 0, 10;
T_3.1 ;
    %jmp T_3;
    .thread T_3, $push;
    .scope S_0000021077d74560;
T_4 ;
    %wait E_0000021077da1e60;
    %load/vec4 v0000021077e019d0_0;
    %pad/u 32;
    %load/vec4 v0000021077e01cf0_0;
    %pad/u 32;
    %subi 1, 0, 32;
    %cmp/u;
    %jmp/0xz  T_4.0, 5;
    %load/vec4 v0000021077e01250_0;
    %pad/u 32;
    %load/vec4 v0000021077e01cf0_0;
    %pad/u 32;
    %subi 1, 0, 32;
    %muli 2, 0, 32;
    %load/vec4 v0000021077e019d0_0;
    %pad/u 32;
    %mul;
    %load/vec4 v0000021077e019d0_0;
    %pad/u 32;
    %load/vec4 v0000021077e019d0_0;
    %pad/u 32;
    %mul;
    %sub;
    %mul;
    %pushi/vec4 3, 0, 32;
    %div;
    %pad/u 10;
    %store/vec4 v0000021077d8c0c0_0, 0, 10;
    %load/vec4 v0000021077e01250_0;
    %pad/u 32;
    %load/vec4 v0000021077e019d0_0;
    %pad/u 32;
    %mul;
    %muli 2, 0, 32;
    %pushi/vec4 3, 0, 32;
    %div;
    %pad/u 10;
    %store/vec4 v0000021077da64f0_0, 0, 10;
    %jmp T_4.1;
T_4.0 ;
    %load/vec4 v0000021077e01250_0;
    %pad/u 32;
    %load/vec4 v0000021077e01cf0_0;
    %pad/u 32;
    %subi 1, 0, 32;
    %mul;
    %load/vec4 v0000021077e01cf0_0;
    %pad/u 32;
    %subi 1, 0, 32;
    %mul;
    %pushi/vec4 3, 0, 32;
    %div;
    %pad/u 10;
    %store/vec4 v0000021077d8c0c0_0, 0, 10;
    %load/vec4 v0000021077e01250_0;
    %pad/u 32;
    %load/vec4 v0000021077e01cf0_0;
    %pad/u 32;
    %subi 1, 0, 32;
    %mul;
    %muli 2, 0, 32;
    %pushi/vec4 3, 0, 32;
    %div;
    %pad/u 10;
    %store/vec4 v0000021077da64f0_0, 0, 10;
T_4.1 ;
    %jmp T_4;
    .thread T_4, $push;
    .scope S_0000021077d74560;
T_5 ;
    %wait E_0000021077da17a0;
    %load/vec4 v0000021077e01a70_0;
    %pad/u 32;
    %load/vec4 v0000021077e01d90_0;
    %pad/u 32;
    %subi 1, 0, 32;
    %cmp/u;
    %jmp/0xz  T_5.0, 5;
    %load/vec4 v0000021077e01110_0;
    %pad/u 32;
    %load/vec4 v0000021077e01d90_0;
    %pad/u 32;
    %subi 1, 0, 32;
    %muli 2, 0, 32;
    %load/vec4 v0000021077e01a70_0;
    %pad/u 32;
    %mul;
    %load/vec4 v0000021077e01a70_0;
    %pad/u 32;
    %load/vec4 v0000021077e01a70_0;
    %pad/u 32;
    %mul;
    %sub;
    %mul;
    %pushi/vec4 3, 0, 32;
    %div;
    %pad/u 10;
    %store/vec4 v0000021077d8c160_0, 0, 10;
    %load/vec4 v0000021077e01110_0;
    %pad/u 32;
    %load/vec4 v0000021077e01a70_0;
    %pad/u 32;
    %mul;
    %muli 2, 0, 32;
    %pushi/vec4 3, 0, 32;
    %div;
    %pad/u 10;
    %store/vec4 v0000021077e01570_0, 0, 10;
    %jmp T_5.1;
T_5.0 ;
    %load/vec4 v0000021077e01110_0;
    %pad/u 32;
    %load/vec4 v0000021077e01d90_0;
    %pad/u 32;
    %subi 1, 0, 32;
    %mul;
    %load/vec4 v0000021077e01d90_0;
    %pad/u 32;
    %subi 1, 0, 32;
    %mul;
    %pushi/vec4 3, 0, 32;
    %div;
    %pad/u 10;
    %store/vec4 v0000021077d8c160_0, 0, 10;
    %load/vec4 v0000021077e01110_0;
    %pad/u 32;
    %load/vec4 v0000021077e01d90_0;
    %pad/u 32;
    %subi 1, 0, 32;
    %mul;
    %muli 2, 0, 32;
    %pushi/vec4 3, 0, 32;
    %div;
    %pad/u 10;
    %store/vec4 v0000021077e01570_0, 0, 10;
T_5.1 ;
    %jmp T_5;
    .thread T_5, $push;
    .scope S_0000021077d743d0;
T_6 ;
    %pushi/vec4 0, 0, 3;
    %store/vec4 v0000021077e03080_0, 0, 3;
    %pushi/vec4 0, 0, 3;
    %store/vec4 v0000021077e03a80_0, 0, 3;
    %pushi/vec4 0, 0, 3;
    %store/vec4 v0000021077e034e0_0, 0, 3;
    %pushi/vec4 0, 0, 3;
    %store/vec4 v0000021077e03940_0, 0, 3;
    %pushi/vec4 0, 0, 3;
    %store/vec4 v0000021077e02400_0, 0, 3;
    %pushi/vec4 0, 0, 3;
    %store/vec4 v0000021077e02ea0_0, 0, 3;
    %pushi/vec4 0, 0, 3;
    %store/vec4 v0000021077e03bc0_0, 0, 3;
    %pushi/vec4 0, 0, 3;
    %store/vec4 v0000021077e04020_0, 0, 3;
    %pushi/vec4 0, 0, 3;
    %store/vec4 v0000021077e03300_0, 0, 3;
    %pushi/vec4 0, 0, 3;
    %store/vec4 v0000021077e038a0_0, 0, 3;
    %pushi/vec4 0, 0, 3;
    %store/vec4 v0000021077e03580_0, 0, 3;
    %pushi/vec4 0, 0, 3;
    %store/vec4 v0000021077e027c0_0, 0, 3;
    %pushi/vec4 0, 0, 3;
    %store/vec4 v0000021077e03d00_0, 0, 3;
    %pushi/vec4 0, 0, 3;
    %store/vec4 v0000021077e03120_0, 0, 3;
    %pushi/vec4 0, 0, 3;
    %store/vec4 v0000021077e02fe0_0, 0, 3;
    %pushi/vec4 0, 0, 3;
    %store/vec4 v0000021077e03f80_0, 0, 3;
    %pushi/vec4 0, 0, 3;
    %store/vec4 v0000021077e02c20_0, 0, 3;
    %pushi/vec4 0, 0, 3;
    %store/vec4 v0000021077e02720_0, 0, 3;
    %pushi/vec4 0, 0, 1;
    %store/vec4 v0000021077e02a40_0, 0, 1;
    %pushi/vec4 1, 0, 1;
    %store/vec4 v0000021077e03c60_0, 0, 1;
    %end;
    .thread T_6;
    .scope S_0000021077d743d0;
T_7 ;
    %pushi/vec4 5, 0, 3;
    %store/vec4 v0000021077e03080_0, 0, 3;
    %pushi/vec4 2, 0, 3;
    %store/vec4 v0000021077e03a80_0, 0, 3;
    %pushi/vec4 6, 0, 3;
    %store/vec4 v0000021077e034e0_0, 0, 3;
    %pushi/vec4 4, 0, 3;
    %store/vec4 v0000021077e03940_0, 0, 3;
    %pushi/vec4 5, 0, 3;
    %store/vec4 v0000021077e02400_0, 0, 3;
    %pushi/vec4 7, 0, 3;
    %store/vec4 v0000021077e02ea0_0, 0, 3;
    %pushi/vec4 6, 0, 3;
    %store/vec4 v0000021077e03bc0_0, 0, 3;
    %pushi/vec4 6, 0, 3;
    %store/vec4 v0000021077e04020_0, 0, 3;
    %pushi/vec4 7, 0, 3;
    %store/vec4 v0000021077e03300_0, 0, 3;
    %pushi/vec4 2, 0, 3;
    %store/vec4 v0000021077e038a0_0, 0, 3;
    %pushi/vec4 3, 0, 3;
    %store/vec4 v0000021077e03580_0, 0, 3;
    %pushi/vec4 6, 0, 3;
    %store/vec4 v0000021077e027c0_0, 0, 3;
    %pushi/vec4 7, 0, 3;
    %store/vec4 v0000021077e03d00_0, 0, 3;
    %pushi/vec4 7, 0, 3;
    %store/vec4 v0000021077e03120_0, 0, 3;
    %pushi/vec4 3, 0, 3;
    %store/vec4 v0000021077e02fe0_0, 0, 3;
    %pushi/vec4 1, 0, 3;
    %store/vec4 v0000021077e03f80_0, 0, 3;
    %pushi/vec4 4, 0, 3;
    %store/vec4 v0000021077e02c20_0, 0, 3;
    %pushi/vec4 6, 0, 3;
    %store/vec4 v0000021077e02720_0, 0, 3;
    %delay 10000, 0;
    %vpi_call 2 97 "$display", "Test 1 gm Ans : gm0=%d, gm1=%d, gm2=%d, gm3=%d, gm4=%d, gm5=%d", v0000021077e02e00_0, v0000021077e022c0_0, v0000021077e02680_0, v0000021077e036c0_0, v0000021077e03b20_0, v0000021077e03760_0 {0 0 0};
    %vpi_call 2 98 "$display", "Test 1 Id Ans : Id0=%d, Id1=%d, Id2=%d, Id3=%d, Id4=%d, Id5=%d", v0000021077e011b0_0, v0000021077e012f0_0, v0000021077e014d0_0, v0000021077e01390_0, v0000021077e016b0_0, v0000021077e01750_0 {0 0 0};
    %vpi_call 2 101 "$finish" {0 0 0};
    %end;
    .thread T_7;
# The file index is used to find the file name in the following table.
:file_names 4;
    "N/A";
    "<interactive>";
    "Calc_tb.v";
    "./Calc.v";
