#! /c/Source/iverilog-install/bin/vvp
:ivl_version "12.0 (devel)" "(s20150603-1110-g18392a46)";
:ivl_delay_selection "TYPICAL";
:vpi_time_precision - 12;
:vpi_module "C:\iverilog\lib\ivl\system.vpi";
:vpi_module "C:\iverilog\lib\ivl\vhdl_sys.vpi";
:vpi_module "C:\iverilog\lib\ivl\vhdl_textio.vpi";
:vpi_module "C:\iverilog\lib\ivl\v2005_math.vpi";
:vpi_module "C:\iverilog\lib\ivl\va_math.vpi";
S_0000029b97dc2df0 .scope module, "Calc" "Calc" 2 23;
 .timescale -9 -12;
    .port_info 0 /OUTPUT 3 "Calc_Id_out0";
    .port_info 1 /OUTPUT 3 "Calc_Id_out1";
    .port_info 2 /OUTPUT 3 "Calc_Id_out2";
    .port_info 3 /OUTPUT 3 "Calc_Id_out3";
    .port_info 4 /OUTPUT 3 "Calc_Id_out4";
    .port_info 5 /OUTPUT 3 "Calc_Id_out5";
    .port_info 6 /OUTPUT 3 "Calc_gm_out0";
    .port_info 7 /OUTPUT 3 "Calc_gm_out1";
    .port_info 8 /OUTPUT 3 "Calc_gm_out2";
    .port_info 9 /OUTPUT 3 "Calc_gm_out3";
    .port_info 10 /OUTPUT 3 "Calc_gm_out4";
    .port_info 11 /OUTPUT 3 "Calc_gm_out5";
    .port_info 12 /INPUT 3 "Vgs0";
    .port_info 13 /INPUT 3 "Vgs1";
    .port_info 14 /INPUT 3 "Vgs2";
    .port_info 15 /INPUT 3 "Vgs3";
    .port_info 16 /INPUT 3 "Vgs4";
    .port_info 17 /INPUT 3 "Vgs5";
    .port_info 18 /INPUT 3 "Vds0";
    .port_info 19 /INPUT 3 "Vds1";
    .port_info 20 /INPUT 3 "Vds2";
    .port_info 21 /INPUT 3 "Vds3";
    .port_info 22 /INPUT 3 "Vds4";
    .port_info 23 /INPUT 3 "Vds5";
    .port_info 24 /INPUT 3 "W0";
    .port_info 25 /INPUT 3 "W1";
    .port_info 26 /INPUT 3 "W2";
    .port_info 27 /INPUT 3 "W3";
    .port_info 28 /INPUT 3 "W4";
    .port_info 29 /INPUT 3 "W5";
v0000029b97dc3520_0 .var "Calc_Id_out0", 2 0;
v0000029b97cdbc40_0 .var "Calc_Id_out1", 2 0;
v0000029b97df4310_0 .var "Calc_Id_out2", 2 0;
v0000029b97df43b0_0 .var "Calc_Id_out3", 2 0;
v0000029b97df4450_0 .var "Calc_Id_out4", 2 0;
v0000029b97df4d00_0 .var "Calc_Id_out5", 2 0;
v0000029b97df4da0_0 .var "Calc_gm_out0", 2 0;
v0000029b97df4e40_0 .var "Calc_gm_out1", 2 0;
v0000029b97df4ee0_0 .var "Calc_gm_out2", 2 0;
v0000029b97df4f80_0 .var "Calc_gm_out3", 2 0;
v0000029b97df5020_0 .var "Calc_gm_out4", 2 0;
v0000029b97e5c5b0_0 .var "Calc_gm_out5", 2 0;
o0000029b97e0e1f8 .functor BUFZ 3, C4<zzz>; HiZ drive
v0000029b97e5c3d0_0 .net "Vds0", 2 0, o0000029b97e0e1f8;  0 drivers
o0000029b97e0e228 .functor BUFZ 3, C4<zzz>; HiZ drive
v0000029b97e5b890_0 .net "Vds1", 2 0, o0000029b97e0e228;  0 drivers
o0000029b97e0e258 .functor BUFZ 3, C4<zzz>; HiZ drive
v0000029b97e5c010_0 .net "Vds2", 2 0, o0000029b97e0e258;  0 drivers
o0000029b97e0e288 .functor BUFZ 3, C4<zzz>; HiZ drive
v0000029b97e5bc50_0 .net "Vds3", 2 0, o0000029b97e0e288;  0 drivers
o0000029b97e0e2b8 .functor BUFZ 3, C4<zzz>; HiZ drive
v0000029b97e5b930_0 .net "Vds4", 2 0, o0000029b97e0e2b8;  0 drivers
o0000029b97e0e2e8 .functor BUFZ 3, C4<zzz>; HiZ drive
v0000029b97e5bcf0_0 .net "Vds5", 2 0, o0000029b97e0e2e8;  0 drivers
o0000029b97e0e318 .functor BUFZ 3, C4<zzz>; HiZ drive
v0000029b97e5be30_0 .net "Vgs0", 2 0, o0000029b97e0e318;  0 drivers
o0000029b97e0e348 .functor BUFZ 3, C4<zzz>; HiZ drive
v0000029b97e5c1f0_0 .net "Vgs1", 2 0, o0000029b97e0e348;  0 drivers
o0000029b97e0e378 .functor BUFZ 3, C4<zzz>; HiZ drive
v0000029b97e5c290_0 .net "Vgs2", 2 0, o0000029b97e0e378;  0 drivers
o0000029b97e0e3a8 .functor BUFZ 3, C4<zzz>; HiZ drive
v0000029b97e5c6f0_0 .net "Vgs3", 2 0, o0000029b97e0e3a8;  0 drivers
o0000029b97e0e3d8 .functor BUFZ 3, C4<zzz>; HiZ drive
v0000029b97e5c650_0 .net "Vgs4", 2 0, o0000029b97e0e3d8;  0 drivers
o0000029b97e0e408 .functor BUFZ 3, C4<zzz>; HiZ drive
v0000029b97e5c330_0 .net "Vgs5", 2 0, o0000029b97e0e408;  0 drivers
o0000029b97e0e438 .functor BUFZ 3, C4<zzz>; HiZ drive
v0000029b97e5c790_0 .net "W0", 2 0, o0000029b97e0e438;  0 drivers
o0000029b97e0e468 .functor BUFZ 3, C4<zzz>; HiZ drive
v0000029b97e5b9d0_0 .net "W1", 2 0, o0000029b97e0e468;  0 drivers
o0000029b97e0e498 .functor BUFZ 3, C4<zzz>; HiZ drive
v0000029b97e5ba70_0 .net "W2", 2 0, o0000029b97e0e498;  0 drivers
o0000029b97e0e4c8 .functor BUFZ 3, C4<zzz>; HiZ drive
v0000029b97e5bb10_0 .net "W3", 2 0, o0000029b97e0e4c8;  0 drivers
o0000029b97e0e4f8 .functor BUFZ 3, C4<zzz>; HiZ drive
v0000029b97e5c510_0 .net "W4", 2 0, o0000029b97e0e4f8;  0 drivers
o0000029b97e0e528 .functor BUFZ 3, C4<zzz>; HiZ drive
v0000029b97e5c470_0 .net "W5", 2 0, o0000029b97e0e528;  0 drivers
E_0000029b97dee640 .event anyedge, v0000029b97e5c330_0, v0000029b97e5bcf0_0, v0000029b97e5c470_0;
E_0000029b97dee780 .event anyedge, v0000029b97e5c650_0, v0000029b97e5b930_0, v0000029b97e5c510_0;
E_0000029b97dee7c0 .event anyedge, v0000029b97e5c6f0_0, v0000029b97e5bc50_0, v0000029b97e5bb10_0;
E_0000029b97dee100 .event anyedge, v0000029b97e5c290_0, v0000029b97e5c010_0, v0000029b97e5ba70_0;
E_0000029b97dede40 .event anyedge, v0000029b97e5c1f0_0, v0000029b97e5b890_0, v0000029b97e5b9d0_0;
E_0000029b97dee280 .event anyedge, v0000029b97e5be30_0, v0000029b97e5c3d0_0, v0000029b97e5c790_0;
    .scope S_0000029b97dc2df0;
T_0 ;
    %wait E_0000029b97dee280;
    %load/vec4 v0000029b97e5c3d0_0;
    %pad/u 32;
    %load/vec4 v0000029b97e5be30_0;
    %pad/u 32;
    %subi 1, 0, 32;
    %cmp/u;
    %jmp/0xz  T_0.0, 5;
    %load/vec4 v0000029b97e5c790_0;
    %pad/u 32;
    %muli 2, 0, 32;
    %load/vec4 v0000029b97e5be30_0;
    %pad/u 32;
    %subi 1, 0, 32;
    %mul;
    %load/vec4 v0000029b97e5c3d0_0;
    %pad/u 32;
    %mul;
    %load/vec4 v0000029b97e5c3d0_0;
    %pad/u 32;
    %load/vec4 v0000029b97e5c3d0_0;
    %pad/u 32;
    %mul;
    %sub;
    %pushi/vec4 3, 0, 32;
    %div;
    %pad/u 3;
    %store/vec4 v0000029b97dc3520_0, 0, 3;
    %load/vec4 v0000029b97e5c790_0;
    %pad/u 32;
    %load/vec4 v0000029b97e5c3d0_0;
    %pad/u 32;
    %mul;
    %muli 2, 0, 32;
    %pushi/vec4 3, 0, 32;
    %div;
    %pad/u 3;
    %store/vec4 v0000029b97df4da0_0, 0, 3;
    %jmp T_0.1;
T_0.0 ;
    %load/vec4 v0000029b97e5c790_0;
    %pad/u 32;
    %load/vec4 v0000029b97e5be30_0;
    %pad/u 32;
    %subi 1, 0, 32;
    %mul;
    %load/vec4 v0000029b97e5be30_0;
    %pad/u 32;
    %subi 1, 0, 32;
    %mul;
    %pushi/vec4 3, 0, 32;
    %div;
    %pad/u 3;
    %store/vec4 v0000029b97dc3520_0, 0, 3;
    %load/vec4 v0000029b97e5c790_0;
    %pad/u 32;
    %load/vec4 v0000029b97e5be30_0;
    %pad/u 32;
    %subi 1, 0, 32;
    %mul;
    %muli 2, 0, 32;
    %pushi/vec4 3, 0, 32;
    %div;
    %pad/u 3;
    %store/vec4 v0000029b97df4da0_0, 0, 3;
T_0.1 ;
    %jmp T_0;
    .thread T_0, $push;
    .scope S_0000029b97dc2df0;
T_1 ;
    %wait E_0000029b97dede40;
    %load/vec4 v0000029b97e5b890_0;
    %pad/u 32;
    %load/vec4 v0000029b97e5c1f0_0;
    %pad/u 32;
    %subi 1, 0, 32;
    %cmp/u;
    %jmp/0xz  T_1.0, 5;
    %load/vec4 v0000029b97e5b9d0_0;
    %pad/u 32;
    %muli 2, 0, 32;
    %load/vec4 v0000029b97e5c1f0_0;
    %pad/u 32;
    %subi 1, 0, 32;
    %mul;
    %load/vec4 v0000029b97e5b890_0;
    %pad/u 32;
    %mul;
    %load/vec4 v0000029b97e5b890_0;
    %pad/u 32;
    %load/vec4 v0000029b97e5b890_0;
    %pad/u 32;
    %mul;
    %sub;
    %pushi/vec4 3, 0, 32;
    %div;
    %pad/u 3;
    %store/vec4 v0000029b97cdbc40_0, 0, 3;
    %load/vec4 v0000029b97e5b9d0_0;
    %pad/u 32;
    %load/vec4 v0000029b97e5b890_0;
    %pad/u 32;
    %mul;
    %muli 2, 0, 32;
    %pushi/vec4 3, 0, 32;
    %div;
    %pad/u 3;
    %store/vec4 v0000029b97df4e40_0, 0, 3;
    %jmp T_1.1;
T_1.0 ;
    %load/vec4 v0000029b97e5b9d0_0;
    %pad/u 32;
    %load/vec4 v0000029b97e5c1f0_0;
    %pad/u 32;
    %subi 1, 0, 32;
    %mul;
    %load/vec4 v0000029b97e5c1f0_0;
    %pad/u 32;
    %subi 1, 0, 32;
    %mul;
    %pushi/vec4 3, 0, 32;
    %div;
    %pad/u 3;
    %store/vec4 v0000029b97cdbc40_0, 0, 3;
    %load/vec4 v0000029b97e5b9d0_0;
    %pad/u 32;
    %load/vec4 v0000029b97e5c1f0_0;
    %pad/u 32;
    %subi 1, 0, 32;
    %mul;
    %muli 2, 0, 32;
    %pushi/vec4 3, 0, 32;
    %div;
    %pad/u 3;
    %store/vec4 v0000029b97df4e40_0, 0, 3;
T_1.1 ;
    %jmp T_1;
    .thread T_1, $push;
    .scope S_0000029b97dc2df0;
T_2 ;
    %wait E_0000029b97dee100;
    %load/vec4 v0000029b97e5c010_0;
    %pad/u 32;
    %load/vec4 v0000029b97e5c290_0;
    %pad/u 32;
    %subi 1, 0, 32;
    %cmp/u;
    %jmp/0xz  T_2.0, 5;
    %load/vec4 v0000029b97e5ba70_0;
    %pad/u 32;
    %muli 2, 0, 32;
    %load/vec4 v0000029b97e5c290_0;
    %pad/u 32;
    %subi 1, 0, 32;
    %mul;
    %load/vec4 v0000029b97e5c010_0;
    %pad/u 32;
    %mul;
    %load/vec4 v0000029b97e5c010_0;
    %pad/u 32;
    %load/vec4 v0000029b97e5c010_0;
    %pad/u 32;
    %mul;
    %sub;
    %pushi/vec4 3, 0, 32;
    %div;
    %pad/u 3;
    %store/vec4 v0000029b97df4310_0, 0, 3;
    %load/vec4 v0000029b97e5ba70_0;
    %pad/u 32;
    %load/vec4 v0000029b97e5c010_0;
    %pad/u 32;
    %mul;
    %muli 2, 0, 32;
    %pushi/vec4 3, 0, 32;
    %div;
    %pad/u 3;
    %store/vec4 v0000029b97df4ee0_0, 0, 3;
    %jmp T_2.1;
T_2.0 ;
    %load/vec4 v0000029b97e5ba70_0;
    %pad/u 32;
    %load/vec4 v0000029b97e5c290_0;
    %pad/u 32;
    %subi 1, 0, 32;
    %mul;
    %load/vec4 v0000029b97e5c290_0;
    %pad/u 32;
    %subi 1, 0, 32;
    %mul;
    %pushi/vec4 3, 0, 32;
    %div;
    %pad/u 3;
    %store/vec4 v0000029b97df4310_0, 0, 3;
    %load/vec4 v0000029b97e5ba70_0;
    %pad/u 32;
    %load/vec4 v0000029b97e5c290_0;
    %pad/u 32;
    %subi 1, 0, 32;
    %mul;
    %muli 2, 0, 32;
    %pushi/vec4 3, 0, 32;
    %div;
    %pad/u 3;
    %store/vec4 v0000029b97df4ee0_0, 0, 3;
T_2.1 ;
    %jmp T_2;
    .thread T_2, $push;
    .scope S_0000029b97dc2df0;
T_3 ;
    %wait E_0000029b97dee7c0;
    %load/vec4 v0000029b97e5bc50_0;
    %pad/u 32;
    %load/vec4 v0000029b97e5c6f0_0;
    %pad/u 32;
    %subi 1, 0, 32;
    %cmp/u;
    %jmp/0xz  T_3.0, 5;
    %load/vec4 v0000029b97e5bb10_0;
    %pad/u 32;
    %muli 2, 0, 32;
    %load/vec4 v0000029b97e5c6f0_0;
    %pad/u 32;
    %subi 1, 0, 32;
    %mul;
    %load/vec4 v0000029b97e5bc50_0;
    %pad/u 32;
    %mul;
    %load/vec4 v0000029b97e5bc50_0;
    %pad/u 32;
    %load/vec4 v0000029b97e5bc50_0;
    %pad/u 32;
    %mul;
    %sub;
    %pushi/vec4 3, 0, 32;
    %div;
    %pad/u 3;
    %store/vec4 v0000029b97df43b0_0, 0, 3;
    %load/vec4 v0000029b97e5bb10_0;
    %pad/u 32;
    %load/vec4 v0000029b97e5bc50_0;
    %pad/u 32;
    %mul;
    %muli 2, 0, 32;
    %pushi/vec4 3, 0, 32;
    %div;
    %pad/u 3;
    %store/vec4 v0000029b97df4f80_0, 0, 3;
    %jmp T_3.1;
T_3.0 ;
    %load/vec4 v0000029b97e5bb10_0;
    %pad/u 32;
    %load/vec4 v0000029b97e5c6f0_0;
    %pad/u 32;
    %subi 1, 0, 32;
    %mul;
    %load/vec4 v0000029b97e5c6f0_0;
    %pad/u 32;
    %subi 1, 0, 32;
    %mul;
    %pushi/vec4 3, 0, 32;
    %div;
    %pad/u 3;
    %store/vec4 v0000029b97df43b0_0, 0, 3;
    %load/vec4 v0000029b97e5bb10_0;
    %pad/u 32;
    %load/vec4 v0000029b97e5c6f0_0;
    %pad/u 32;
    %subi 1, 0, 32;
    %mul;
    %muli 2, 0, 32;
    %pushi/vec4 3, 0, 32;
    %div;
    %pad/u 3;
    %store/vec4 v0000029b97df4f80_0, 0, 3;
T_3.1 ;
    %jmp T_3;
    .thread T_3, $push;
    .scope S_0000029b97dc2df0;
T_4 ;
    %wait E_0000029b97dee780;
    %load/vec4 v0000029b97e5b930_0;
    %pad/u 32;
    %load/vec4 v0000029b97e5c650_0;
    %pad/u 32;
    %subi 1, 0, 32;
    %cmp/u;
    %jmp/0xz  T_4.0, 5;
    %load/vec4 v0000029b97e5c510_0;
    %pad/u 32;
    %muli 2, 0, 32;
    %load/vec4 v0000029b97e5c650_0;
    %pad/u 32;
    %subi 1, 0, 32;
    %mul;
    %load/vec4 v0000029b97e5b930_0;
    %pad/u 32;
    %mul;
    %load/vec4 v0000029b97e5b930_0;
    %pad/u 32;
    %load/vec4 v0000029b97e5b930_0;
    %pad/u 32;
    %mul;
    %sub;
    %pushi/vec4 3, 0, 32;
    %div;
    %pad/u 3;
    %store/vec4 v0000029b97df4450_0, 0, 3;
    %load/vec4 v0000029b97e5c510_0;
    %pad/u 32;
    %load/vec4 v0000029b97e5b930_0;
    %pad/u 32;
    %mul;
    %muli 2, 0, 32;
    %pushi/vec4 3, 0, 32;
    %div;
    %pad/u 3;
    %store/vec4 v0000029b97df5020_0, 0, 3;
    %jmp T_4.1;
T_4.0 ;
    %load/vec4 v0000029b97e5c510_0;
    %pad/u 32;
    %load/vec4 v0000029b97e5c650_0;
    %pad/u 32;
    %subi 1, 0, 32;
    %mul;
    %load/vec4 v0000029b97e5c650_0;
    %pad/u 32;
    %subi 1, 0, 32;
    %mul;
    %pushi/vec4 3, 0, 32;
    %div;
    %pad/u 3;
    %store/vec4 v0000029b97df4450_0, 0, 3;
    %load/vec4 v0000029b97e5c510_0;
    %pad/u 32;
    %load/vec4 v0000029b97e5c650_0;
    %pad/u 32;
    %subi 1, 0, 32;
    %mul;
    %muli 2, 0, 32;
    %pushi/vec4 3, 0, 32;
    %div;
    %pad/u 3;
    %store/vec4 v0000029b97df5020_0, 0, 3;
T_4.1 ;
    %jmp T_4;
    .thread T_4, $push;
    .scope S_0000029b97dc2df0;
T_5 ;
    %wait E_0000029b97dee640;
    %load/vec4 v0000029b97e5bcf0_0;
    %pad/u 32;
    %load/vec4 v0000029b97e5c330_0;
    %pad/u 32;
    %subi 1, 0, 32;
    %cmp/u;
    %jmp/0xz  T_5.0, 5;
    %load/vec4 v0000029b97e5c470_0;
    %pad/u 32;
    %muli 2, 0, 32;
    %load/vec4 v0000029b97e5c330_0;
    %pad/u 32;
    %subi 1, 0, 32;
    %mul;
    %load/vec4 v0000029b97e5bcf0_0;
    %pad/u 32;
    %mul;
    %load/vec4 v0000029b97e5bcf0_0;
    %pad/u 32;
    %load/vec4 v0000029b97e5bcf0_0;
    %pad/u 32;
    %mul;
    %sub;
    %pushi/vec4 3, 0, 32;
    %div;
    %pad/u 3;
    %store/vec4 v0000029b97df4d00_0, 0, 3;
    %load/vec4 v0000029b97e5c470_0;
    %pad/u 32;
    %load/vec4 v0000029b97e5bcf0_0;
    %pad/u 32;
    %mul;
    %muli 2, 0, 32;
    %pushi/vec4 3, 0, 32;
    %div;
    %pad/u 3;
    %store/vec4 v0000029b97e5c5b0_0, 0, 3;
    %jmp T_5.1;
T_5.0 ;
    %load/vec4 v0000029b97e5c470_0;
    %pad/u 32;
    %load/vec4 v0000029b97e5c330_0;
    %pad/u 32;
    %subi 1, 0, 32;
    %mul;
    %load/vec4 v0000029b97e5c330_0;
    %pad/u 32;
    %subi 1, 0, 32;
    %mul;
    %pushi/vec4 3, 0, 32;
    %div;
    %pad/u 3;
    %store/vec4 v0000029b97df4d00_0, 0, 3;
    %load/vec4 v0000029b97e5c470_0;
    %pad/u 32;
    %load/vec4 v0000029b97e5c330_0;
    %pad/u 32;
    %subi 1, 0, 32;
    %mul;
    %muli 2, 0, 32;
    %pushi/vec4 3, 0, 32;
    %div;
    %pad/u 3;
    %store/vec4 v0000029b97e5c5b0_0, 0, 3;
T_5.1 ;
    %jmp T_5;
    .thread T_5, $push;
# The file index is used to find the file name in the following table.
:file_names 3;
    "N/A";
    "<interactive>";
    "Calc.v";
