#! /c/Source/iverilog-install/bin/vvp
:ivl_version "12.0 (devel)" "(s20150603-1110-g18392a46)";
:ivl_delay_selection "TYPICAL";
:vpi_time_precision - 12;
:vpi_module "C:\iverilog\lib\ivl\system.vpi";
:vpi_module "C:\iverilog\lib\ivl\vhdl_sys.vpi";
:vpi_module "C:\iverilog\lib\ivl\vhdl_textio.vpi";
:vpi_module "C:\iverilog\lib\ivl\v2005_math.vpi";
:vpi_module "C:\iverilog\lib\ivl\va_math.vpi";
S_000002ba26cf2e10 .scope module, "Choose" "Choose" 2 24;
 .timescale -9 -12;
    .port_info 0 /OUTPUT 10 "out";
    .port_info 1 /INPUT 2 "mode";
    .port_info 2 /INPUT 10 "n0";
    .port_info 3 /INPUT 10 "n1";
    .port_info 4 /INPUT 10 "n2";
    .port_info 5 /INPUT 10 "n3";
    .port_info 6 /INPUT 10 "n4";
    .port_info 7 /INPUT 10 "n5";
    .port_info 8 /INPUT 1 "clk";
    .port_info 9 /INPUT 1 "rst";
o000002ba26d26fd8 .functor BUFZ 1, C4<z>; HiZ drive
v000002ba26cf2fa0_0 .net "clk", 0 0, o000002ba26d26fd8;  0 drivers
o000002ba26d27008 .functor BUFZ 2, C4<zz>; HiZ drive
v000002ba26cf3040_0 .net "mode", 1 0, o000002ba26d27008;  0 drivers
o000002ba26d27038 .functor BUFZ 10, C4<zzzzzzzzzz>; HiZ drive
v000002ba26cf30e0_0 .net "n0", 9 0, o000002ba26d27038;  0 drivers
o000002ba26d27068 .functor BUFZ 10, C4<zzzzzzzzzz>; HiZ drive
v000002ba26cdb930_0 .net "n1", 9 0, o000002ba26d27068;  0 drivers
o000002ba26d27098 .functor BUFZ 10, C4<zzzzzzzzzz>; HiZ drive
v000002ba26cdb9d0_0 .net "n2", 9 0, o000002ba26d27098;  0 drivers
o000002ba26d270c8 .functor BUFZ 10, C4<zzzzzzzzzz>; HiZ drive
v000002ba26cdba70_0 .net "n3", 9 0, o000002ba26d270c8;  0 drivers
o000002ba26d270f8 .functor BUFZ 10, C4<zzzzzzzzzz>; HiZ drive
v000002ba26cdbb10_0 .net "n4", 9 0, o000002ba26d270f8;  0 drivers
o000002ba26d27128 .functor BUFZ 10, C4<zzzzzzzzzz>; HiZ drive
v000002ba26cdbbb0_0 .net "n5", 9 0, o000002ba26d27128;  0 drivers
v000002ba26d69840_0 .var "out", 9 0;
o000002ba26d27188 .functor BUFZ 1, C4<z>; HiZ drive
v000002ba26d698e0_0 .net "rst", 0 0, o000002ba26d27188;  0 drivers
E_000002ba26cd8d60 .event posedge, v000002ba26cf2fa0_0;
    .scope S_000002ba26cf2e10;
T_0 ;
    %wait E_000002ba26cd8d60;
    %load/vec4 v000002ba26d698e0_0;
    %flag_set/vec4 8;
    %jmp/0xz  T_0.0, 8;
    %pushi/vec4 0, 0, 10;
    %assign/vec4 v000002ba26d69840_0, 0;
T_0.0 ;
    %load/vec4 v000002ba26cf3040_0;
    %dup/vec4;
    %pushi/vec4 0, 0, 2;
    %cmp/u;
    %jmp/1 T_0.2, 6;
    %dup/vec4;
    %pushi/vec4 1, 0, 2;
    %cmp/u;
    %jmp/1 T_0.3, 6;
    %dup/vec4;
    %pushi/vec4 2, 0, 2;
    %cmp/u;
    %jmp/1 T_0.4, 6;
    %dup/vec4;
    %pushi/vec4 3, 0, 2;
    %cmp/u;
    %jmp/1 T_0.5, 6;
    %pushi/vec4 0, 0, 10;
    %assign/vec4 v000002ba26d69840_0, 0;
    %jmp T_0.7;
T_0.2 ;
    %load/vec4 v000002ba26cdba70_0;
    %load/vec4 v000002ba26cdbb10_0;
    %add;
    %load/vec4 v000002ba26cdbbb0_0;
    %add;
    %assign/vec4 v000002ba26d69840_0, 0;
    %jmp T_0.7;
T_0.3 ;
    %load/vec4 v000002ba26cdba70_0;
    %muli 3, 0, 10;
    %load/vec4 v000002ba26cdbb10_0;
    %muli 4, 0, 10;
    %add;
    %load/vec4 v000002ba26cdbbb0_0;
    %muli 5, 0, 10;
    %add;
    %assign/vec4 v000002ba26d69840_0, 0;
    %jmp T_0.7;
T_0.4 ;
    %load/vec4 v000002ba26cf30e0_0;
    %load/vec4 v000002ba26cdb930_0;
    %add;
    %load/vec4 v000002ba26cdb9d0_0;
    %add;
    %assign/vec4 v000002ba26d69840_0, 0;
    %jmp T_0.7;
T_0.5 ;
    %load/vec4 v000002ba26cf30e0_0;
    %muli 3, 0, 10;
    %load/vec4 v000002ba26cdb930_0;
    %muli 4, 0, 10;
    %add;
    %load/vec4 v000002ba26cdb9d0_0;
    %muli 5, 0, 10;
    %add;
    %assign/vec4 v000002ba26d69840_0, 0;
    %jmp T_0.7;
T_0.7 ;
    %pop/vec4 1;
    %jmp T_0;
    .thread T_0;
# The file index is used to find the file name in the following table.
:file_names 3;
    "N/A";
    "<interactive>";
    "Choose.v";
