#! /c/Source/iverilog-install/bin/vvp
:ivl_version "12.0 (devel)" "(s20150603-1110-g18392a46)";
:ivl_delay_selection "TYPICAL";
:vpi_time_precision - 12;
:vpi_module "C:\iverilog\lib\ivl\system.vpi";
:vpi_module "C:\iverilog\lib\ivl\vhdl_sys.vpi";
:vpi_module "C:\iverilog\lib\ivl\vhdl_textio.vpi";
:vpi_module "C:\iverilog\lib\ivl\v2005_math.vpi";
:vpi_module "C:\iverilog\lib\ivl\va_math.vpi";
S_0000028b6cbcdae0 .scope module, "tb_Choose" "tb_Choose" 2 3;
 .timescale -9 -12;
v0000028b6cbe2e80_0 .var "mode", 1 0;
v0000028b6cbe2f20_0 .var "n0", 9 0;
v0000028b6cbe2fc0_0 .var "n1", 9 0;
v0000028b6cbe3060_0 .var "n2", 9 0;
v0000028b6cbe3100_0 .var "n3", 9 0;
v0000028b6cc6d030_0 .var "n4", 9 0;
v0000028b6cc6d0d0_0 .var "n5", 9 0;
v0000028b6cc6d170_0 .net "out", 9 0, v0000028b6cbe2de0_0;  1 drivers
S_0000028b6cbcdc70 .scope module, "u_Choose" "Choose" 2 17, 3 24 0, S_0000028b6cbcdae0;
 .timescale -9 -12;
    .port_info 0 /OUTPUT 10 "out";
    .port_info 1 /INPUT 2 "mode";
    .port_info 2 /INPUT 10 "n0";
    .port_info 3 /INPUT 10 "n1";
    .port_info 4 /INPUT 10 "n2";
    .port_info 5 /INPUT 10 "n3";
    .port_info 6 /INPUT 10 "n4";
    .port_info 7 /INPUT 10 "n5";
v0000028b6cbe3560_0 .net "mode", 1 0, v0000028b6cbe2e80_0;  1 drivers
v0000028b6cc06350_0 .net "n0", 9 0, v0000028b6cbe2f20_0;  1 drivers
v0000028b6cc150f0_0 .net "n1", 9 0, v0000028b6cbe2fc0_0;  1 drivers
v0000028b6cc15190_0 .net "n2", 9 0, v0000028b6cbe3060_0;  1 drivers
v0000028b6cbcde00_0 .net "n3", 9 0, v0000028b6cbe3100_0;  1 drivers
v0000028b6cbcdea0_0 .net "n4", 9 0, v0000028b6cc6d030_0;  1 drivers
v0000028b6cbe2d40_0 .net "n5", 9 0, v0000028b6cc6d0d0_0;  1 drivers
v0000028b6cbe2de0_0 .var "out", 9 0;
E_0000028b6cc05c40/0 .event anyedge, v0000028b6cbe3560_0, v0000028b6cbcde00_0, v0000028b6cbcdea0_0, v0000028b6cbe2d40_0;
E_0000028b6cc05c40/1 .event anyedge, v0000028b6cc06350_0, v0000028b6cc150f0_0, v0000028b6cc15190_0;
E_0000028b6cc05c40 .event/or E_0000028b6cc05c40/0, E_0000028b6cc05c40/1;
    .scope S_0000028b6cbcdc70;
T_0 ;
    %wait E_0000028b6cc05c40;
    %load/vec4 v0000028b6cbe3560_0;
    %dup/vec4;
    %pushi/vec4 0, 0, 2;
    %cmp/u;
    %jmp/1 T_0.0, 6;
    %dup/vec4;
    %pushi/vec4 1, 0, 2;
    %cmp/u;
    %jmp/1 T_0.1, 6;
    %dup/vec4;
    %pushi/vec4 2, 0, 2;
    %cmp/u;
    %jmp/1 T_0.2, 6;
    %dup/vec4;
    %pushi/vec4 3, 0, 2;
    %cmp/u;
    %jmp/1 T_0.3, 6;
    %pushi/vec4 0, 0, 10;
    %assign/vec4 v0000028b6cbe2de0_0, 0;
    %jmp T_0.5;
T_0.0 ;
    %load/vec4 v0000028b6cbcde00_0;
    %load/vec4 v0000028b6cbcdea0_0;
    %add;
    %load/vec4 v0000028b6cbe2d40_0;
    %add;
    %assign/vec4 v0000028b6cbe2de0_0, 0;
    %jmp T_0.5;
T_0.1 ;
    %load/vec4 v0000028b6cbcde00_0;
    %muli 3, 0, 10;
    %load/vec4 v0000028b6cbcdea0_0;
    %muli 4, 0, 10;
    %add;
    %load/vec4 v0000028b6cbe2d40_0;
    %muli 5, 0, 10;
    %add;
    %assign/vec4 v0000028b6cbe2de0_0, 0;
    %jmp T_0.5;
T_0.2 ;
    %load/vec4 v0000028b6cc06350_0;
    %load/vec4 v0000028b6cc150f0_0;
    %add;
    %load/vec4 v0000028b6cc15190_0;
    %add;
    %assign/vec4 v0000028b6cbe2de0_0, 0;
    %jmp T_0.5;
T_0.3 ;
    %load/vec4 v0000028b6cc06350_0;
    %muli 3, 0, 10;
    %load/vec4 v0000028b6cc150f0_0;
    %muli 4, 0, 10;
    %add;
    %load/vec4 v0000028b6cc15190_0;
    %muli 5, 0, 10;
    %add;
    %assign/vec4 v0000028b6cbe2de0_0, 0;
    %jmp T_0.5;
T_0.5 ;
    %pop/vec4 1;
    %jmp T_0;
    .thread T_0, $push;
    .scope S_0000028b6cbcdae0;
T_1 ;
    %pushi/vec4 0, 0, 2;
    %store/vec4 v0000028b6cbe2e80_0, 0, 2;
    %pushi/vec4 0, 0, 10;
    %store/vec4 v0000028b6cbe2f20_0, 0, 10;
    %pushi/vec4 0, 0, 10;
    %store/vec4 v0000028b6cbe2fc0_0, 0, 10;
    %pushi/vec4 0, 0, 10;
    %store/vec4 v0000028b6cbe3060_0, 0, 10;
    %pushi/vec4 0, 0, 10;
    %store/vec4 v0000028b6cbe3100_0, 0, 10;
    %pushi/vec4 0, 0, 10;
    %store/vec4 v0000028b6cc6d030_0, 0, 10;
    %pushi/vec4 0, 0, 10;
    %store/vec4 v0000028b6cc6d0d0_0, 0, 10;
    %end;
    .thread T_1;
    .scope S_0000028b6cbcdae0;
T_2 ;
    %pushi/vec4 0, 0, 2;
    %store/vec4 v0000028b6cbe2e80_0, 0, 2;
    %pushi/vec4 14, 0, 10;
    %store/vec4 v0000028b6cbe2f20_0, 0, 10;
    %pushi/vec4 30, 0, 10;
    %store/vec4 v0000028b6cbe2fc0_0, 0, 10;
    %pushi/vec4 3, 0, 10;
    %store/vec4 v0000028b6cbe3060_0, 0, 10;
    %pushi/vec4 11, 0, 10;
    %store/vec4 v0000028b6cbe3100_0, 0, 10;
    %pushi/vec4 1, 0, 10;
    %store/vec4 v0000028b6cc6d030_0, 0, 10;
    %pushi/vec4 4, 0, 10;
    %store/vec4 v0000028b6cc6d0d0_0, 0, 10;
    %delay 1000, 0;
    %vpi_call 2 33 "$display", "%d", v0000028b6cc6d170_0 {0 0 0};
    %delay 1000, 0;
    %pushi/vec4 1, 0, 2;
    %store/vec4 v0000028b6cbe2e80_0, 0, 2;
    %pushi/vec4 14, 0, 10;
    %store/vec4 v0000028b6cbe2f20_0, 0, 10;
    %pushi/vec4 30, 0, 10;
    %store/vec4 v0000028b6cbe2fc0_0, 0, 10;
    %pushi/vec4 3, 0, 10;
    %store/vec4 v0000028b6cbe3060_0, 0, 10;
    %pushi/vec4 11, 0, 10;
    %store/vec4 v0000028b6cbe3100_0, 0, 10;
    %pushi/vec4 1, 0, 10;
    %store/vec4 v0000028b6cc6d030_0, 0, 10;
    %pushi/vec4 4, 0, 10;
    %store/vec4 v0000028b6cc6d0d0_0, 0, 10;
    %delay 1000, 0;
    %vpi_call 2 37 "$display", "%d", v0000028b6cc6d170_0 {0 0 0};
    %delay 1000, 0;
    %pushi/vec4 2, 0, 2;
    %store/vec4 v0000028b6cbe2e80_0, 0, 2;
    %pushi/vec4 14, 0, 10;
    %store/vec4 v0000028b6cbe2f20_0, 0, 10;
    %pushi/vec4 30, 0, 10;
    %store/vec4 v0000028b6cbe2fc0_0, 0, 10;
    %pushi/vec4 3, 0, 10;
    %store/vec4 v0000028b6cbe3060_0, 0, 10;
    %pushi/vec4 11, 0, 10;
    %store/vec4 v0000028b6cbe3100_0, 0, 10;
    %pushi/vec4 1, 0, 10;
    %store/vec4 v0000028b6cc6d030_0, 0, 10;
    %pushi/vec4 4, 0, 10;
    %store/vec4 v0000028b6cc6d0d0_0, 0, 10;
    %delay 1000, 0;
    %vpi_call 2 41 "$display", "%d", v0000028b6cc6d170_0 {0 0 0};
    %delay 1000, 0;
    %pushi/vec4 3, 0, 2;
    %store/vec4 v0000028b6cbe2e80_0, 0, 2;
    %pushi/vec4 14, 0, 10;
    %store/vec4 v0000028b6cbe2f20_0, 0, 10;
    %pushi/vec4 30, 0, 10;
    %store/vec4 v0000028b6cbe2fc0_0, 0, 10;
    %pushi/vec4 3, 0, 10;
    %store/vec4 v0000028b6cbe3060_0, 0, 10;
    %pushi/vec4 11, 0, 10;
    %store/vec4 v0000028b6cbe3100_0, 0, 10;
    %pushi/vec4 1, 0, 10;
    %store/vec4 v0000028b6cc6d030_0, 0, 10;
    %pushi/vec4 4, 0, 10;
    %store/vec4 v0000028b6cc6d0d0_0, 0, 10;
    %delay 1000, 0;
    %vpi_call 2 45 "$display", "%d", v0000028b6cc6d170_0 {0 0 0};
    %vpi_call 2 46 "$finish" {0 0 0};
    %end;
    .thread T_2;
# The file index is used to find the file name in the following table.
:file_names 4;
    "N/A";
    "<interactive>";
    "Choose_tb.v";
    "./Choose.v";
