#! /c/Source/iverilog-install/bin/vvp
:ivl_version "12.0 (devel)" "(s20150603-1110-g18392a46)";
:ivl_delay_selection "TYPICAL";
:vpi_time_precision - 12;
:vpi_module "C:\iverilog\lib\ivl\system.vpi";
:vpi_module "C:\iverilog\lib\ivl\vhdl_sys.vpi";
:vpi_module "C:\iverilog\lib\ivl\vhdl_textio.vpi";
:vpi_module "C:\iverilog\lib\ivl\v2005_math.vpi";
:vpi_module "C:\iverilog\lib\ivl\va_math.vpi";
S_000001e37d40c220 .scope module, "SMC" "SMC" 2 25;
 .timescale -9 -12;
    .port_info 0 /OUTPUT 10 "out";
    .port_info 1 /INPUT 2 "mode";
    .port_info 2 /INPUT 3 "Vgs0";
    .port_info 3 /INPUT 3 "Vgs1";
    .port_info 4 /INPUT 3 "Vgs2";
    .port_info 5 /INPUT 3 "Vgs3";
    .port_info 6 /INPUT 3 "Vgs4";
    .port_info 7 /INPUT 3 "Vgs5";
    .port_info 8 /INPUT 3 "Vds0";
    .port_info 9 /INPUT 3 "Vds1";
    .port_info 10 /INPUT 3 "Vds2";
    .port_info 11 /INPUT 3 "Vds3";
    .port_info 12 /INPUT 3 "Vds4";
    .port_info 13 /INPUT 3 "Vds5";
    .port_info 14 /INPUT 3 "W0";
    .port_info 15 /INPUT 3 "W1";
    .port_info 16 /INPUT 3 "W2";
    .port_info 17 /INPUT 3 "W3";
    .port_info 18 /INPUT 3 "W4";
    .port_info 19 /INPUT 3 "W5";
v000001e37d49edb0_0 .net "Calc_Id_out0", 9 0, v000001e37d3c3580_0;  1 drivers
v000001e37d49e770_0 .net "Calc_Id_out1", 9 0, v000001e37d40c500_0;  1 drivers
v000001e37d49fa30_0 .net "Calc_Id_out2", 9 0, v000001e37d420120_0;  1 drivers
v000001e37d49ed10_0 .net "Calc_Id_out3", 9 0, v000001e37d4201c0_0;  1 drivers
v000001e37d49e3b0_0 .net "Calc_Id_out4", 9 0, v000001e37d41c820_0;  1 drivers
v000001e37d49f3f0_0 .net "Calc_Id_out5", 9 0, v000001e37d41c8c0_0;  1 drivers
v000001e37d49ee50_0 .net "Calc_gm_out0", 9 0, v000001e37d499e20_0;  1 drivers
v000001e37d49f710_0 .net "Calc_gm_out1", 9 0, v000001e37d499920_0;  1 drivers
v000001e37d49f530_0 .net "Calc_gm_out2", 9 0, v000001e37d499f60_0;  1 drivers
v000001e37d49eef0_0 .net "Calc_gm_out3", 9 0, v000001e37d499ba0_0;  1 drivers
v000001e37d49f2b0_0 .net "Calc_gm_out4", 9 0, v000001e37d499060_0;  1 drivers
v000001e37d49e450_0 .net "Calc_gm_out5", 9 0, v000001e37d499560_0;  1 drivers
v000001e37d4a0070_0 .net "Id_n0", 9 0, v000001e37d49bab0_0;  1 drivers
v000001e37d49fdf0_0 .net "Id_n1", 9 0, v000001e37d49abb0_0;  1 drivers
v000001e37d49ff30_0 .net "Id_n2", 9 0, v000001e37d49b010_0;  1 drivers
v000001e37d49fcb0_0 .net "Id_n3", 9 0, v000001e37d49a6b0_0;  1 drivers
v000001e37d49e630_0 .net "Id_n4", 9 0, v000001e37d49b790_0;  1 drivers
v000001e37d49f350_0 .net "Id_n5", 9 0, v000001e37d49ae30_0;  1 drivers
v000001e37d49ef90_0 .net "Id_out", 9 0, v000001e37d49b5b0_0;  1 drivers
o000001e37d447668 .functor BUFZ 3, C4<zzz>; HiZ drive
v000001e37d49f5d0_0 .net "Vds0", 2 0, o000001e37d447668;  0 drivers
o000001e37d447698 .functor BUFZ 3, C4<zzz>; HiZ drive
v000001e37d49e6d0_0 .net "Vds1", 2 0, o000001e37d447698;  0 drivers
o000001e37d4476c8 .functor BUFZ 3, C4<zzz>; HiZ drive
v000001e37d49f030_0 .net "Vds2", 2 0, o000001e37d4476c8;  0 drivers
o000001e37d4476f8 .functor BUFZ 3, C4<zzz>; HiZ drive
v000001e37d49e950_0 .net "Vds3", 2 0, o000001e37d4476f8;  0 drivers
o000001e37d447728 .functor BUFZ 3, C4<zzz>; HiZ drive
v000001e37d4a0110_0 .net "Vds4", 2 0, o000001e37d447728;  0 drivers
o000001e37d447758 .functor BUFZ 3, C4<zzz>; HiZ drive
v000001e37d49f850_0 .net "Vds5", 2 0, o000001e37d447758;  0 drivers
o000001e37d447788 .functor BUFZ 3, C4<zzz>; HiZ drive
v000001e37d49fad0_0 .net "Vgs0", 2 0, o000001e37d447788;  0 drivers
o000001e37d4477b8 .functor BUFZ 3, C4<zzz>; HiZ drive
v000001e37d49f7b0_0 .net "Vgs1", 2 0, o000001e37d4477b8;  0 drivers
o000001e37d4477e8 .functor BUFZ 3, C4<zzz>; HiZ drive
v000001e37d49ebd0_0 .net "Vgs2", 2 0, o000001e37d4477e8;  0 drivers
o000001e37d447818 .functor BUFZ 3, C4<zzz>; HiZ drive
v000001e37d49f0d0_0 .net "Vgs3", 2 0, o000001e37d447818;  0 drivers
o000001e37d447848 .functor BUFZ 3, C4<zzz>; HiZ drive
v000001e37d49e9f0_0 .net "Vgs4", 2 0, o000001e37d447848;  0 drivers
o000001e37d447878 .functor BUFZ 3, C4<zzz>; HiZ drive
v000001e37d49fb70_0 .net "Vgs5", 2 0, o000001e37d447878;  0 drivers
o000001e37d4478a8 .functor BUFZ 3, C4<zzz>; HiZ drive
v000001e37d49f170_0 .net "W0", 2 0, o000001e37d4478a8;  0 drivers
o000001e37d4478d8 .functor BUFZ 3, C4<zzz>; HiZ drive
v000001e37d49f210_0 .net "W1", 2 0, o000001e37d4478d8;  0 drivers
o000001e37d447908 .functor BUFZ 3, C4<zzz>; HiZ drive
v000001e37d49e810_0 .net "W2", 2 0, o000001e37d447908;  0 drivers
o000001e37d447938 .functor BUFZ 3, C4<zzz>; HiZ drive
v000001e37d49fc10_0 .net "W3", 2 0, o000001e37d447938;  0 drivers
o000001e37d447968 .functor BUFZ 3, C4<zzz>; HiZ drive
v000001e37d4a01b0_0 .net "W4", 2 0, o000001e37d447968;  0 drivers
o000001e37d447998 .functor BUFZ 3, C4<zzz>; HiZ drive
v000001e37d49f8f0_0 .net "W5", 2 0, o000001e37d447998;  0 drivers
v000001e37d49fd50_0 .net "gm_n0", 9 0, v000001e37d49a1b0_0;  1 drivers
v000001e37d49e590_0 .net "gm_n1", 9 0, v000001e37d49a250_0;  1 drivers
v000001e37d49e8b0_0 .net "gm_n2", 9 0, v000001e37d49a390_0;  1 drivers
v000001e37d49ea90_0 .net "gm_n3", 9 0, v000001e37d49a430_0;  1 drivers
v000001e37d49eb30_0 .net "gm_n4", 9 0, v000001e37d49a4d0_0;  1 drivers
v000001e37d49ec70_0 .net "gm_n5", 9 0, v000001e37d49a750_0;  1 drivers
v000001e37d4a2040_0 .net "gm_out", 9 0, v000001e37d49bbf0_0;  1 drivers
o000001e37d447f68 .functor BUFZ 2, C4<zz>; HiZ drive
v000001e37d4a1e60_0 .net "mode", 1 0, o000001e37d447f68;  0 drivers
v000001e37d4a2e00_0 .var "out", 9 0;
E_000001e37d43e7c0 .event anyedge, v000001e37d4994c0_0, v000001e37d49bbf0_0, v000001e37d49b5b0_0;
S_000001e37d41fda0 .scope module, "Calc1" "Calc" 2 36, 3 23 0, S_000001e37d40c220;
 .timescale -9 -12;
    .port_info 0 /OUTPUT 10 "Calc_Id_out0";
    .port_info 1 /OUTPUT 10 "Calc_Id_out1";
    .port_info 2 /OUTPUT 10 "Calc_Id_out2";
    .port_info 3 /OUTPUT 10 "Calc_Id_out3";
    .port_info 4 /OUTPUT 10 "Calc_Id_out4";
    .port_info 5 /OUTPUT 10 "Calc_Id_out5";
    .port_info 6 /OUTPUT 10 "Calc_gm_out0";
    .port_info 7 /OUTPUT 10 "Calc_gm_out1";
    .port_info 8 /OUTPUT 10 "Calc_gm_out2";
    .port_info 9 /OUTPUT 10 "Calc_gm_out3";
    .port_info 10 /OUTPUT 10 "Calc_gm_out4";
    .port_info 11 /OUTPUT 10 "Calc_gm_out5";
    .port_info 12 /INPUT 3 "Vgs0";
    .port_info 13 /INPUT 3 "Vgs1";
    .port_info 14 /INPUT 3 "Vgs2";
    .port_info 15 /INPUT 3 "Vgs3";
    .port_info 16 /INPUT 3 "Vgs4";
    .port_info 17 /INPUT 3 "Vgs5";
    .port_info 18 /INPUT 3 "Vds0";
    .port_info 19 /INPUT 3 "Vds1";
    .port_info 20 /INPUT 3 "Vds2";
    .port_info 21 /INPUT 3 "Vds3";
    .port_info 22 /INPUT 3 "Vds4";
    .port_info 23 /INPUT 3 "Vds5";
    .port_info 24 /INPUT 3 "W0";
    .port_info 25 /INPUT 3 "W1";
    .port_info 26 /INPUT 3 "W2";
    .port_info 27 /INPUT 3 "W3";
    .port_info 28 /INPUT 3 "W4";
    .port_info 29 /INPUT 3 "W5";
v000001e37d3c3580_0 .var "Calc_Id_out0", 9 0;
v000001e37d40c500_0 .var "Calc_Id_out1", 9 0;
v000001e37d420120_0 .var "Calc_Id_out2", 9 0;
v000001e37d4201c0_0 .var "Calc_Id_out3", 9 0;
v000001e37d41c820_0 .var "Calc_Id_out4", 9 0;
v000001e37d41c8c0_0 .var "Calc_Id_out5", 9 0;
v000001e37d499e20_0 .var "Calc_gm_out0", 9 0;
v000001e37d499920_0 .var "Calc_gm_out1", 9 0;
v000001e37d499f60_0 .var "Calc_gm_out2", 9 0;
v000001e37d499ba0_0 .var "Calc_gm_out3", 9 0;
v000001e37d499060_0 .var "Calc_gm_out4", 9 0;
v000001e37d499560_0 .var "Calc_gm_out5", 9 0;
v000001e37d499c40_0 .net "Vds0", 2 0, o000001e37d447668;  alias, 0 drivers
v000001e37d4992e0_0 .net "Vds1", 2 0, o000001e37d447698;  alias, 0 drivers
v000001e37d499420_0 .net "Vds2", 2 0, o000001e37d4476c8;  alias, 0 drivers
v000001e37d499880_0 .net "Vds3", 2 0, o000001e37d4476f8;  alias, 0 drivers
v000001e37d499100_0 .net "Vds4", 2 0, o000001e37d447728;  alias, 0 drivers
v000001e37d4996a0_0 .net "Vds5", 2 0, o000001e37d447758;  alias, 0 drivers
v000001e37d4999c0_0 .net "Vgs0", 2 0, o000001e37d447788;  alias, 0 drivers
v000001e37d499740_0 .net "Vgs1", 2 0, o000001e37d4477b8;  alias, 0 drivers
v000001e37d499b00_0 .net "Vgs2", 2 0, o000001e37d4477e8;  alias, 0 drivers
v000001e37d499a60_0 .net "Vgs3", 2 0, o000001e37d447818;  alias, 0 drivers
v000001e37d499600_0 .net "Vgs4", 2 0, o000001e37d447848;  alias, 0 drivers
v000001e37d499ce0_0 .net "Vgs5", 2 0, o000001e37d447878;  alias, 0 drivers
v000001e37d4991a0_0 .net "W0", 2 0, o000001e37d4478a8;  alias, 0 drivers
v000001e37d499240_0 .net "W1", 2 0, o000001e37d4478d8;  alias, 0 drivers
v000001e37d4997e0_0 .net "W2", 2 0, o000001e37d447908;  alias, 0 drivers
v000001e37d499d80_0 .net "W3", 2 0, o000001e37d447938;  alias, 0 drivers
v000001e37d499ec0_0 .net "W4", 2 0, o000001e37d447968;  alias, 0 drivers
v000001e37d499380_0 .net "W5", 2 0, o000001e37d447998;  alias, 0 drivers
E_000001e37d43e300 .event anyedge, v000001e37d499ce0_0, v000001e37d4996a0_0, v000001e37d499380_0;
E_000001e37d43e9c0 .event anyedge, v000001e37d499600_0, v000001e37d499100_0, v000001e37d499ec0_0;
E_000001e37d43ed40 .event anyedge, v000001e37d499a60_0, v000001e37d499880_0, v000001e37d499d80_0;
E_000001e37d43ee00 .event anyedge, v000001e37d499b00_0, v000001e37d499420_0, v000001e37d4997e0_0;
E_000001e37d43e100 .event anyedge, v000001e37d499740_0, v000001e37d4992e0_0, v000001e37d499240_0;
E_000001e37d43e340 .event anyedge, v000001e37d4999c0_0, v000001e37d499c40_0, v000001e37d4991a0_0;
S_000001e37d3c2d20 .scope module, "choose_Id" "Choose" 2 87, 4 24 0, S_000001e37d40c220;
 .timescale -9 -12;
    .port_info 0 /OUTPUT 10 "out";
    .port_info 1 /INPUT 2 "mode";
    .port_info 2 /INPUT 10 "n0";
    .port_info 3 /INPUT 10 "n1";
    .port_info 4 /INPUT 10 "n2";
    .port_info 5 /INPUT 10 "n3";
    .port_info 6 /INPUT 10 "n4";
    .port_info 7 /INPUT 10 "n5";
v000001e37d4994c0_0 .net "mode", 1 0, o000001e37d447f68;  alias, 0 drivers
v000001e37d49ab10_0 .net "n0", 9 0, v000001e37d49bab0_0;  alias, 1 drivers
v000001e37d49bb50_0 .net "n1", 9 0, v000001e37d49abb0_0;  alias, 1 drivers
v000001e37d49b470_0 .net "n2", 9 0, v000001e37d49b010_0;  alias, 1 drivers
v000001e37d49a570_0 .net "n3", 9 0, v000001e37d49a6b0_0;  alias, 1 drivers
v000001e37d49b830_0 .net "n4", 9 0, v000001e37d49b790_0;  alias, 1 drivers
v000001e37d49b0b0_0 .net "n5", 9 0, v000001e37d49ae30_0;  alias, 1 drivers
v000001e37d49b5b0_0 .var "out", 9 0;
E_000001e37d43e140/0 .event anyedge, v000001e37d4994c0_0, v000001e37d49a570_0, v000001e37d49b830_0, v000001e37d49b0b0_0;
E_000001e37d43e140/1 .event anyedge, v000001e37d49ab10_0, v000001e37d49bb50_0, v000001e37d49b470_0;
E_000001e37d43e140 .event/or E_000001e37d43e140/0, E_000001e37d43e140/1;
S_000001e37d3c2eb0 .scope module, "choose_gm" "Choose" 2 75, 4 24 0, S_000001e37d40c220;
 .timescale -9 -12;
    .port_info 0 /OUTPUT 10 "out";
    .port_info 1 /INPUT 2 "mode";
    .port_info 2 /INPUT 10 "n0";
    .port_info 3 /INPUT 10 "n1";
    .port_info 4 /INPUT 10 "n2";
    .port_info 5 /INPUT 10 "n3";
    .port_info 6 /INPUT 10 "n4";
    .port_info 7 /INPUT 10 "n5";
v000001e37d49a7f0_0 .net "mode", 1 0, o000001e37d447f68;  alias, 0 drivers
v000001e37d49b8d0_0 .net "n0", 9 0, v000001e37d49a1b0_0;  alias, 1 drivers
v000001e37d49aa70_0 .net "n1", 9 0, v000001e37d49a250_0;  alias, 1 drivers
v000001e37d49aed0_0 .net "n2", 9 0, v000001e37d49a390_0;  alias, 1 drivers
v000001e37d49b970_0 .net "n3", 9 0, v000001e37d49a430_0;  alias, 1 drivers
v000001e37d49af70_0 .net "n4", 9 0, v000001e37d49a4d0_0;  alias, 1 drivers
v000001e37d49b150_0 .net "n5", 9 0, v000001e37d49a750_0;  alias, 1 drivers
v000001e37d49bbf0_0 .var "out", 9 0;
E_000001e37d43eb00/0 .event anyedge, v000001e37d4994c0_0, v000001e37d49b970_0, v000001e37d49af70_0, v000001e37d49b150_0;
E_000001e37d43eb00/1 .event anyedge, v000001e37d49b8d0_0, v000001e37d49aa70_0, v000001e37d49aed0_0;
E_000001e37d43eb00 .event/or E_000001e37d43eb00/0, E_000001e37d43eb00/1;
S_000001e37d3c3040 .scope module, "sort_Id" "Sort" 2 43, 5 3 0, S_000001e37d40c220;
 .timescale -9 -12;
    .port_info 0 /OUTPUT 10 "n0";
    .port_info 1 /OUTPUT 10 "n1";
    .port_info 2 /OUTPUT 10 "n2";
    .port_info 3 /OUTPUT 10 "n3";
    .port_info 4 /OUTPUT 10 "n4";
    .port_info 5 /OUTPUT 10 "n5";
    .port_info 6 /INPUT 10 "Clac_out0";
    .port_info 7 /INPUT 10 "Clac_out1";
    .port_info 8 /INPUT 10 "Clac_out2";
    .port_info 9 /INPUT 10 "Clac_out3";
    .port_info 10 /INPUT 10 "Clac_out4";
    .port_info 11 /INPUT 10 "Clac_out5";
v000001e37d49a890_0 .net "Clac_out0", 9 0, v000001e37d3c3580_0;  alias, 1 drivers
v000001e37d49ad90_0 .net "Clac_out1", 9 0, v000001e37d40c500_0;  alias, 1 drivers
v000001e37d49ac50_0 .net "Clac_out2", 9 0, v000001e37d420120_0;  alias, 1 drivers
v000001e37d49bc90_0 .net "Clac_out3", 9 0, v000001e37d4201c0_0;  alias, 1 drivers
v000001e37d49a930_0 .net "Clac_out4", 9 0, v000001e37d41c820_0;  alias, 1 drivers
v000001e37d49ba10_0 .net "Clac_out5", 9 0, v000001e37d41c8c0_0;  alias, 1 drivers
v000001e37d49a9d0_0 .var "count", 2 0;
v000001e37d49a610_0 .var/i "i", 31 0;
v000001e37d49bab0_0 .var "n0", 9 0;
v000001e37d49abb0_0 .var "n1", 9 0;
v000001e37d49b010_0 .var "n2", 9 0;
v000001e37d49a6b0_0 .var "n3", 9 0;
v000001e37d49b790_0 .var "n4", 9 0;
v000001e37d49ae30_0 .var "n5", 9 0;
v000001e37d49bd30_0 .var "tmp", 9 0;
v000001e37d49b6f0_0 .var "tmp_n0", 9 0;
v000001e37d49acf0_0 .var "tmp_n1", 9 0;
v000001e37d49b1f0_0 .var "tmp_n2", 9 0;
v000001e37d49b290_0 .var "tmp_n3", 9 0;
v000001e37d49bdd0_0 .var "tmp_n4", 9 0;
v000001e37d49b330_0 .var "tmp_n5", 9 0;
E_000001e37d43e380/0 .event anyedge, v000001e37d3c3580_0, v000001e37d40c500_0, v000001e37d420120_0, v000001e37d4201c0_0;
E_000001e37d43e380/1 .event anyedge, v000001e37d41c820_0, v000001e37d41c8c0_0, v000001e37d49a9d0_0, v000001e37d49b6f0_0;
E_000001e37d43e380/2 .event anyedge, v000001e37d49acf0_0, v000001e37d49bd30_0, v000001e37d49b1f0_0, v000001e37d49b290_0;
E_000001e37d43e380/3 .event anyedge, v000001e37d49bdd0_0, v000001e37d49b330_0;
E_000001e37d43e380 .event/or E_000001e37d43e380/0, E_000001e37d43e380/1, E_000001e37d43e380/2, E_000001e37d43e380/3;
S_000001e37d49e150 .scope module, "sort_gm" "Sort" 2 59, 5 3 0, S_000001e37d40c220;
 .timescale -9 -12;
    .port_info 0 /OUTPUT 10 "n0";
    .port_info 1 /OUTPUT 10 "n1";
    .port_info 2 /OUTPUT 10 "n2";
    .port_info 3 /OUTPUT 10 "n3";
    .port_info 4 /OUTPUT 10 "n4";
    .port_info 5 /OUTPUT 10 "n5";
    .port_info 6 /INPUT 10 "Clac_out0";
    .port_info 7 /INPUT 10 "Clac_out1";
    .port_info 8 /INPUT 10 "Clac_out2";
    .port_info 9 /INPUT 10 "Clac_out3";
    .port_info 10 /INPUT 10 "Clac_out4";
    .port_info 11 /INPUT 10 "Clac_out5";
v000001e37d49a2f0_0 .net "Clac_out0", 9 0, v000001e37d499e20_0;  alias, 1 drivers
v000001e37d49bf10_0 .net "Clac_out1", 9 0, v000001e37d499920_0;  alias, 1 drivers
v000001e37d49b3d0_0 .net "Clac_out2", 9 0, v000001e37d499f60_0;  alias, 1 drivers
v000001e37d49b510_0 .net "Clac_out3", 9 0, v000001e37d499ba0_0;  alias, 1 drivers
v000001e37d49b650_0 .net "Clac_out4", 9 0, v000001e37d499060_0;  alias, 1 drivers
v000001e37d49be70_0 .net "Clac_out5", 9 0, v000001e37d499560_0;  alias, 1 drivers
v000001e37d49a070_0 .var "count", 2 0;
v000001e37d49a110_0 .var/i "i", 31 0;
v000001e37d49a1b0_0 .var "n0", 9 0;
v000001e37d49a250_0 .var "n1", 9 0;
v000001e37d49a390_0 .var "n2", 9 0;
v000001e37d49a430_0 .var "n3", 9 0;
v000001e37d49a4d0_0 .var "n4", 9 0;
v000001e37d49a750_0 .var "n5", 9 0;
v000001e37d49f990_0 .var "tmp", 9 0;
v000001e37d49f490_0 .var "tmp_n0", 9 0;
v000001e37d49e4f0_0 .var "tmp_n1", 9 0;
v000001e37d4a0250_0 .var "tmp_n2", 9 0;
v000001e37d49f670_0 .var "tmp_n3", 9 0;
v000001e37d49fe90_0 .var "tmp_n4", 9 0;
v000001e37d49ffd0_0 .var "tmp_n5", 9 0;
E_000001e37d43ea80/0 .event anyedge, v000001e37d499e20_0, v000001e37d499920_0, v000001e37d499f60_0, v000001e37d499ba0_0;
E_000001e37d43ea80/1 .event anyedge, v000001e37d499060_0, v000001e37d499560_0, v000001e37d49a070_0, v000001e37d49f490_0;
E_000001e37d43ea80/2 .event anyedge, v000001e37d49e4f0_0, v000001e37d49f990_0, v000001e37d4a0250_0, v000001e37d49f670_0;
E_000001e37d43ea80/3 .event anyedge, v000001e37d49fe90_0, v000001e37d49ffd0_0;
E_000001e37d43ea80 .event/or E_000001e37d43ea80/0, E_000001e37d43ea80/1, E_000001e37d43ea80/2, E_000001e37d43ea80/3;
    .scope S_000001e37d41fda0;
T_0 ;
    %wait E_000001e37d43e340;
    %load/vec4 v000001e37d499c40_0;
    %pad/u 32;
    %load/vec4 v000001e37d4999c0_0;
    %pad/u 32;
    %subi 1, 0, 32;
    %cmp/u;
    %jmp/0xz  T_0.0, 5;
    %load/vec4 v000001e37d4991a0_0;
    %pad/u 32;
    %muli 2, 0, 32;
    %load/vec4 v000001e37d4999c0_0;
    %pad/u 32;
    %subi 1, 0, 32;
    %mul;
    %load/vec4 v000001e37d499c40_0;
    %pad/u 32;
    %mul;
    %load/vec4 v000001e37d499c40_0;
    %pad/u 32;
    %load/vec4 v000001e37d499c40_0;
    %pad/u 32;
    %mul;
    %sub;
    %pushi/vec4 3, 0, 32;
    %div;
    %pad/u 10;
    %assign/vec4 v000001e37d3c3580_0, 0;
    %load/vec4 v000001e37d4991a0_0;
    %pad/u 32;
    %load/vec4 v000001e37d499c40_0;
    %pad/u 32;
    %mul;
    %muli 2, 0, 32;
    %pushi/vec4 3, 0, 32;
    %div;
    %pad/u 10;
    %assign/vec4 v000001e37d499e20_0, 0;
    %jmp T_0.1;
T_0.0 ;
    %load/vec4 v000001e37d4991a0_0;
    %pad/u 32;
    %load/vec4 v000001e37d4999c0_0;
    %pad/u 32;
    %subi 1, 0, 32;
    %mul;
    %load/vec4 v000001e37d4999c0_0;
    %pad/u 32;
    %subi 1, 0, 32;
    %mul;
    %pushi/vec4 3, 0, 32;
    %div;
    %pad/u 10;
    %assign/vec4 v000001e37d3c3580_0, 0;
    %load/vec4 v000001e37d4991a0_0;
    %pad/u 32;
    %load/vec4 v000001e37d4999c0_0;
    %pad/u 32;
    %subi 1, 0, 32;
    %mul;
    %muli 2, 0, 32;
    %pushi/vec4 3, 0, 32;
    %div;
    %pad/u 10;
    %assign/vec4 v000001e37d499e20_0, 0;
T_0.1 ;
    %jmp T_0;
    .thread T_0, $push;
    .scope S_000001e37d41fda0;
T_1 ;
    %wait E_000001e37d43e100;
    %load/vec4 v000001e37d4992e0_0;
    %pad/u 32;
    %load/vec4 v000001e37d499740_0;
    %pad/u 32;
    %subi 1, 0, 32;
    %cmp/u;
    %jmp/0xz  T_1.0, 5;
    %load/vec4 v000001e37d499240_0;
    %pad/u 32;
    %muli 2, 0, 32;
    %load/vec4 v000001e37d499740_0;
    %pad/u 32;
    %subi 1, 0, 32;
    %mul;
    %load/vec4 v000001e37d4992e0_0;
    %pad/u 32;
    %mul;
    %load/vec4 v000001e37d4992e0_0;
    %pad/u 32;
    %load/vec4 v000001e37d4992e0_0;
    %pad/u 32;
    %mul;
    %sub;
    %pushi/vec4 3, 0, 32;
    %div;
    %pad/u 10;
    %assign/vec4 v000001e37d40c500_0, 0;
    %load/vec4 v000001e37d499240_0;
    %pad/u 32;
    %load/vec4 v000001e37d4992e0_0;
    %pad/u 32;
    %mul;
    %muli 2, 0, 32;
    %pushi/vec4 3, 0, 32;
    %div;
    %pad/u 10;
    %assign/vec4 v000001e37d499920_0, 0;
    %jmp T_1.1;
T_1.0 ;
    %load/vec4 v000001e37d499240_0;
    %pad/u 32;
    %load/vec4 v000001e37d499740_0;
    %pad/u 32;
    %subi 1, 0, 32;
    %mul;
    %load/vec4 v000001e37d499740_0;
    %pad/u 32;
    %subi 1, 0, 32;
    %mul;
    %pushi/vec4 3, 0, 32;
    %div;
    %pad/u 10;
    %assign/vec4 v000001e37d40c500_0, 0;
    %load/vec4 v000001e37d499240_0;
    %pad/u 32;
    %load/vec4 v000001e37d499740_0;
    %pad/u 32;
    %subi 1, 0, 32;
    %mul;
    %muli 2, 0, 32;
    %pushi/vec4 3, 0, 32;
    %div;
    %pad/u 10;
    %assign/vec4 v000001e37d499920_0, 0;
T_1.1 ;
    %jmp T_1;
    .thread T_1, $push;
    .scope S_000001e37d41fda0;
T_2 ;
    %wait E_000001e37d43ee00;
    %load/vec4 v000001e37d499420_0;
    %pad/u 32;
    %load/vec4 v000001e37d499b00_0;
    %pad/u 32;
    %subi 1, 0, 32;
    %cmp/u;
    %jmp/0xz  T_2.0, 5;
    %load/vec4 v000001e37d4997e0_0;
    %pad/u 32;
    %muli 2, 0, 32;
    %load/vec4 v000001e37d499b00_0;
    %pad/u 32;
    %subi 1, 0, 32;
    %mul;
    %load/vec4 v000001e37d499420_0;
    %pad/u 32;
    %mul;
    %load/vec4 v000001e37d499420_0;
    %pad/u 32;
    %load/vec4 v000001e37d499420_0;
    %pad/u 32;
    %mul;
    %sub;
    %pushi/vec4 3, 0, 32;
    %div;
    %pad/u 10;
    %assign/vec4 v000001e37d420120_0, 0;
    %load/vec4 v000001e37d4997e0_0;
    %pad/u 32;
    %load/vec4 v000001e37d499420_0;
    %pad/u 32;
    %mul;
    %muli 2, 0, 32;
    %pushi/vec4 3, 0, 32;
    %div;
    %pad/u 10;
    %assign/vec4 v000001e37d499f60_0, 0;
    %jmp T_2.1;
T_2.0 ;
    %load/vec4 v000001e37d4997e0_0;
    %pad/u 32;
    %load/vec4 v000001e37d499b00_0;
    %pad/u 32;
    %subi 1, 0, 32;
    %mul;
    %load/vec4 v000001e37d499b00_0;
    %pad/u 32;
    %subi 1, 0, 32;
    %mul;
    %pushi/vec4 3, 0, 32;
    %div;
    %pad/u 10;
    %assign/vec4 v000001e37d420120_0, 0;
    %load/vec4 v000001e37d4997e0_0;
    %pad/u 32;
    %load/vec4 v000001e37d499b00_0;
    %pad/u 32;
    %subi 1, 0, 32;
    %mul;
    %muli 2, 0, 32;
    %pushi/vec4 3, 0, 32;
    %div;
    %pad/u 10;
    %assign/vec4 v000001e37d499f60_0, 0;
T_2.1 ;
    %jmp T_2;
    .thread T_2, $push;
    .scope S_000001e37d41fda0;
T_3 ;
    %wait E_000001e37d43ed40;
    %load/vec4 v000001e37d499880_0;
    %pad/u 32;
    %load/vec4 v000001e37d499a60_0;
    %pad/u 32;
    %subi 1, 0, 32;
    %cmp/u;
    %jmp/0xz  T_3.0, 5;
    %load/vec4 v000001e37d499d80_0;
    %pad/u 32;
    %muli 2, 0, 32;
    %load/vec4 v000001e37d499a60_0;
    %pad/u 32;
    %subi 1, 0, 32;
    %mul;
    %load/vec4 v000001e37d499880_0;
    %pad/u 32;
    %mul;
    %load/vec4 v000001e37d499880_0;
    %pad/u 32;
    %load/vec4 v000001e37d499880_0;
    %pad/u 32;
    %mul;
    %sub;
    %pushi/vec4 3, 0, 32;
    %div;
    %pad/u 10;
    %assign/vec4 v000001e37d4201c0_0, 0;
    %load/vec4 v000001e37d499d80_0;
    %pad/u 32;
    %load/vec4 v000001e37d499880_0;
    %pad/u 32;
    %mul;
    %muli 2, 0, 32;
    %pushi/vec4 3, 0, 32;
    %div;
    %pad/u 10;
    %assign/vec4 v000001e37d499ba0_0, 0;
    %jmp T_3.1;
T_3.0 ;
    %load/vec4 v000001e37d499d80_0;
    %pad/u 32;
    %load/vec4 v000001e37d499a60_0;
    %pad/u 32;
    %subi 1, 0, 32;
    %mul;
    %load/vec4 v000001e37d499a60_0;
    %pad/u 32;
    %subi 1, 0, 32;
    %mul;
    %pushi/vec4 3, 0, 32;
    %div;
    %pad/u 10;
    %assign/vec4 v000001e37d4201c0_0, 0;
    %load/vec4 v000001e37d499d80_0;
    %pad/u 32;
    %load/vec4 v000001e37d499a60_0;
    %pad/u 32;
    %subi 1, 0, 32;
    %mul;
    %muli 2, 0, 32;
    %pushi/vec4 3, 0, 32;
    %div;
    %pad/u 10;
    %assign/vec4 v000001e37d499ba0_0, 0;
T_3.1 ;
    %jmp T_3;
    .thread T_3, $push;
    .scope S_000001e37d41fda0;
T_4 ;
    %wait E_000001e37d43e9c0;
    %load/vec4 v000001e37d499100_0;
    %pad/u 32;
    %load/vec4 v000001e37d499600_0;
    %pad/u 32;
    %subi 1, 0, 32;
    %cmp/u;
    %jmp/0xz  T_4.0, 5;
    %load/vec4 v000001e37d499ec0_0;
    %pad/u 32;
    %muli 2, 0, 32;
    %load/vec4 v000001e37d499600_0;
    %pad/u 32;
    %subi 1, 0, 32;
    %mul;
    %load/vec4 v000001e37d499100_0;
    %pad/u 32;
    %mul;
    %load/vec4 v000001e37d499100_0;
    %pad/u 32;
    %load/vec4 v000001e37d499100_0;
    %pad/u 32;
    %mul;
    %sub;
    %pushi/vec4 3, 0, 32;
    %div;
    %pad/u 10;
    %assign/vec4 v000001e37d41c820_0, 0;
    %load/vec4 v000001e37d499ec0_0;
    %pad/u 32;
    %load/vec4 v000001e37d499100_0;
    %pad/u 32;
    %mul;
    %muli 2, 0, 32;
    %pushi/vec4 3, 0, 32;
    %div;
    %pad/u 10;
    %assign/vec4 v000001e37d499060_0, 0;
    %jmp T_4.1;
T_4.0 ;
    %load/vec4 v000001e37d499ec0_0;
    %pad/u 32;
    %load/vec4 v000001e37d499600_0;
    %pad/u 32;
    %subi 1, 0, 32;
    %mul;
    %load/vec4 v000001e37d499600_0;
    %pad/u 32;
    %subi 1, 0, 32;
    %mul;
    %pushi/vec4 3, 0, 32;
    %div;
    %pad/u 10;
    %assign/vec4 v000001e37d41c820_0, 0;
    %load/vec4 v000001e37d499ec0_0;
    %pad/u 32;
    %load/vec4 v000001e37d499600_0;
    %pad/u 32;
    %subi 1, 0, 32;
    %mul;
    %muli 2, 0, 32;
    %pushi/vec4 3, 0, 32;
    %div;
    %pad/u 10;
    %assign/vec4 v000001e37d499060_0, 0;
T_4.1 ;
    %jmp T_4;
    .thread T_4, $push;
    .scope S_000001e37d41fda0;
T_5 ;
    %wait E_000001e37d43e300;
    %load/vec4 v000001e37d4996a0_0;
    %pad/u 32;
    %load/vec4 v000001e37d499ce0_0;
    %pad/u 32;
    %subi 1, 0, 32;
    %cmp/u;
    %jmp/0xz  T_5.0, 5;
    %load/vec4 v000001e37d499380_0;
    %pad/u 32;
    %muli 2, 0, 32;
    %load/vec4 v000001e37d499ce0_0;
    %pad/u 32;
    %subi 1, 0, 32;
    %mul;
    %load/vec4 v000001e37d4996a0_0;
    %pad/u 32;
    %mul;
    %load/vec4 v000001e37d4996a0_0;
    %pad/u 32;
    %load/vec4 v000001e37d4996a0_0;
    %pad/u 32;
    %mul;
    %sub;
    %pushi/vec4 3, 0, 32;
    %div;
    %pad/u 10;
    %assign/vec4 v000001e37d41c8c0_0, 0;
    %load/vec4 v000001e37d499380_0;
    %pad/u 32;
    %load/vec4 v000001e37d4996a0_0;
    %pad/u 32;
    %mul;
    %muli 2, 0, 32;
    %pushi/vec4 3, 0, 32;
    %div;
    %pad/u 10;
    %assign/vec4 v000001e37d499560_0, 0;
    %jmp T_5.1;
T_5.0 ;
    %load/vec4 v000001e37d499380_0;
    %pad/u 32;
    %load/vec4 v000001e37d499ce0_0;
    %pad/u 32;
    %subi 1, 0, 32;
    %mul;
    %load/vec4 v000001e37d499ce0_0;
    %pad/u 32;
    %subi 1, 0, 32;
    %mul;
    %pushi/vec4 3, 0, 32;
    %div;
    %pad/u 10;
    %assign/vec4 v000001e37d41c8c0_0, 0;
    %load/vec4 v000001e37d499380_0;
    %pad/u 32;
    %load/vec4 v000001e37d499ce0_0;
    %pad/u 32;
    %subi 1, 0, 32;
    %mul;
    %muli 2, 0, 32;
    %pushi/vec4 3, 0, 32;
    %div;
    %pad/u 10;
    %assign/vec4 v000001e37d499560_0, 0;
T_5.1 ;
    %jmp T_5;
    .thread T_5, $push;
    .scope S_000001e37d3c3040;
T_6 ;
    %wait E_000001e37d43e380;
    %pushi/vec4 0, 0, 10;
    %store/vec4 v000001e37d49bd30_0, 0, 10;
    %load/vec4 v000001e37d49a890_0;
    %store/vec4 v000001e37d49b6f0_0, 0, 10;
    %load/vec4 v000001e37d49ad90_0;
    %store/vec4 v000001e37d49acf0_0, 0, 10;
    %load/vec4 v000001e37d49ac50_0;
    %store/vec4 v000001e37d49b1f0_0, 0, 10;
    %load/vec4 v000001e37d49bc90_0;
    %store/vec4 v000001e37d49b290_0, 0, 10;
    %load/vec4 v000001e37d49a930_0;
    %store/vec4 v000001e37d49bdd0_0, 0, 10;
    %load/vec4 v000001e37d49ba10_0;
    %store/vec4 v000001e37d49b330_0, 0, 10;
    %pushi/vec4 0, 0, 32;
    %store/vec4 v000001e37d49a610_0, 0, 32;
T_6.0 ;
    %load/vec4 v000001e37d49a610_0;
    %cmpi/s 6, 0, 32;
    %jmp/0xz T_6.1, 5;
    %load/vec4 v000001e37d49a610_0;
    %pad/s 3;
    %store/vec4 v000001e37d49a9d0_0, 0, 3;
    %load/vec4 v000001e37d49a9d0_0;
    %parti/s 1, 0, 2;
    %pad/u 32;
    %cmpi/e 0, 0, 32;
    %jmp/0xz  T_6.2, 4;
    %load/vec4 v000001e37d49acf0_0;
    %load/vec4 v000001e37d49b6f0_0;
    %cmp/u;
    %flag_or 5, 4;
    %jmp/0xz  T_6.4, 5;
    %load/vec4 v000001e37d49b6f0_0;
    %store/vec4 v000001e37d49b6f0_0, 0, 10;
    %load/vec4 v000001e37d49acf0_0;
    %store/vec4 v000001e37d49acf0_0, 0, 10;
    %jmp T_6.5;
T_6.4 ;
    %load/vec4 v000001e37d49b6f0_0;
    %store/vec4 v000001e37d49bd30_0, 0, 10;
    %load/vec4 v000001e37d49acf0_0;
    %store/vec4 v000001e37d49b6f0_0, 0, 10;
    %load/vec4 v000001e37d49bd30_0;
    %store/vec4 v000001e37d49acf0_0, 0, 10;
T_6.5 ;
    %load/vec4 v000001e37d49b290_0;
    %load/vec4 v000001e37d49b1f0_0;
    %cmp/u;
    %flag_or 5, 4;
    %jmp/0xz  T_6.6, 5;
    %load/vec4 v000001e37d49b1f0_0;
    %store/vec4 v000001e37d49b1f0_0, 0, 10;
    %load/vec4 v000001e37d49b290_0;
    %store/vec4 v000001e37d49b290_0, 0, 10;
    %jmp T_6.7;
T_6.6 ;
    %load/vec4 v000001e37d49b1f0_0;
    %store/vec4 v000001e37d49bd30_0, 0, 10;
    %load/vec4 v000001e37d49b290_0;
    %store/vec4 v000001e37d49b1f0_0, 0, 10;
    %load/vec4 v000001e37d49bd30_0;
    %store/vec4 v000001e37d49b290_0, 0, 10;
T_6.7 ;
    %load/vec4 v000001e37d49b330_0;
    %load/vec4 v000001e37d49bdd0_0;
    %cmp/u;
    %flag_or 5, 4;
    %jmp/0xz  T_6.8, 5;
    %load/vec4 v000001e37d49bdd0_0;
    %store/vec4 v000001e37d49bdd0_0, 0, 10;
    %load/vec4 v000001e37d49b330_0;
    %store/vec4 v000001e37d49b330_0, 0, 10;
    %jmp T_6.9;
T_6.8 ;
    %load/vec4 v000001e37d49bdd0_0;
    %store/vec4 v000001e37d49bd30_0, 0, 10;
    %load/vec4 v000001e37d49b330_0;
    %store/vec4 v000001e37d49bdd0_0, 0, 10;
    %load/vec4 v000001e37d49bd30_0;
    %store/vec4 v000001e37d49b330_0, 0, 10;
T_6.9 ;
    %jmp T_6.3;
T_6.2 ;
    %load/vec4 v000001e37d49b1f0_0;
    %load/vec4 v000001e37d49acf0_0;
    %cmp/u;
    %flag_or 5, 4;
    %jmp/0xz  T_6.10, 5;
    %load/vec4 v000001e37d49acf0_0;
    %store/vec4 v000001e37d49acf0_0, 0, 10;
    %load/vec4 v000001e37d49b1f0_0;
    %store/vec4 v000001e37d49b1f0_0, 0, 10;
    %jmp T_6.11;
T_6.10 ;
    %load/vec4 v000001e37d49acf0_0;
    %store/vec4 v000001e37d49bd30_0, 0, 10;
    %load/vec4 v000001e37d49b1f0_0;
    %store/vec4 v000001e37d49acf0_0, 0, 10;
    %load/vec4 v000001e37d49bd30_0;
    %store/vec4 v000001e37d49b1f0_0, 0, 10;
T_6.11 ;
    %load/vec4 v000001e37d49bdd0_0;
    %load/vec4 v000001e37d49b290_0;
    %cmp/u;
    %flag_or 5, 4;
    %jmp/0xz  T_6.12, 5;
    %load/vec4 v000001e37d49b290_0;
    %store/vec4 v000001e37d49b290_0, 0, 10;
    %load/vec4 v000001e37d49bdd0_0;
    %store/vec4 v000001e37d49bdd0_0, 0, 10;
    %jmp T_6.13;
T_6.12 ;
    %load/vec4 v000001e37d49b290_0;
    %store/vec4 v000001e37d49bd30_0, 0, 10;
    %load/vec4 v000001e37d49bdd0_0;
    %store/vec4 v000001e37d49b290_0, 0, 10;
    %load/vec4 v000001e37d49bd30_0;
    %store/vec4 v000001e37d49bdd0_0, 0, 10;
T_6.13 ;
T_6.3 ;
    %load/vec4 v000001e37d49a9d0_0;
    %addi 1, 0, 3;
    %store/vec4 v000001e37d49a9d0_0, 0, 3;
    %load/vec4 v000001e37d49a610_0;
    %addi 1, 0, 32;
    %store/vec4 v000001e37d49a610_0, 0, 32;
    %jmp T_6.0;
T_6.1 ;
    %load/vec4 v000001e37d49b6f0_0;
    %store/vec4 v000001e37d49bab0_0, 0, 10;
    %load/vec4 v000001e37d49acf0_0;
    %store/vec4 v000001e37d49abb0_0, 0, 10;
    %load/vec4 v000001e37d49b1f0_0;
    %store/vec4 v000001e37d49b010_0, 0, 10;
    %load/vec4 v000001e37d49b290_0;
    %store/vec4 v000001e37d49a6b0_0, 0, 10;
    %load/vec4 v000001e37d49bdd0_0;
    %store/vec4 v000001e37d49b790_0, 0, 10;
    %load/vec4 v000001e37d49b330_0;
    %store/vec4 v000001e37d49ae30_0, 0, 10;
    %jmp T_6;
    .thread T_6, $push;
    .scope S_000001e37d49e150;
T_7 ;
    %wait E_000001e37d43ea80;
    %pushi/vec4 0, 0, 10;
    %store/vec4 v000001e37d49f990_0, 0, 10;
    %load/vec4 v000001e37d49a2f0_0;
    %store/vec4 v000001e37d49f490_0, 0, 10;
    %load/vec4 v000001e37d49bf10_0;
    %store/vec4 v000001e37d49e4f0_0, 0, 10;
    %load/vec4 v000001e37d49b3d0_0;
    %store/vec4 v000001e37d4a0250_0, 0, 10;
    %load/vec4 v000001e37d49b510_0;
    %store/vec4 v000001e37d49f670_0, 0, 10;
    %load/vec4 v000001e37d49b650_0;
    %store/vec4 v000001e37d49fe90_0, 0, 10;
    %load/vec4 v000001e37d49be70_0;
    %store/vec4 v000001e37d49ffd0_0, 0, 10;
    %pushi/vec4 0, 0, 32;
    %store/vec4 v000001e37d49a110_0, 0, 32;
T_7.0 ;
    %load/vec4 v000001e37d49a110_0;
    %cmpi/s 6, 0, 32;
    %jmp/0xz T_7.1, 5;
    %load/vec4 v000001e37d49a110_0;
    %pad/s 3;
    %store/vec4 v000001e37d49a070_0, 0, 3;
    %load/vec4 v000001e37d49a070_0;
    %parti/s 1, 0, 2;
    %pad/u 32;
    %cmpi/e 0, 0, 32;
    %jmp/0xz  T_7.2, 4;
    %load/vec4 v000001e37d49e4f0_0;
    %load/vec4 v000001e37d49f490_0;
    %cmp/u;
    %flag_or 5, 4;
    %jmp/0xz  T_7.4, 5;
    %load/vec4 v000001e37d49f490_0;
    %store/vec4 v000001e37d49f490_0, 0, 10;
    %load/vec4 v000001e37d49e4f0_0;
    %store/vec4 v000001e37d49e4f0_0, 0, 10;
    %jmp T_7.5;
T_7.4 ;
    %load/vec4 v000001e37d49f490_0;
    %store/vec4 v000001e37d49f990_0, 0, 10;
    %load/vec4 v000001e37d49e4f0_0;
    %store/vec4 v000001e37d49f490_0, 0, 10;
    %load/vec4 v000001e37d49f990_0;
    %store/vec4 v000001e37d49e4f0_0, 0, 10;
T_7.5 ;
    %load/vec4 v000001e37d49f670_0;
    %load/vec4 v000001e37d4a0250_0;
    %cmp/u;
    %flag_or 5, 4;
    %jmp/0xz  T_7.6, 5;
    %load/vec4 v000001e37d4a0250_0;
    %store/vec4 v000001e37d4a0250_0, 0, 10;
    %load/vec4 v000001e37d49f670_0;
    %store/vec4 v000001e37d49f670_0, 0, 10;
    %jmp T_7.7;
T_7.6 ;
    %load/vec4 v000001e37d4a0250_0;
    %store/vec4 v000001e37d49f990_0, 0, 10;
    %load/vec4 v000001e37d49f670_0;
    %store/vec4 v000001e37d4a0250_0, 0, 10;
    %load/vec4 v000001e37d49f990_0;
    %store/vec4 v000001e37d49f670_0, 0, 10;
T_7.7 ;
    %load/vec4 v000001e37d49ffd0_0;
    %load/vec4 v000001e37d49fe90_0;
    %cmp/u;
    %flag_or 5, 4;
    %jmp/0xz  T_7.8, 5;
    %load/vec4 v000001e37d49fe90_0;
    %store/vec4 v000001e37d49fe90_0, 0, 10;
    %load/vec4 v000001e37d49ffd0_0;
    %store/vec4 v000001e37d49ffd0_0, 0, 10;
    %jmp T_7.9;
T_7.8 ;
    %load/vec4 v000001e37d49fe90_0;
    %store/vec4 v000001e37d49f990_0, 0, 10;
    %load/vec4 v000001e37d49ffd0_0;
    %store/vec4 v000001e37d49fe90_0, 0, 10;
    %load/vec4 v000001e37d49f990_0;
    %store/vec4 v000001e37d49ffd0_0, 0, 10;
T_7.9 ;
    %jmp T_7.3;
T_7.2 ;
    %load/vec4 v000001e37d4a0250_0;
    %load/vec4 v000001e37d49e4f0_0;
    %cmp/u;
    %flag_or 5, 4;
    %jmp/0xz  T_7.10, 5;
    %load/vec4 v000001e37d49e4f0_0;
    %store/vec4 v000001e37d49e4f0_0, 0, 10;
    %load/vec4 v000001e37d4a0250_0;
    %store/vec4 v000001e37d4a0250_0, 0, 10;
    %jmp T_7.11;
T_7.10 ;
    %load/vec4 v000001e37d49e4f0_0;
    %store/vec4 v000001e37d49f990_0, 0, 10;
    %load/vec4 v000001e37d4a0250_0;
    %store/vec4 v000001e37d49e4f0_0, 0, 10;
    %load/vec4 v000001e37d49f990_0;
    %store/vec4 v000001e37d4a0250_0, 0, 10;
T_7.11 ;
    %load/vec4 v000001e37d49fe90_0;
    %load/vec4 v000001e37d49f670_0;
    %cmp/u;
    %flag_or 5, 4;
    %jmp/0xz  T_7.12, 5;
    %load/vec4 v000001e37d49f670_0;
    %store/vec4 v000001e37d49f670_0, 0, 10;
    %load/vec4 v000001e37d49fe90_0;
    %store/vec4 v000001e37d49fe90_0, 0, 10;
    %jmp T_7.13;
T_7.12 ;
    %load/vec4 v000001e37d49f670_0;
    %store/vec4 v000001e37d49f990_0, 0, 10;
    %load/vec4 v000001e37d49fe90_0;
    %store/vec4 v000001e37d49f670_0, 0, 10;
    %load/vec4 v000001e37d49f990_0;
    %store/vec4 v000001e37d49fe90_0, 0, 10;
T_7.13 ;
T_7.3 ;
    %load/vec4 v000001e37d49a070_0;
    %addi 1, 0, 3;
    %store/vec4 v000001e37d49a070_0, 0, 3;
    %load/vec4 v000001e37d49a110_0;
    %addi 1, 0, 32;
    %store/vec4 v000001e37d49a110_0, 0, 32;
    %jmp T_7.0;
T_7.1 ;
    %load/vec4 v000001e37d49f490_0;
    %store/vec4 v000001e37d49a1b0_0, 0, 10;
    %load/vec4 v000001e37d49e4f0_0;
    %store/vec4 v000001e37d49a250_0, 0, 10;
    %load/vec4 v000001e37d4a0250_0;
    %store/vec4 v000001e37d49a390_0, 0, 10;
    %load/vec4 v000001e37d49f670_0;
    %store/vec4 v000001e37d49a430_0, 0, 10;
    %load/vec4 v000001e37d49fe90_0;
    %store/vec4 v000001e37d49a4d0_0, 0, 10;
    %load/vec4 v000001e37d49ffd0_0;
    %store/vec4 v000001e37d49a750_0, 0, 10;
    %jmp T_7;
    .thread T_7, $push;
    .scope S_000001e37d3c2eb0;
T_8 ;
    %wait E_000001e37d43eb00;
    %load/vec4 v000001e37d49a7f0_0;
    %dup/vec4;
    %pushi/vec4 0, 0, 2;
    %cmp/u;
    %jmp/1 T_8.0, 6;
    %dup/vec4;
    %pushi/vec4 1, 0, 2;
    %cmp/u;
    %jmp/1 T_8.1, 6;
    %dup/vec4;
    %pushi/vec4 2, 0, 2;
    %cmp/u;
    %jmp/1 T_8.2, 6;
    %dup/vec4;
    %pushi/vec4 3, 0, 2;
    %cmp/u;
    %jmp/1 T_8.3, 6;
    %pushi/vec4 0, 0, 10;
    %assign/vec4 v000001e37d49bbf0_0, 0;
    %jmp T_8.5;
T_8.0 ;
    %load/vec4 v000001e37d49b970_0;
    %load/vec4 v000001e37d49af70_0;
    %add;
    %load/vec4 v000001e37d49b150_0;
    %add;
    %assign/vec4 v000001e37d49bbf0_0, 0;
    %jmp T_8.5;
T_8.1 ;
    %load/vec4 v000001e37d49b970_0;
    %muli 3, 0, 10;
    %load/vec4 v000001e37d49af70_0;
    %muli 4, 0, 10;
    %add;
    %load/vec4 v000001e37d49b150_0;
    %muli 5, 0, 10;
    %add;
    %assign/vec4 v000001e37d49bbf0_0, 0;
    %jmp T_8.5;
T_8.2 ;
    %load/vec4 v000001e37d49b8d0_0;
    %load/vec4 v000001e37d49aa70_0;
    %add;
    %load/vec4 v000001e37d49aed0_0;
    %add;
    %assign/vec4 v000001e37d49bbf0_0, 0;
    %jmp T_8.5;
T_8.3 ;
    %load/vec4 v000001e37d49b8d0_0;
    %muli 3, 0, 10;
    %load/vec4 v000001e37d49aa70_0;
    %muli 4, 0, 10;
    %add;
    %load/vec4 v000001e37d49aed0_0;
    %muli 5, 0, 10;
    %add;
    %assign/vec4 v000001e37d49bbf0_0, 0;
    %jmp T_8.5;
T_8.5 ;
    %pop/vec4 1;
    %jmp T_8;
    .thread T_8, $push;
    .scope S_000001e37d3c2d20;
T_9 ;
    %wait E_000001e37d43e140;
    %load/vec4 v000001e37d4994c0_0;
    %dup/vec4;
    %pushi/vec4 0, 0, 2;
    %cmp/u;
    %jmp/1 T_9.0, 6;
    %dup/vec4;
    %pushi/vec4 1, 0, 2;
    %cmp/u;
    %jmp/1 T_9.1, 6;
    %dup/vec4;
    %pushi/vec4 2, 0, 2;
    %cmp/u;
    %jmp/1 T_9.2, 6;
    %dup/vec4;
    %pushi/vec4 3, 0, 2;
    %cmp/u;
    %jmp/1 T_9.3, 6;
    %pushi/vec4 0, 0, 10;
    %assign/vec4 v000001e37d49b5b0_0, 0;
    %jmp T_9.5;
T_9.0 ;
    %load/vec4 v000001e37d49a570_0;
    %load/vec4 v000001e37d49b830_0;
    %add;
    %load/vec4 v000001e37d49b0b0_0;
    %add;
    %assign/vec4 v000001e37d49b5b0_0, 0;
    %jmp T_9.5;
T_9.1 ;
    %load/vec4 v000001e37d49a570_0;
    %muli 3, 0, 10;
    %load/vec4 v000001e37d49b830_0;
    %muli 4, 0, 10;
    %add;
    %load/vec4 v000001e37d49b0b0_0;
    %muli 5, 0, 10;
    %add;
    %assign/vec4 v000001e37d49b5b0_0, 0;
    %jmp T_9.5;
T_9.2 ;
    %load/vec4 v000001e37d49ab10_0;
    %load/vec4 v000001e37d49bb50_0;
    %add;
    %load/vec4 v000001e37d49b470_0;
    %add;
    %assign/vec4 v000001e37d49b5b0_0, 0;
    %jmp T_9.5;
T_9.3 ;
    %load/vec4 v000001e37d49ab10_0;
    %muli 3, 0, 10;
    %load/vec4 v000001e37d49bb50_0;
    %muli 4, 0, 10;
    %add;
    %load/vec4 v000001e37d49b470_0;
    %muli 5, 0, 10;
    %add;
    %assign/vec4 v000001e37d49b5b0_0, 0;
    %jmp T_9.5;
T_9.5 ;
    %pop/vec4 1;
    %jmp T_9;
    .thread T_9, $push;
    .scope S_000001e37d40c220;
T_10 ;
    %wait E_000001e37d43e7c0;
    %load/vec4 v000001e37d4a1e60_0;
    %dup/vec4;
    %pushi/vec4 0, 0, 2;
    %cmp/u;
    %jmp/1 T_10.0, 6;
    %dup/vec4;
    %pushi/vec4 1, 0, 2;
    %cmp/u;
    %jmp/1 T_10.1, 6;
    %dup/vec4;
    %pushi/vec4 2, 0, 2;
    %cmp/u;
    %jmp/1 T_10.2, 6;
    %dup/vec4;
    %pushi/vec4 3, 0, 2;
    %cmp/u;
    %jmp/1 T_10.3, 6;
    %pushi/vec4 0, 0, 10;
    %store/vec4 v000001e37d4a2e00_0, 0, 10;
    %jmp T_10.5;
T_10.0 ;
    %load/vec4 v000001e37d4a2040_0;
    %store/vec4 v000001e37d4a2e00_0, 0, 10;
    %jmp T_10.5;
T_10.1 ;
    %load/vec4 v000001e37d49ef90_0;
    %store/vec4 v000001e37d4a2e00_0, 0, 10;
    %jmp T_10.5;
T_10.2 ;
    %load/vec4 v000001e37d4a2040_0;
    %store/vec4 v000001e37d4a2e00_0, 0, 10;
    %jmp T_10.5;
T_10.3 ;
    %load/vec4 v000001e37d49ef90_0;
    %store/vec4 v000001e37d4a2e00_0, 0, 10;
    %jmp T_10.5;
T_10.5 ;
    %pop/vec4 1;
    %jmp T_10;
    .thread T_10, $push;
# The file index is used to find the file name in the following table.
:file_names 6;
    "N/A";
    "<interactive>";
    "SMC.v";
    "./Calc.v";
    "./Choose.v";
    "./Sort.v";
