#! /c/Source/iverilog-install/bin/vvp
:ivl_version "12.0 (devel)" "(s20150603-1110-g18392a46)";
:ivl_delay_selection "TYPICAL";
:vpi_time_precision - 12;
:vpi_module "C:\iverilog\lib\ivl\system.vpi";
:vpi_module "C:\iverilog\lib\ivl\vhdl_sys.vpi";
:vpi_module "C:\iverilog\lib\ivl\vhdl_textio.vpi";
:vpi_module "C:\iverilog\lib\ivl\v2005_math.vpi";
:vpi_module "C:\iverilog\lib\ivl\va_math.vpi";
S_000002a398c6dd30 .scope module, "tb_SMC" "tb_SMC" 2 4;
 .timescale -9 -12;
v000002a398cb92b0_0 .var "Vds0", 2 0;
v000002a398cba070_0 .var "Vds1", 2 0;
v000002a398cb86d0_0 .var "Vds2", 2 0;
v000002a398cb8ef0_0 .var "Vds3", 2 0;
v000002a398cb9a30_0 .var "Vds4", 2 0;
v000002a398cba1b0_0 .var "Vds5", 2 0;
v000002a398cb8d10_0 .var "Vgs0", 2 0;
v000002a398cba4d0_0 .var "Vgs1", 2 0;
v000002a398cb9b70_0 .var "Vgs2", 2 0;
v000002a398cb8a90_0 .var "Vgs3", 2 0;
v000002a398cb9df0_0 .var "Vgs4", 2 0;
v000002a398cb8770_0 .var "Vgs5", 2 0;
v000002a398cb8bd0_0 .var "W0", 2 0;
v000002a398cb9710_0 .var "W1", 2 0;
v000002a398cb8db0_0 .var "W2", 2 0;
v000002a398cb9d50_0 .var "W3", 2 0;
v000002a398cb93f0_0 .var "W4", 2 0;
v000002a398cb9990_0 .var "W5", 2 0;
v000002a398cb8c70_0 .var/i "error", 31 0;
v000002a398cb90d0_0 .var "gt", 9 0;
v000002a398cb9ad0_0 .var/i "i", 31 0;
v000002a398cba2f0_0 .var "mode", 1 0;
v000002a398cba250_0 .net "out", 9 0, v000002a398cba570_0;  1 drivers
v000002a398cb9c10_0 .var "p", 66 0;
v000002a398cba110 .array "pattern", 99 0, 66 0;
S_000002a398c3e380 .scope module, "u_SMC" "SMC" 2 36, 3 25 0, S_000002a398c6dd30;
 .timescale -9 -12;
    .port_info 0 /OUTPUT 10 "out";
    .port_info 1 /INPUT 2 "mode";
    .port_info 2 /INPUT 3 "Vgs0";
    .port_info 3 /INPUT 3 "Vgs1";
    .port_info 4 /INPUT 3 "Vgs2";
    .port_info 5 /INPUT 3 "Vgs3";
    .port_info 6 /INPUT 3 "Vgs4";
    .port_info 7 /INPUT 3 "Vgs5";
    .port_info 8 /INPUT 3 "Vds0";
    .port_info 9 /INPUT 3 "Vds1";
    .port_info 10 /INPUT 3 "Vds2";
    .port_info 11 /INPUT 3 "Vds3";
    .port_info 12 /INPUT 3 "Vds4";
    .port_info 13 /INPUT 3 "Vds5";
    .port_info 14 /INPUT 3 "W0";
    .port_info 15 /INPUT 3 "W1";
    .port_info 16 /INPUT 3 "W2";
    .port_info 17 /INPUT 3 "W3";
    .port_info 18 /INPUT 3 "W4";
    .port_info 19 /INPUT 3 "W5";
v000002a398cb2930_0 .net "Calc_Id_out0", 9 0, v000002a398bd3370_0;  1 drivers
v000002a398cb2c50_0 .net "Calc_Id_out1", 9 0, v000002a398c2ff60_0;  1 drivers
v000002a398cb4230_0 .net "Calc_Id_out2", 9 0, v000002a398c37160_0;  1 drivers
v000002a398cb42d0_0 .net "Calc_Id_out3", 9 0, v000002a398c6b9d0_0;  1 drivers
v000002a398cb4370_0 .net "Calc_Id_out4", 9 0, v000002a398c6daf0_0;  1 drivers
v000002a398cb2bb0_0 .net "Calc_Id_out5", 9 0, v000002a398c6b6f0_0;  1 drivers
v000002a398cb3a10_0 .net "Calc_gm_out0", 9 0, v000002a398cd21a0_0;  1 drivers
v000002a398cb4410_0 .net "Calc_gm_out1", 9 0, v000002a398cd2ec0_0;  1 drivers
v000002a398cb3650_0 .net "Calc_gm_out2", 9 0, v000002a398cd29c0_0;  1 drivers
v000002a398cb2e30_0 .net "Calc_gm_out3", 9 0, v000002a398cd2380_0;  1 drivers
v000002a398cb3470_0 .net "Calc_gm_out4", 9 0, v000002a398cd24c0_0;  1 drivers
v000002a398cb3fb0_0 .net "Calc_gm_out5", 9 0, v000002a398cd2ce0_0;  1 drivers
v000002a398cb44b0_0 .net "Id_n0", 9 0, v000002a398cb16e0_0;  1 drivers
v000002a398cb36f0_0 .net "Id_n1", 9 0, v000002a398cb1780_0;  1 drivers
v000002a398cb4050_0 .net "Id_n2", 9 0, v000002a398cb1820_0;  1 drivers
v000002a398cb27f0_0 .net "Id_n3", 9 0, v000002a398cb1aa0_0;  1 drivers
v000002a398cb29d0_0 .net "Id_n4", 9 0, v000002a398cb2400_0;  1 drivers
v000002a398cb3ab0_0 .net "Id_n5", 9 0, v000002a398cb24a0_0;  1 drivers
v000002a398cb4550_0 .net "Id_out", 9 0, v000002a398cb1960_0;  1 drivers
v000002a398cb3b50_0 .net "Vds0", 2 0, v000002a398cb92b0_0;  1 drivers
v000002a398cb3c90_0 .net "Vds1", 2 0, v000002a398cba070_0;  1 drivers
v000002a398cb2a70_0 .net "Vds2", 2 0, v000002a398cb86d0_0;  1 drivers
v000002a398cb3bf0_0 .net "Vds3", 2 0, v000002a398cb8ef0_0;  1 drivers
v000002a398cb2b10_0 .net "Vds4", 2 0, v000002a398cb9a30_0;  1 drivers
v000002a398cb3d30_0 .net "Vds5", 2 0, v000002a398cba1b0_0;  1 drivers
v000002a398cb2d90_0 .net "Vgs0", 2 0, v000002a398cb8d10_0;  1 drivers
v000002a398cb31f0_0 .net "Vgs1", 2 0, v000002a398cba4d0_0;  1 drivers
v000002a398cb3dd0_0 .net "Vgs2", 2 0, v000002a398cb9b70_0;  1 drivers
v000002a398cb3e70_0 .net "Vgs3", 2 0, v000002a398cb8a90_0;  1 drivers
v000002a398cb2f70_0 .net "Vgs4", 2 0, v000002a398cb9df0_0;  1 drivers
v000002a398cb30b0_0 .net "Vgs5", 2 0, v000002a398cb8770_0;  1 drivers
v000002a398cb3f10_0 .net "W0", 2 0, v000002a398cb8bd0_0;  1 drivers
v000002a398cb3830_0 .net "W1", 2 0, v000002a398cb9710_0;  1 drivers
v000002a398cb2ed0_0 .net "W2", 2 0, v000002a398cb8db0_0;  1 drivers
v000002a398cb3010_0 .net "W3", 2 0, v000002a398cb9d50_0;  1 drivers
v000002a398cb40f0_0 .net "W4", 2 0, v000002a398cb93f0_0;  1 drivers
v000002a398cb3150_0 .net "W5", 2 0, v000002a398cb9990_0;  1 drivers
v000002a398cb3290_0 .net "gm_n0", 9 0, v000002a398cb11e0_0;  1 drivers
v000002a398cb3330_0 .net "gm_n1", 9 0, v000002a398cb0f60_0;  1 drivers
v000002a398cb33d0_0 .net "gm_n2", 9 0, v000002a398cb1140_0;  1 drivers
v000002a398cb3510_0 .net "gm_n3", 9 0, v000002a398cb1280_0;  1 drivers
v000002a398cb35b0_0 .net "gm_n4", 9 0, v000002a398cb1320_0;  1 drivers
v000002a398cb3790_0 .net "gm_n5", 9 0, v000002a398cb13c0_0;  1 drivers
v000002a398cb98f0_0 .net "gm_out", 9 0, v000002a398cb22c0_0;  1 drivers
v000002a398cb8b30_0 .net "mode", 1 0, v000002a398cba2f0_0;  1 drivers
v000002a398cba570_0 .var "out", 9 0;
E_000002a398c58380 .event anyedge, v000002a398cd2240_0, v000002a398cb22c0_0, v000002a398cb1960_0;
S_000002a398c3e510 .scope module, "Calc1" "Calc" 3 36, 4 23 0, S_000002a398c3e380;
 .timescale -9 -12;
    .port_info 0 /OUTPUT 10 "Calc_Id_out0";
    .port_info 1 /OUTPUT 10 "Calc_Id_out1";
    .port_info 2 /OUTPUT 10 "Calc_Id_out2";
    .port_info 3 /OUTPUT 10 "Calc_Id_out3";
    .port_info 4 /OUTPUT 10 "Calc_Id_out4";
    .port_info 5 /OUTPUT 10 "Calc_Id_out5";
    .port_info 6 /OUTPUT 10 "Calc_gm_out0";
    .port_info 7 /OUTPUT 10 "Calc_gm_out1";
    .port_info 8 /OUTPUT 10 "Calc_gm_out2";
    .port_info 9 /OUTPUT 10 "Calc_gm_out3";
    .port_info 10 /OUTPUT 10 "Calc_gm_out4";
    .port_info 11 /OUTPUT 10 "Calc_gm_out5";
    .port_info 12 /INPUT 3 "Vgs0";
    .port_info 13 /INPUT 3 "Vgs1";
    .port_info 14 /INPUT 3 "Vgs2";
    .port_info 15 /INPUT 3 "Vgs3";
    .port_info 16 /INPUT 3 "Vgs4";
    .port_info 17 /INPUT 3 "Vgs5";
    .port_info 18 /INPUT 3 "Vds0";
    .port_info 19 /INPUT 3 "Vds1";
    .port_info 20 /INPUT 3 "Vds2";
    .port_info 21 /INPUT 3 "Vds3";
    .port_info 22 /INPUT 3 "Vds4";
    .port_info 23 /INPUT 3 "Vds5";
    .port_info 24 /INPUT 3 "W0";
    .port_info 25 /INPUT 3 "W1";
    .port_info 26 /INPUT 3 "W2";
    .port_info 27 /INPUT 3 "W3";
    .port_info 28 /INPUT 3 "W4";
    .port_info 29 /INPUT 3 "W5";
v000002a398bd3370_0 .var "Calc_Id_out0", 9 0;
v000002a398c2ff60_0 .var "Calc_Id_out1", 9 0;
v000002a398c37160_0 .var "Calc_Id_out2", 9 0;
v000002a398c6b9d0_0 .var "Calc_Id_out3", 9 0;
v000002a398c6daf0_0 .var "Calc_Id_out4", 9 0;
v000002a398c6b6f0_0 .var "Calc_Id_out5", 9 0;
v000002a398cd21a0_0 .var "Calc_gm_out0", 9 0;
v000002a398cd2ec0_0 .var "Calc_gm_out1", 9 0;
v000002a398cd29c0_0 .var "Calc_gm_out2", 9 0;
v000002a398cd2380_0 .var "Calc_gm_out3", 9 0;
v000002a398cd24c0_0 .var "Calc_gm_out4", 9 0;
v000002a398cd2ce0_0 .var "Calc_gm_out5", 9 0;
v000002a398cd2d80_0 .net "Vds0", 2 0, v000002a398cb92b0_0;  alias, 1 drivers
v000002a398cd27e0_0 .net "Vds1", 2 0, v000002a398cba070_0;  alias, 1 drivers
v000002a398cd2880_0 .net "Vds2", 2 0, v000002a398cb86d0_0;  alias, 1 drivers
v000002a398cd2740_0 .net "Vds3", 2 0, v000002a398cb8ef0_0;  alias, 1 drivers
v000002a398cd2560_0 .net "Vds4", 2 0, v000002a398cb9a30_0;  alias, 1 drivers
v000002a398cd2420_0 .net "Vds5", 2 0, v000002a398cba1b0_0;  alias, 1 drivers
v000002a398cd2920_0 .net "Vgs0", 2 0, v000002a398cb8d10_0;  alias, 1 drivers
v000002a398cd2600_0 .net "Vgs1", 2 0, v000002a398cba4d0_0;  alias, 1 drivers
v000002a398cd2060_0 .net "Vgs2", 2 0, v000002a398cb9b70_0;  alias, 1 drivers
v000002a398cd26a0_0 .net "Vgs3", 2 0, v000002a398cb8a90_0;  alias, 1 drivers
v000002a398cd2a60_0 .net "Vgs4", 2 0, v000002a398cb9df0_0;  alias, 1 drivers
v000002a398cd2b00_0 .net "Vgs5", 2 0, v000002a398cb8770_0;  alias, 1 drivers
v000002a398cd2100_0 .net "W0", 2 0, v000002a398cb8bd0_0;  alias, 1 drivers
v000002a398cd22e0_0 .net "W1", 2 0, v000002a398cb9710_0;  alias, 1 drivers
v000002a398cd2e20_0 .net "W2", 2 0, v000002a398cb8db0_0;  alias, 1 drivers
v000002a398cd2ba0_0 .net "W3", 2 0, v000002a398cb9d50_0;  alias, 1 drivers
v000002a398cd2c40_0 .net "W4", 2 0, v000002a398cb93f0_0;  alias, 1 drivers
v000002a398cd2f60_0 .net "W5", 2 0, v000002a398cb9990_0;  alias, 1 drivers
E_000002a398c58180 .event anyedge, v000002a398cd2b00_0, v000002a398cd2420_0, v000002a398cd2f60_0;
E_000002a398c57b80 .event anyedge, v000002a398cd2a60_0, v000002a398cd2560_0, v000002a398cd2c40_0;
E_000002a398c585c0 .event anyedge, v000002a398cd26a0_0, v000002a398cd2740_0, v000002a398cd2ba0_0;
E_000002a398c581c0 .event anyedge, v000002a398cd2060_0, v000002a398cd2880_0, v000002a398cd2e20_0;
E_000002a398c582c0 .event anyedge, v000002a398cd2600_0, v000002a398cd27e0_0, v000002a398cd22e0_0;
E_000002a398c57a80 .event anyedge, v000002a398cd2920_0, v000002a398cd2d80_0, v000002a398cd2100_0;
S_000002a398c1c1c0 .scope module, "choose_Id" "Choose" 3 92, 5 24 0, S_000002a398c3e380;
 .timescale -9 -12;
    .port_info 0 /OUTPUT 10 "out";
    .port_info 1 /INPUT 2 "mode";
    .port_info 2 /INPUT 10 "n0";
    .port_info 3 /INPUT 10 "n1";
    .port_info 4 /INPUT 10 "n2";
    .port_info 5 /INPUT 10 "n3";
    .port_info 6 /INPUT 10 "n4";
    .port_info 7 /INPUT 10 "n5";
v000002a398cd2240_0 .net "mode", 1 0, v000002a398cba2f0_0;  alias, 1 drivers
v000002a398cb1fa0_0 .net "n0", 9 0, v000002a398cb16e0_0;  alias, 1 drivers
v000002a398cb1500_0 .net "n1", 9 0, v000002a398cb1780_0;  alias, 1 drivers
v000002a398cb0740_0 .net "n2", 9 0, v000002a398cb1820_0;  alias, 1 drivers
v000002a398cb1c80_0 .net "n3", 9 0, v000002a398cb1aa0_0;  alias, 1 drivers
v000002a398cb1640_0 .net "n4", 9 0, v000002a398cb2400_0;  alias, 1 drivers
v000002a398cb06a0_0 .net "n5", 9 0, v000002a398cb24a0_0;  alias, 1 drivers
v000002a398cb1960_0 .var "out", 9 0;
E_000002a398c58800/0 .event anyedge, v000002a398cd2240_0, v000002a398cb1c80_0, v000002a398cb1640_0, v000002a398cb06a0_0;
E_000002a398c58800/1 .event anyedge, v000002a398cb1fa0_0, v000002a398cb1500_0, v000002a398cb0740_0;
E_000002a398c58800 .event/or E_000002a398c58800/0, E_000002a398c58800/1;
S_000002a398c2c5e0 .scope module, "choose_gm" "Choose" 3 80, 5 24 0, S_000002a398c3e380;
 .timescale -9 -12;
    .port_info 0 /OUTPUT 10 "out";
    .port_info 1 /INPUT 2 "mode";
    .port_info 2 /INPUT 10 "n0";
    .port_info 3 /INPUT 10 "n1";
    .port_info 4 /INPUT 10 "n2";
    .port_info 5 /INPUT 10 "n3";
    .port_info 6 /INPUT 10 "n4";
    .port_info 7 /INPUT 10 "n5";
v000002a398cb2040_0 .net "mode", 1 0, v000002a398cba2f0_0;  alias, 1 drivers
v000002a398cb1460_0 .net "n0", 9 0, v000002a398cb11e0_0;  alias, 1 drivers
v000002a398cb20e0_0 .net "n1", 9 0, v000002a398cb0f60_0;  alias, 1 drivers
v000002a398cb2180_0 .net "n2", 9 0, v000002a398cb1140_0;  alias, 1 drivers
v000002a398cb2220_0 .net "n3", 9 0, v000002a398cb1280_0;  alias, 1 drivers
v000002a398cb1dc0_0 .net "n4", 9 0, v000002a398cb1320_0;  alias, 1 drivers
v000002a398cb1a00_0 .net "n5", 9 0, v000002a398cb13c0_0;  alias, 1 drivers
v000002a398cb22c0_0 .var "out", 9 0;
E_000002a398c586c0/0 .event anyedge, v000002a398cd2240_0, v000002a398cb2220_0, v000002a398cb1dc0_0, v000002a398cb1a00_0;
E_000002a398c586c0/1 .event anyedge, v000002a398cb1460_0, v000002a398cb20e0_0, v000002a398cb2180_0;
E_000002a398c586c0 .event/or E_000002a398c586c0/0, E_000002a398c586c0/1;
S_000002a398c2c770 .scope module, "sort_Id" "Sort" 3 45, 6 3 0, S_000002a398c3e380;
 .timescale -9 -12;
    .port_info 0 /OUTPUT 10 "n0";
    .port_info 1 /OUTPUT 10 "n1";
    .port_info 2 /OUTPUT 10 "n2";
    .port_info 3 /OUTPUT 10 "n3";
    .port_info 4 /OUTPUT 10 "n4";
    .port_info 5 /OUTPUT 10 "n5";
    .port_info 6 /INPUT 10 "Clac_out0";
    .port_info 7 /INPUT 10 "Clac_out1";
    .port_info 8 /INPUT 10 "Clac_out2";
    .port_info 9 /INPUT 10 "Clac_out3";
    .port_info 10 /INPUT 10 "Clac_out4";
    .port_info 11 /INPUT 10 "Clac_out5";
v000002a398cb10a0_0 .net "Clac_out0", 9 0, v000002a398bd3370_0;  alias, 1 drivers
v000002a398cb1d20_0 .net "Clac_out1", 9 0, v000002a398c2ff60_0;  alias, 1 drivers
v000002a398cb0d80_0 .net "Clac_out2", 9 0, v000002a398c37160_0;  alias, 1 drivers
v000002a398cb1f00_0 .net "Clac_out3", 9 0, v000002a398c6b9d0_0;  alias, 1 drivers
v000002a398cb15a0_0 .net "Clac_out4", 9 0, v000002a398c6daf0_0;  alias, 1 drivers
v000002a398cb0b00_0 .net "Clac_out5", 9 0, v000002a398c6b6f0_0;  alias, 1 drivers
v000002a398cb1e60_0 .var "count", 2 0;
v000002a398cb2360_0 .var/i "i", 31 0;
v000002a398cb16e0_0 .var "n0", 9 0;
v000002a398cb1780_0 .var "n1", 9 0;
v000002a398cb1820_0 .var "n2", 9 0;
v000002a398cb1aa0_0 .var "n3", 9 0;
v000002a398cb2400_0 .var "n4", 9 0;
v000002a398cb24a0_0 .var "n5", 9 0;
v000002a398cb18c0_0 .var "tmp", 9 0;
v000002a398cb1b40_0 .var "tmp_n0", 9 0;
v000002a398cb1be0_0 .var "tmp_n1", 9 0;
v000002a398cb2540_0 .var "tmp_n2", 9 0;
v000002a398cb07e0_0 .var "tmp_n3", 9 0;
v000002a398cb0880_0 .var "tmp_n4", 9 0;
v000002a398cb1000_0 .var "tmp_n5", 9 0;
E_000002a398c57c80/0 .event anyedge, v000002a398bd3370_0, v000002a398c2ff60_0, v000002a398c37160_0, v000002a398c6b9d0_0;
E_000002a398c57c80/1 .event anyedge, v000002a398c6daf0_0, v000002a398c6b6f0_0, v000002a398cb1e60_0, v000002a398cb1b40_0;
E_000002a398c57c80/2 .event anyedge, v000002a398cb1be0_0, v000002a398cb18c0_0, v000002a398cb2540_0, v000002a398cb07e0_0;
E_000002a398c57c80/3 .event anyedge, v000002a398cb0880_0, v000002a398cb1000_0;
E_000002a398c57c80 .event/or E_000002a398c57c80/0, E_000002a398c57c80/1, E_000002a398c57c80/2, E_000002a398c57c80/3;
S_000002a398bd2b30 .scope module, "sort_gm" "Sort" 3 61, 6 3 0, S_000002a398c3e380;
 .timescale -9 -12;
    .port_info 0 /OUTPUT 10 "n0";
    .port_info 1 /OUTPUT 10 "n1";
    .port_info 2 /OUTPUT 10 "n2";
    .port_info 3 /OUTPUT 10 "n3";
    .port_info 4 /OUTPUT 10 "n4";
    .port_info 5 /OUTPUT 10 "n5";
    .port_info 6 /INPUT 10 "Clac_out0";
    .port_info 7 /INPUT 10 "Clac_out1";
    .port_info 8 /INPUT 10 "Clac_out2";
    .port_info 9 /INPUT 10 "Clac_out3";
    .port_info 10 /INPUT 10 "Clac_out4";
    .port_info 11 /INPUT 10 "Clac_out5";
v000002a398cb0920_0 .net "Clac_out0", 9 0, v000002a398cd21a0_0;  alias, 1 drivers
v000002a398cb0ec0_0 .net "Clac_out1", 9 0, v000002a398cd2ec0_0;  alias, 1 drivers
v000002a398cb09c0_0 .net "Clac_out2", 9 0, v000002a398cd29c0_0;  alias, 1 drivers
v000002a398cb0a60_0 .net "Clac_out3", 9 0, v000002a398cd2380_0;  alias, 1 drivers
v000002a398cb0ba0_0 .net "Clac_out4", 9 0, v000002a398cd24c0_0;  alias, 1 drivers
v000002a398cb0c40_0 .net "Clac_out5", 9 0, v000002a398cd2ce0_0;  alias, 1 drivers
v000002a398cb0e20_0 .var "count", 2 0;
v000002a398cb0ce0_0 .var/i "i", 31 0;
v000002a398cb11e0_0 .var "n0", 9 0;
v000002a398cb0f60_0 .var "n1", 9 0;
v000002a398cb1140_0 .var "n2", 9 0;
v000002a398cb1280_0 .var "n3", 9 0;
v000002a398cb1320_0 .var "n4", 9 0;
v000002a398cb13c0_0 .var "n5", 9 0;
v000002a398cb3970_0 .var "tmp", 9 0;
v000002a398cb38d0_0 .var "tmp_n0", 9 0;
v000002a398cb2890_0 .var "tmp_n1", 9 0;
v000002a398cb2750_0 .var "tmp_n2", 9 0;
v000002a398cb26b0_0 .var "tmp_n3", 9 0;
v000002a398cb4190_0 .var "tmp_n4", 9 0;
v000002a398cb2cf0_0 .var "tmp_n5", 9 0;
E_000002a398c57880/0 .event anyedge, v000002a398cd21a0_0, v000002a398cd2ec0_0, v000002a398cd29c0_0, v000002a398cd2380_0;
E_000002a398c57880/1 .event anyedge, v000002a398cd24c0_0, v000002a398cd2ce0_0, v000002a398cb0e20_0, v000002a398cb38d0_0;
E_000002a398c57880/2 .event anyedge, v000002a398cb2890_0, v000002a398cb3970_0, v000002a398cb2750_0, v000002a398cb26b0_0;
E_000002a398c57880/3 .event anyedge, v000002a398cb4190_0, v000002a398cb2cf0_0;
E_000002a398c57880 .event/or E_000002a398c57880/0, E_000002a398c57880/1, E_000002a398c57880/2, E_000002a398c57880/3;
    .scope S_000002a398c3e510;
T_0 ;
    %wait E_000002a398c57a80;
    %load/vec4 v000002a398cd2d80_0;
    %pad/u 32;
    %load/vec4 v000002a398cd2920_0;
    %pad/u 32;
    %subi 1, 0, 32;
    %cmp/u;
    %jmp/0xz  T_0.0, 5;
    %load/vec4 v000002a398cd2100_0;
    %pad/u 32;
    %load/vec4 v000002a398cd2920_0;
    %pad/u 32;
    %subi 1, 0, 32;
    %muli 2, 0, 32;
    %load/vec4 v000002a398cd2d80_0;
    %pad/u 32;
    %mul;
    %load/vec4 v000002a398cd2d80_0;
    %pad/u 32;
    %load/vec4 v000002a398cd2d80_0;
    %pad/u 32;
    %mul;
    %sub;
    %mul;
    %pushi/vec4 3, 0, 32;
    %div;
    %pad/u 10;
    %store/vec4 v000002a398bd3370_0, 0, 10;
    %load/vec4 v000002a398cd2100_0;
    %pad/u 32;
    %load/vec4 v000002a398cd2d80_0;
    %pad/u 32;
    %mul;
    %muli 2, 0, 32;
    %pushi/vec4 3, 0, 32;
    %div;
    %pad/u 10;
    %store/vec4 v000002a398cd21a0_0, 0, 10;
    %jmp T_0.1;
T_0.0 ;
    %load/vec4 v000002a398cd2100_0;
    %pad/u 32;
    %load/vec4 v000002a398cd2920_0;
    %pad/u 32;
    %subi 1, 0, 32;
    %mul;
    %load/vec4 v000002a398cd2920_0;
    %pad/u 32;
    %subi 1, 0, 32;
    %mul;
    %pushi/vec4 3, 0, 32;
    %div;
    %pad/u 10;
    %store/vec4 v000002a398bd3370_0, 0, 10;
    %load/vec4 v000002a398cd2100_0;
    %pad/u 32;
    %load/vec4 v000002a398cd2920_0;
    %pad/u 32;
    %subi 1, 0, 32;
    %mul;
    %muli 2, 0, 32;
    %pushi/vec4 3, 0, 32;
    %div;
    %pad/u 10;
    %store/vec4 v000002a398cd21a0_0, 0, 10;
T_0.1 ;
    %jmp T_0;
    .thread T_0, $push;
    .scope S_000002a398c3e510;
T_1 ;
    %wait E_000002a398c582c0;
    %load/vec4 v000002a398cd27e0_0;
    %pad/u 32;
    %load/vec4 v000002a398cd2600_0;
    %pad/u 32;
    %subi 1, 0, 32;
    %cmp/u;
    %jmp/0xz  T_1.0, 5;
    %load/vec4 v000002a398cd22e0_0;
    %pad/u 32;
    %load/vec4 v000002a398cd2600_0;
    %pad/u 32;
    %subi 1, 0, 32;
    %muli 2, 0, 32;
    %load/vec4 v000002a398cd27e0_0;
    %pad/u 32;
    %mul;
    %load/vec4 v000002a398cd27e0_0;
    %pad/u 32;
    %load/vec4 v000002a398cd27e0_0;
    %pad/u 32;
    %mul;
    %sub;
    %mul;
    %pushi/vec4 3, 0, 32;
    %div;
    %pad/u 10;
    %store/vec4 v000002a398c2ff60_0, 0, 10;
    %load/vec4 v000002a398cd22e0_0;
    %pad/u 32;
    %load/vec4 v000002a398cd27e0_0;
    %pad/u 32;
    %mul;
    %muli 2, 0, 32;
    %pushi/vec4 3, 0, 32;
    %div;
    %pad/u 10;
    %store/vec4 v000002a398cd2ec0_0, 0, 10;
    %jmp T_1.1;
T_1.0 ;
    %load/vec4 v000002a398cd22e0_0;
    %pad/u 32;
    %load/vec4 v000002a398cd2600_0;
    %pad/u 32;
    %subi 1, 0, 32;
    %mul;
    %load/vec4 v000002a398cd2600_0;
    %pad/u 32;
    %subi 1, 0, 32;
    %mul;
    %pushi/vec4 3, 0, 32;
    %div;
    %pad/u 10;
    %store/vec4 v000002a398c2ff60_0, 0, 10;
    %load/vec4 v000002a398cd22e0_0;
    %pad/u 32;
    %load/vec4 v000002a398cd2600_0;
    %pad/u 32;
    %subi 1, 0, 32;
    %mul;
    %muli 2, 0, 32;
    %pushi/vec4 3, 0, 32;
    %div;
    %pad/u 10;
    %store/vec4 v000002a398cd2ec0_0, 0, 10;
T_1.1 ;
    %jmp T_1;
    .thread T_1, $push;
    .scope S_000002a398c3e510;
T_2 ;
    %wait E_000002a398c581c0;
    %load/vec4 v000002a398cd2880_0;
    %pad/u 32;
    %load/vec4 v000002a398cd2060_0;
    %pad/u 32;
    %subi 1, 0, 32;
    %cmp/u;
    %jmp/0xz  T_2.0, 5;
    %load/vec4 v000002a398cd2e20_0;
    %pad/u 32;
    %load/vec4 v000002a398cd2060_0;
    %pad/u 32;
    %subi 1, 0, 32;
    %muli 2, 0, 32;
    %load/vec4 v000002a398cd2880_0;
    %pad/u 32;
    %mul;
    %load/vec4 v000002a398cd2880_0;
    %pad/u 32;
    %load/vec4 v000002a398cd2880_0;
    %pad/u 32;
    %mul;
    %sub;
    %mul;
    %pushi/vec4 3, 0, 32;
    %div;
    %pad/u 10;
    %store/vec4 v000002a398c37160_0, 0, 10;
    %load/vec4 v000002a398cd2e20_0;
    %pad/u 32;
    %load/vec4 v000002a398cd2880_0;
    %pad/u 32;
    %mul;
    %muli 2, 0, 32;
    %pushi/vec4 3, 0, 32;
    %div;
    %pad/u 10;
    %store/vec4 v000002a398cd29c0_0, 0, 10;
    %jmp T_2.1;
T_2.0 ;
    %load/vec4 v000002a398cd2e20_0;
    %pad/u 32;
    %load/vec4 v000002a398cd2060_0;
    %pad/u 32;
    %subi 1, 0, 32;
    %mul;
    %load/vec4 v000002a398cd2060_0;
    %pad/u 32;
    %subi 1, 0, 32;
    %mul;
    %pushi/vec4 3, 0, 32;
    %div;
    %pad/u 10;
    %store/vec4 v000002a398c37160_0, 0, 10;
    %load/vec4 v000002a398cd2e20_0;
    %pad/u 32;
    %load/vec4 v000002a398cd2060_0;
    %pad/u 32;
    %subi 1, 0, 32;
    %mul;
    %muli 2, 0, 32;
    %pushi/vec4 3, 0, 32;
    %div;
    %pad/u 10;
    %store/vec4 v000002a398cd29c0_0, 0, 10;
T_2.1 ;
    %jmp T_2;
    .thread T_2, $push;
    .scope S_000002a398c3e510;
T_3 ;
    %wait E_000002a398c585c0;
    %load/vec4 v000002a398cd2740_0;
    %pad/u 32;
    %load/vec4 v000002a398cd26a0_0;
    %pad/u 32;
    %subi 1, 0, 32;
    %cmp/u;
    %jmp/0xz  T_3.0, 5;
    %load/vec4 v000002a398cd2ba0_0;
    %pad/u 32;
    %load/vec4 v000002a398cd26a0_0;
    %pad/u 32;
    %subi 1, 0, 32;
    %muli 2, 0, 32;
    %load/vec4 v000002a398cd2740_0;
    %pad/u 32;
    %mul;
    %load/vec4 v000002a398cd2740_0;
    %pad/u 32;
    %load/vec4 v000002a398cd2740_0;
    %pad/u 32;
    %mul;
    %sub;
    %mul;
    %pushi/vec4 3, 0, 32;
    %div;
    %pad/u 10;
    %store/vec4 v000002a398c6b9d0_0, 0, 10;
    %load/vec4 v000002a398cd2ba0_0;
    %pad/u 32;
    %load/vec4 v000002a398cd2740_0;
    %pad/u 32;
    %mul;
    %muli 2, 0, 32;
    %pushi/vec4 3, 0, 32;
    %div;
    %pad/u 10;
    %store/vec4 v000002a398cd2380_0, 0, 10;
    %jmp T_3.1;
T_3.0 ;
    %load/vec4 v000002a398cd2ba0_0;
    %pad/u 32;
    %load/vec4 v000002a398cd26a0_0;
    %pad/u 32;
    %subi 1, 0, 32;
    %mul;
    %load/vec4 v000002a398cd26a0_0;
    %pad/u 32;
    %subi 1, 0, 32;
    %mul;
    %pushi/vec4 3, 0, 32;
    %div;
    %pad/u 10;
    %store/vec4 v000002a398c6b9d0_0, 0, 10;
    %load/vec4 v000002a398cd2ba0_0;
    %pad/u 32;
    %load/vec4 v000002a398cd26a0_0;
    %pad/u 32;
    %subi 1, 0, 32;
    %mul;
    %muli 2, 0, 32;
    %pushi/vec4 3, 0, 32;
    %div;
    %pad/u 10;
    %store/vec4 v000002a398cd2380_0, 0, 10;
T_3.1 ;
    %jmp T_3;
    .thread T_3, $push;
    .scope S_000002a398c3e510;
T_4 ;
    %wait E_000002a398c57b80;
    %load/vec4 v000002a398cd2560_0;
    %pad/u 32;
    %load/vec4 v000002a398cd2a60_0;
    %pad/u 32;
    %subi 1, 0, 32;
    %cmp/u;
    %jmp/0xz  T_4.0, 5;
    %load/vec4 v000002a398cd2c40_0;
    %pad/u 32;
    %load/vec4 v000002a398cd2a60_0;
    %pad/u 32;
    %subi 1, 0, 32;
    %muli 2, 0, 32;
    %load/vec4 v000002a398cd2560_0;
    %pad/u 32;
    %mul;
    %load/vec4 v000002a398cd2560_0;
    %pad/u 32;
    %load/vec4 v000002a398cd2560_0;
    %pad/u 32;
    %mul;
    %sub;
    %mul;
    %pushi/vec4 3, 0, 32;
    %div;
    %pad/u 10;
    %store/vec4 v000002a398c6daf0_0, 0, 10;
    %load/vec4 v000002a398cd2c40_0;
    %pad/u 32;
    %load/vec4 v000002a398cd2560_0;
    %pad/u 32;
    %mul;
    %muli 2, 0, 32;
    %pushi/vec4 3, 0, 32;
    %div;
    %pad/u 10;
    %store/vec4 v000002a398cd24c0_0, 0, 10;
    %jmp T_4.1;
T_4.0 ;
    %load/vec4 v000002a398cd2c40_0;
    %pad/u 32;
    %load/vec4 v000002a398cd2a60_0;
    %pad/u 32;
    %subi 1, 0, 32;
    %mul;
    %load/vec4 v000002a398cd2a60_0;
    %pad/u 32;
    %subi 1, 0, 32;
    %mul;
    %pushi/vec4 3, 0, 32;
    %div;
    %pad/u 10;
    %store/vec4 v000002a398c6daf0_0, 0, 10;
    %load/vec4 v000002a398cd2c40_0;
    %pad/u 32;
    %load/vec4 v000002a398cd2a60_0;
    %pad/u 32;
    %subi 1, 0, 32;
    %mul;
    %muli 2, 0, 32;
    %pushi/vec4 3, 0, 32;
    %div;
    %pad/u 10;
    %store/vec4 v000002a398cd24c0_0, 0, 10;
T_4.1 ;
    %jmp T_4;
    .thread T_4, $push;
    .scope S_000002a398c3e510;
T_5 ;
    %wait E_000002a398c58180;
    %load/vec4 v000002a398cd2420_0;
    %pad/u 32;
    %load/vec4 v000002a398cd2b00_0;
    %pad/u 32;
    %subi 1, 0, 32;
    %cmp/u;
    %jmp/0xz  T_5.0, 5;
    %load/vec4 v000002a398cd2f60_0;
    %pad/u 32;
    %load/vec4 v000002a398cd2b00_0;
    %pad/u 32;
    %subi 1, 0, 32;
    %muli 2, 0, 32;
    %load/vec4 v000002a398cd2420_0;
    %pad/u 32;
    %mul;
    %load/vec4 v000002a398cd2420_0;
    %pad/u 32;
    %load/vec4 v000002a398cd2420_0;
    %pad/u 32;
    %mul;
    %sub;
    %mul;
    %pushi/vec4 3, 0, 32;
    %div;
    %pad/u 10;
    %store/vec4 v000002a398c6b6f0_0, 0, 10;
    %load/vec4 v000002a398cd2f60_0;
    %pad/u 32;
    %load/vec4 v000002a398cd2420_0;
    %pad/u 32;
    %mul;
    %muli 2, 0, 32;
    %pushi/vec4 3, 0, 32;
    %div;
    %pad/u 10;
    %store/vec4 v000002a398cd2ce0_0, 0, 10;
    %jmp T_5.1;
T_5.0 ;
    %load/vec4 v000002a398cd2f60_0;
    %pad/u 32;
    %load/vec4 v000002a398cd2b00_0;
    %pad/u 32;
    %subi 1, 0, 32;
    %mul;
    %load/vec4 v000002a398cd2b00_0;
    %pad/u 32;
    %subi 1, 0, 32;
    %mul;
    %pushi/vec4 3, 0, 32;
    %div;
    %pad/u 10;
    %store/vec4 v000002a398c6b6f0_0, 0, 10;
    %load/vec4 v000002a398cd2f60_0;
    %pad/u 32;
    %load/vec4 v000002a398cd2b00_0;
    %pad/u 32;
    %subi 1, 0, 32;
    %mul;
    %muli 2, 0, 32;
    %pushi/vec4 3, 0, 32;
    %div;
    %pad/u 10;
    %store/vec4 v000002a398cd2ce0_0, 0, 10;
T_5.1 ;
    %jmp T_5;
    .thread T_5, $push;
    .scope S_000002a398c2c770;
T_6 ;
    %wait E_000002a398c57c80;
    %pushi/vec4 0, 0, 10;
    %store/vec4 v000002a398cb18c0_0, 0, 10;
    %load/vec4 v000002a398cb10a0_0;
    %store/vec4 v000002a398cb1b40_0, 0, 10;
    %load/vec4 v000002a398cb1d20_0;
    %store/vec4 v000002a398cb1be0_0, 0, 10;
    %load/vec4 v000002a398cb0d80_0;
    %store/vec4 v000002a398cb2540_0, 0, 10;
    %load/vec4 v000002a398cb1f00_0;
    %store/vec4 v000002a398cb07e0_0, 0, 10;
    %load/vec4 v000002a398cb15a0_0;
    %store/vec4 v000002a398cb0880_0, 0, 10;
    %load/vec4 v000002a398cb0b00_0;
    %store/vec4 v000002a398cb1000_0, 0, 10;
    %pushi/vec4 0, 0, 32;
    %store/vec4 v000002a398cb2360_0, 0, 32;
T_6.0 ;
    %load/vec4 v000002a398cb2360_0;
    %cmpi/s 6, 0, 32;
    %jmp/0xz T_6.1, 5;
    %load/vec4 v000002a398cb2360_0;
    %pad/s 3;
    %store/vec4 v000002a398cb1e60_0, 0, 3;
    %load/vec4 v000002a398cb1e60_0;
    %parti/s 1, 0, 2;
    %pad/u 32;
    %cmpi/e 0, 0, 32;
    %jmp/0xz  T_6.2, 4;
    %load/vec4 v000002a398cb1be0_0;
    %load/vec4 v000002a398cb1b40_0;
    %cmp/u;
    %flag_or 5, 4;
    %jmp/0xz  T_6.4, 5;
    %load/vec4 v000002a398cb1b40_0;
    %store/vec4 v000002a398cb1b40_0, 0, 10;
    %load/vec4 v000002a398cb1be0_0;
    %store/vec4 v000002a398cb1be0_0, 0, 10;
    %jmp T_6.5;
T_6.4 ;
    %load/vec4 v000002a398cb1b40_0;
    %store/vec4 v000002a398cb18c0_0, 0, 10;
    %load/vec4 v000002a398cb1be0_0;
    %store/vec4 v000002a398cb1b40_0, 0, 10;
    %load/vec4 v000002a398cb18c0_0;
    %store/vec4 v000002a398cb1be0_0, 0, 10;
T_6.5 ;
    %load/vec4 v000002a398cb07e0_0;
    %load/vec4 v000002a398cb2540_0;
    %cmp/u;
    %flag_or 5, 4;
    %jmp/0xz  T_6.6, 5;
    %load/vec4 v000002a398cb2540_0;
    %store/vec4 v000002a398cb2540_0, 0, 10;
    %load/vec4 v000002a398cb07e0_0;
    %store/vec4 v000002a398cb07e0_0, 0, 10;
    %jmp T_6.7;
T_6.6 ;
    %load/vec4 v000002a398cb2540_0;
    %store/vec4 v000002a398cb18c0_0, 0, 10;
    %load/vec4 v000002a398cb07e0_0;
    %store/vec4 v000002a398cb2540_0, 0, 10;
    %load/vec4 v000002a398cb18c0_0;
    %store/vec4 v000002a398cb07e0_0, 0, 10;
T_6.7 ;
    %load/vec4 v000002a398cb1000_0;
    %load/vec4 v000002a398cb0880_0;
    %cmp/u;
    %flag_or 5, 4;
    %jmp/0xz  T_6.8, 5;
    %load/vec4 v000002a398cb0880_0;
    %store/vec4 v000002a398cb0880_0, 0, 10;
    %load/vec4 v000002a398cb1000_0;
    %store/vec4 v000002a398cb1000_0, 0, 10;
    %jmp T_6.9;
T_6.8 ;
    %load/vec4 v000002a398cb0880_0;
    %store/vec4 v000002a398cb18c0_0, 0, 10;
    %load/vec4 v000002a398cb1000_0;
    %store/vec4 v000002a398cb0880_0, 0, 10;
    %load/vec4 v000002a398cb18c0_0;
    %store/vec4 v000002a398cb1000_0, 0, 10;
T_6.9 ;
    %jmp T_6.3;
T_6.2 ;
    %load/vec4 v000002a398cb2540_0;
    %load/vec4 v000002a398cb1be0_0;
    %cmp/u;
    %flag_or 5, 4;
    %jmp/0xz  T_6.10, 5;
    %load/vec4 v000002a398cb1be0_0;
    %store/vec4 v000002a398cb1be0_0, 0, 10;
    %load/vec4 v000002a398cb2540_0;
    %store/vec4 v000002a398cb2540_0, 0, 10;
    %jmp T_6.11;
T_6.10 ;
    %load/vec4 v000002a398cb1be0_0;
    %store/vec4 v000002a398cb18c0_0, 0, 10;
    %load/vec4 v000002a398cb2540_0;
    %store/vec4 v000002a398cb1be0_0, 0, 10;
    %load/vec4 v000002a398cb18c0_0;
    %store/vec4 v000002a398cb2540_0, 0, 10;
T_6.11 ;
    %load/vec4 v000002a398cb0880_0;
    %load/vec4 v000002a398cb07e0_0;
    %cmp/u;
    %flag_or 5, 4;
    %jmp/0xz  T_6.12, 5;
    %load/vec4 v000002a398cb07e0_0;
    %store/vec4 v000002a398cb07e0_0, 0, 10;
    %load/vec4 v000002a398cb0880_0;
    %store/vec4 v000002a398cb0880_0, 0, 10;
    %jmp T_6.13;
T_6.12 ;
    %load/vec4 v000002a398cb07e0_0;
    %store/vec4 v000002a398cb18c0_0, 0, 10;
    %load/vec4 v000002a398cb0880_0;
    %store/vec4 v000002a398cb07e0_0, 0, 10;
    %load/vec4 v000002a398cb18c0_0;
    %store/vec4 v000002a398cb0880_0, 0, 10;
T_6.13 ;
T_6.3 ;
    %load/vec4 v000002a398cb1e60_0;
    %addi 1, 0, 3;
    %store/vec4 v000002a398cb1e60_0, 0, 3;
    %load/vec4 v000002a398cb2360_0;
    %addi 1, 0, 32;
    %store/vec4 v000002a398cb2360_0, 0, 32;
    %jmp T_6.0;
T_6.1 ;
    %load/vec4 v000002a398cb1b40_0;
    %store/vec4 v000002a398cb16e0_0, 0, 10;
    %load/vec4 v000002a398cb1be0_0;
    %store/vec4 v000002a398cb1780_0, 0, 10;
    %load/vec4 v000002a398cb2540_0;
    %store/vec4 v000002a398cb1820_0, 0, 10;
    %load/vec4 v000002a398cb07e0_0;
    %store/vec4 v000002a398cb1aa0_0, 0, 10;
    %load/vec4 v000002a398cb0880_0;
    %store/vec4 v000002a398cb2400_0, 0, 10;
    %load/vec4 v000002a398cb1000_0;
    %store/vec4 v000002a398cb24a0_0, 0, 10;
    %jmp T_6;
    .thread T_6, $push;
    .scope S_000002a398bd2b30;
T_7 ;
    %wait E_000002a398c57880;
    %pushi/vec4 0, 0, 10;
    %store/vec4 v000002a398cb3970_0, 0, 10;
    %load/vec4 v000002a398cb0920_0;
    %store/vec4 v000002a398cb38d0_0, 0, 10;
    %load/vec4 v000002a398cb0ec0_0;
    %store/vec4 v000002a398cb2890_0, 0, 10;
    %load/vec4 v000002a398cb09c0_0;
    %store/vec4 v000002a398cb2750_0, 0, 10;
    %load/vec4 v000002a398cb0a60_0;
    %store/vec4 v000002a398cb26b0_0, 0, 10;
    %load/vec4 v000002a398cb0ba0_0;
    %store/vec4 v000002a398cb4190_0, 0, 10;
    %load/vec4 v000002a398cb0c40_0;
    %store/vec4 v000002a398cb2cf0_0, 0, 10;
    %pushi/vec4 0, 0, 32;
    %store/vec4 v000002a398cb0ce0_0, 0, 32;
T_7.0 ;
    %load/vec4 v000002a398cb0ce0_0;
    %cmpi/s 6, 0, 32;
    %jmp/0xz T_7.1, 5;
    %load/vec4 v000002a398cb0ce0_0;
    %pad/s 3;
    %store/vec4 v000002a398cb0e20_0, 0, 3;
    %load/vec4 v000002a398cb0e20_0;
    %parti/s 1, 0, 2;
    %pad/u 32;
    %cmpi/e 0, 0, 32;
    %jmp/0xz  T_7.2, 4;
    %load/vec4 v000002a398cb2890_0;
    %load/vec4 v000002a398cb38d0_0;
    %cmp/u;
    %flag_or 5, 4;
    %jmp/0xz  T_7.4, 5;
    %load/vec4 v000002a398cb38d0_0;
    %store/vec4 v000002a398cb38d0_0, 0, 10;
    %load/vec4 v000002a398cb2890_0;
    %store/vec4 v000002a398cb2890_0, 0, 10;
    %jmp T_7.5;
T_7.4 ;
    %load/vec4 v000002a398cb38d0_0;
    %store/vec4 v000002a398cb3970_0, 0, 10;
    %load/vec4 v000002a398cb2890_0;
    %store/vec4 v000002a398cb38d0_0, 0, 10;
    %load/vec4 v000002a398cb3970_0;
    %store/vec4 v000002a398cb2890_0, 0, 10;
T_7.5 ;
    %load/vec4 v000002a398cb26b0_0;
    %load/vec4 v000002a398cb2750_0;
    %cmp/u;
    %flag_or 5, 4;
    %jmp/0xz  T_7.6, 5;
    %load/vec4 v000002a398cb2750_0;
    %store/vec4 v000002a398cb2750_0, 0, 10;
    %load/vec4 v000002a398cb26b0_0;
    %store/vec4 v000002a398cb26b0_0, 0, 10;
    %jmp T_7.7;
T_7.6 ;
    %load/vec4 v000002a398cb2750_0;
    %store/vec4 v000002a398cb3970_0, 0, 10;
    %load/vec4 v000002a398cb26b0_0;
    %store/vec4 v000002a398cb2750_0, 0, 10;
    %load/vec4 v000002a398cb3970_0;
    %store/vec4 v000002a398cb26b0_0, 0, 10;
T_7.7 ;
    %load/vec4 v000002a398cb2cf0_0;
    %load/vec4 v000002a398cb4190_0;
    %cmp/u;
    %flag_or 5, 4;
    %jmp/0xz  T_7.8, 5;
    %load/vec4 v000002a398cb4190_0;
    %store/vec4 v000002a398cb4190_0, 0, 10;
    %load/vec4 v000002a398cb2cf0_0;
    %store/vec4 v000002a398cb2cf0_0, 0, 10;
    %jmp T_7.9;
T_7.8 ;
    %load/vec4 v000002a398cb4190_0;
    %store/vec4 v000002a398cb3970_0, 0, 10;
    %load/vec4 v000002a398cb2cf0_0;
    %store/vec4 v000002a398cb4190_0, 0, 10;
    %load/vec4 v000002a398cb3970_0;
    %store/vec4 v000002a398cb2cf0_0, 0, 10;
T_7.9 ;
    %jmp T_7.3;
T_7.2 ;
    %load/vec4 v000002a398cb2750_0;
    %load/vec4 v000002a398cb2890_0;
    %cmp/u;
    %flag_or 5, 4;
    %jmp/0xz  T_7.10, 5;
    %load/vec4 v000002a398cb2890_0;
    %store/vec4 v000002a398cb2890_0, 0, 10;
    %load/vec4 v000002a398cb2750_0;
    %store/vec4 v000002a398cb2750_0, 0, 10;
    %jmp T_7.11;
T_7.10 ;
    %load/vec4 v000002a398cb2890_0;
    %store/vec4 v000002a398cb3970_0, 0, 10;
    %load/vec4 v000002a398cb2750_0;
    %store/vec4 v000002a398cb2890_0, 0, 10;
    %load/vec4 v000002a398cb3970_0;
    %store/vec4 v000002a398cb2750_0, 0, 10;
T_7.11 ;
    %load/vec4 v000002a398cb4190_0;
    %load/vec4 v000002a398cb26b0_0;
    %cmp/u;
    %flag_or 5, 4;
    %jmp/0xz  T_7.12, 5;
    %load/vec4 v000002a398cb26b0_0;
    %store/vec4 v000002a398cb26b0_0, 0, 10;
    %load/vec4 v000002a398cb4190_0;
    %store/vec4 v000002a398cb4190_0, 0, 10;
    %jmp T_7.13;
T_7.12 ;
    %load/vec4 v000002a398cb26b0_0;
    %store/vec4 v000002a398cb3970_0, 0, 10;
    %load/vec4 v000002a398cb4190_0;
    %store/vec4 v000002a398cb26b0_0, 0, 10;
    %load/vec4 v000002a398cb3970_0;
    %store/vec4 v000002a398cb4190_0, 0, 10;
T_7.13 ;
T_7.3 ;
    %load/vec4 v000002a398cb0e20_0;
    %addi 1, 0, 3;
    %store/vec4 v000002a398cb0e20_0, 0, 3;
    %load/vec4 v000002a398cb0ce0_0;
    %addi 1, 0, 32;
    %store/vec4 v000002a398cb0ce0_0, 0, 32;
    %jmp T_7.0;
T_7.1 ;
    %load/vec4 v000002a398cb38d0_0;
    %store/vec4 v000002a398cb11e0_0, 0, 10;
    %load/vec4 v000002a398cb2890_0;
    %store/vec4 v000002a398cb0f60_0, 0, 10;
    %load/vec4 v000002a398cb2750_0;
    %store/vec4 v000002a398cb1140_0, 0, 10;
    %load/vec4 v000002a398cb26b0_0;
    %store/vec4 v000002a398cb1280_0, 0, 10;
    %load/vec4 v000002a398cb4190_0;
    %store/vec4 v000002a398cb1320_0, 0, 10;
    %load/vec4 v000002a398cb2cf0_0;
    %store/vec4 v000002a398cb13c0_0, 0, 10;
    %jmp T_7;
    .thread T_7, $push;
    .scope S_000002a398c2c5e0;
T_8 ;
    %wait E_000002a398c586c0;
    %load/vec4 v000002a398cb2040_0;
    %dup/vec4;
    %pushi/vec4 0, 0, 2;
    %cmp/u;
    %jmp/1 T_8.0, 6;
    %dup/vec4;
    %pushi/vec4 1, 0, 2;
    %cmp/u;
    %jmp/1 T_8.1, 6;
    %dup/vec4;
    %pushi/vec4 2, 0, 2;
    %cmp/u;
    %jmp/1 T_8.2, 6;
    %dup/vec4;
    %pushi/vec4 3, 0, 2;
    %cmp/u;
    %jmp/1 T_8.3, 6;
    %pushi/vec4 0, 0, 10;
    %assign/vec4 v000002a398cb22c0_0, 0;
    %jmp T_8.5;
T_8.0 ;
    %load/vec4 v000002a398cb2220_0;
    %load/vec4 v000002a398cb1dc0_0;
    %add;
    %load/vec4 v000002a398cb1a00_0;
    %add;
    %assign/vec4 v000002a398cb22c0_0, 0;
    %jmp T_8.5;
T_8.1 ;
    %load/vec4 v000002a398cb2220_0;
    %muli 3, 0, 10;
    %load/vec4 v000002a398cb1dc0_0;
    %muli 4, 0, 10;
    %add;
    %load/vec4 v000002a398cb1a00_0;
    %muli 5, 0, 10;
    %add;
    %assign/vec4 v000002a398cb22c0_0, 0;
    %jmp T_8.5;
T_8.2 ;
    %load/vec4 v000002a398cb1460_0;
    %load/vec4 v000002a398cb20e0_0;
    %add;
    %load/vec4 v000002a398cb2180_0;
    %add;
    %assign/vec4 v000002a398cb22c0_0, 0;
    %jmp T_8.5;
T_8.3 ;
    %load/vec4 v000002a398cb1460_0;
    %muli 3, 0, 10;
    %load/vec4 v000002a398cb20e0_0;
    %muli 4, 0, 10;
    %add;
    %load/vec4 v000002a398cb2180_0;
    %muli 5, 0, 10;
    %add;
    %assign/vec4 v000002a398cb22c0_0, 0;
    %jmp T_8.5;
T_8.5 ;
    %pop/vec4 1;
    %jmp T_8;
    .thread T_8, $push;
    .scope S_000002a398c1c1c0;
T_9 ;
    %wait E_000002a398c58800;
    %load/vec4 v000002a398cd2240_0;
    %dup/vec4;
    %pushi/vec4 0, 0, 2;
    %cmp/u;
    %jmp/1 T_9.0, 6;
    %dup/vec4;
    %pushi/vec4 1, 0, 2;
    %cmp/u;
    %jmp/1 T_9.1, 6;
    %dup/vec4;
    %pushi/vec4 2, 0, 2;
    %cmp/u;
    %jmp/1 T_9.2, 6;
    %dup/vec4;
    %pushi/vec4 3, 0, 2;
    %cmp/u;
    %jmp/1 T_9.3, 6;
    %pushi/vec4 0, 0, 10;
    %assign/vec4 v000002a398cb1960_0, 0;
    %jmp T_9.5;
T_9.0 ;
    %load/vec4 v000002a398cb1c80_0;
    %load/vec4 v000002a398cb1640_0;
    %add;
    %load/vec4 v000002a398cb06a0_0;
    %add;
    %assign/vec4 v000002a398cb1960_0, 0;
    %jmp T_9.5;
T_9.1 ;
    %load/vec4 v000002a398cb1c80_0;
    %muli 3, 0, 10;
    %load/vec4 v000002a398cb1640_0;
    %muli 4, 0, 10;
    %add;
    %load/vec4 v000002a398cb06a0_0;
    %muli 5, 0, 10;
    %add;
    %assign/vec4 v000002a398cb1960_0, 0;
    %jmp T_9.5;
T_9.2 ;
    %load/vec4 v000002a398cb1fa0_0;
    %load/vec4 v000002a398cb1500_0;
    %add;
    %load/vec4 v000002a398cb0740_0;
    %add;
    %assign/vec4 v000002a398cb1960_0, 0;
    %jmp T_9.5;
T_9.3 ;
    %load/vec4 v000002a398cb1fa0_0;
    %muli 3, 0, 10;
    %load/vec4 v000002a398cb1500_0;
    %muli 4, 0, 10;
    %add;
    %load/vec4 v000002a398cb0740_0;
    %muli 5, 0, 10;
    %add;
    %assign/vec4 v000002a398cb1960_0, 0;
    %jmp T_9.5;
T_9.5 ;
    %pop/vec4 1;
    %jmp T_9;
    .thread T_9, $push;
    .scope S_000002a398c3e380;
T_10 ;
    %wait E_000002a398c58380;
    %load/vec4 v000002a398cb8b30_0;
    %dup/vec4;
    %pushi/vec4 0, 0, 2;
    %cmp/u;
    %jmp/1 T_10.0, 6;
    %dup/vec4;
    %pushi/vec4 1, 0, 2;
    %cmp/u;
    %jmp/1 T_10.1, 6;
    %dup/vec4;
    %pushi/vec4 2, 0, 2;
    %cmp/u;
    %jmp/1 T_10.2, 6;
    %dup/vec4;
    %pushi/vec4 3, 0, 2;
    %cmp/u;
    %jmp/1 T_10.3, 6;
    %pushi/vec4 0, 0, 10;
    %store/vec4 v000002a398cba570_0, 0, 10;
    %jmp T_10.5;
T_10.0 ;
    %load/vec4 v000002a398cb98f0_0;
    %store/vec4 v000002a398cba570_0, 0, 10;
    %jmp T_10.5;
T_10.1 ;
    %load/vec4 v000002a398cb4550_0;
    %store/vec4 v000002a398cba570_0, 0, 10;
    %jmp T_10.5;
T_10.2 ;
    %load/vec4 v000002a398cb98f0_0;
    %store/vec4 v000002a398cba570_0, 0, 10;
    %jmp T_10.5;
T_10.3 ;
    %load/vec4 v000002a398cb4550_0;
    %store/vec4 v000002a398cba570_0, 0, 10;
    %jmp T_10.5;
T_10.5 ;
    %pop/vec4 1;
    %jmp T_10;
    .thread T_10, $push;
    .scope S_000002a398c6dd30;
T_11 ;
    %pushi/vec4 0, 0, 2;
    %store/vec4 v000002a398cba2f0_0, 0, 2;
    %pushi/vec4 0, 0, 3;
    %store/vec4 v000002a398cb8d10_0, 0, 3;
    %pushi/vec4 0, 0, 3;
    %store/vec4 v000002a398cba4d0_0, 0, 3;
    %pushi/vec4 0, 0, 3;
    %store/vec4 v000002a398cb9b70_0, 0, 3;
    %pushi/vec4 0, 0, 3;
    %store/vec4 v000002a398cb8a90_0, 0, 3;
    %pushi/vec4 0, 0, 3;
    %store/vec4 v000002a398cb9df0_0, 0, 3;
    %pushi/vec4 0, 0, 3;
    %store/vec4 v000002a398cb8770_0, 0, 3;
    %pushi/vec4 0, 0, 3;
    %store/vec4 v000002a398cb92b0_0, 0, 3;
    %pushi/vec4 0, 0, 3;
    %store/vec4 v000002a398cba070_0, 0, 3;
    %pushi/vec4 0, 0, 3;
    %store/vec4 v000002a398cb86d0_0, 0, 3;
    %pushi/vec4 0, 0, 3;
    %store/vec4 v000002a398cb8ef0_0, 0, 3;
    %pushi/vec4 0, 0, 3;
    %store/vec4 v000002a398cb9a30_0, 0, 3;
    %pushi/vec4 0, 0, 3;
    %store/vec4 v000002a398cba1b0_0, 0, 3;
    %pushi/vec4 0, 0, 3;
    %store/vec4 v000002a398cb8bd0_0, 0, 3;
    %pushi/vec4 0, 0, 3;
    %store/vec4 v000002a398cb9710_0, 0, 3;
    %pushi/vec4 0, 0, 3;
    %store/vec4 v000002a398cb8db0_0, 0, 3;
    %pushi/vec4 0, 0, 3;
    %store/vec4 v000002a398cb9d50_0, 0, 3;
    %pushi/vec4 0, 0, 3;
    %store/vec4 v000002a398cb93f0_0, 0, 3;
    %pushi/vec4 0, 0, 3;
    %store/vec4 v000002a398cb9990_0, 0, 3;
    %end;
    .thread T_11;
    .scope S_000002a398c6dd30;
T_12 ;
    %vpi_call 2 62 "$readmemb", "Pattern.dat", v000002a398cba110 {0 0 0};
    %pushi/vec4 0, 0, 32;
    %store/vec4 v000002a398cb8c70_0, 0, 32;
    %delay 10000, 0;
    %pushi/vec4 1, 0, 32;
    %store/vec4 v000002a398cb9ad0_0, 0, 32;
T_12.0 ;
    %load/vec4 v000002a398cb9ad0_0;
    %cmpi/s 100, 0, 32;
    %jmp/0xz T_12.1, 5;
    %ix/getv/s 4, v000002a398cb9ad0_0;
    %load/vec4a v000002a398cba110, 4;
    %store/vec4 v000002a398cb9c10_0, 0, 67;
    %delay 10000, 0;
    %load/vec4 v000002a398cb9c10_0;
    %parti/s 2, 64, 8;
    %store/vec4 v000002a398cba2f0_0, 0, 2;
    %load/vec4 v000002a398cb9c10_0;
    %parti/s 3, 61, 7;
    %store/vec4 v000002a398cb8d10_0, 0, 3;
    %load/vec4 v000002a398cb9c10_0;
    %parti/s 3, 58, 7;
    %store/vec4 v000002a398cba4d0_0, 0, 3;
    %load/vec4 v000002a398cb9c10_0;
    %parti/s 3, 55, 7;
    %store/vec4 v000002a398cb9b70_0, 0, 3;
    %load/vec4 v000002a398cb9c10_0;
    %parti/s 3, 52, 7;
    %store/vec4 v000002a398cb8a90_0, 0, 3;
    %load/vec4 v000002a398cb9c10_0;
    %parti/s 3, 49, 7;
    %store/vec4 v000002a398cb9df0_0, 0, 3;
    %load/vec4 v000002a398cb9c10_0;
    %parti/s 3, 46, 7;
    %store/vec4 v000002a398cb8770_0, 0, 3;
    %load/vec4 v000002a398cb9c10_0;
    %parti/s 3, 43, 7;
    %store/vec4 v000002a398cb92b0_0, 0, 3;
    %load/vec4 v000002a398cb9c10_0;
    %parti/s 3, 40, 7;
    %store/vec4 v000002a398cba070_0, 0, 3;
    %load/vec4 v000002a398cb9c10_0;
    %parti/s 3, 37, 7;
    %store/vec4 v000002a398cb86d0_0, 0, 3;
    %load/vec4 v000002a398cb9c10_0;
    %parti/s 3, 34, 7;
    %store/vec4 v000002a398cb8ef0_0, 0, 3;
    %load/vec4 v000002a398cb9c10_0;
    %parti/s 3, 31, 6;
    %store/vec4 v000002a398cb9a30_0, 0, 3;
    %load/vec4 v000002a398cb9c10_0;
    %parti/s 3, 28, 6;
    %store/vec4 v000002a398cba1b0_0, 0, 3;
    %load/vec4 v000002a398cb9c10_0;
    %parti/s 3, 25, 6;
    %store/vec4 v000002a398cb8bd0_0, 0, 3;
    %load/vec4 v000002a398cb9c10_0;
    %parti/s 3, 22, 6;
    %store/vec4 v000002a398cb9710_0, 0, 3;
    %load/vec4 v000002a398cb9c10_0;
    %parti/s 3, 19, 6;
    %store/vec4 v000002a398cb8db0_0, 0, 3;
    %load/vec4 v000002a398cb9c10_0;
    %parti/s 3, 16, 6;
    %store/vec4 v000002a398cb9d50_0, 0, 3;
    %load/vec4 v000002a398cb9c10_0;
    %parti/s 3, 13, 5;
    %store/vec4 v000002a398cb93f0_0, 0, 3;
    %load/vec4 v000002a398cb9c10_0;
    %parti/s 3, 10, 5;
    %store/vec4 v000002a398cb9990_0, 0, 3;
    %load/vec4 v000002a398cb9c10_0;
    %parti/s 10, 0, 2;
    %store/vec4 v000002a398cb90d0_0, 0, 10;
    %delay 10000, 0;
    %vpi_call 2 75 "$display", "mode = %d", v000002a398cba2f0_0 {0 0 0};
    %delay 10000, 0;
    %load/vec4 v000002a398cba250_0;
    %load/vec4 v000002a398cb90d0_0;
    %cmp/ne;
    %jmp/0xz  T_12.2, 6;
    %vpi_call 2 78 "$write", "ERROR: out %d != gt %d\012", v000002a398cba250_0, v000002a398cb90d0_0 {0 0 0};
    %load/vec4 v000002a398cb8c70_0;
    %addi 1, 0, 32;
    %store/vec4 v000002a398cb8c70_0, 0, 32;
T_12.2 ;
    %load/vec4 v000002a398cb9ad0_0;
    %addi 1, 0, 32;
    %store/vec4 v000002a398cb9ad0_0, 0, 32;
    %jmp T_12.0;
T_12.1 ;
    %load/vec4 v000002a398cb9ad0_0;
    %subi 1, 0, 32;
    %vpi_call 2 82 "$write", "Error Count: %d / %d\012", v000002a398cb8c70_0, S<0,vec4,s32> {1 0 0};
    %vpi_call 2 83 "$finish" {0 0 0};
    %end;
    .thread T_12;
# The file index is used to find the file name in the following table.
:file_names 7;
    "N/A";
    "<interactive>";
    "SMC_tb.v";
    "./SMC.v";
    "./Calc.v";
    "./Choose.v";
    "./Sort.v";
