#! /c/Source/iverilog-install/bin/vvp
:ivl_version "12.0 (devel)" "(s20150603-1110-g18392a46)";
:ivl_delay_selection "TYPICAL";
:vpi_time_precision - 12;
:vpi_module "C:\iverilog\lib\ivl\system.vpi";
:vpi_module "C:\iverilog\lib\ivl\vhdl_sys.vpi";
:vpi_module "C:\iverilog\lib\ivl\vhdl_textio.vpi";
:vpi_module "C:\iverilog\lib\ivl\v2005_math.vpi";
:vpi_module "C:\iverilog\lib\ivl\va_math.vpi";
S_0000010ab45f2df0 .scope module, "Sort" "Sort" 2 3;
 .timescale -9 -12;
    .port_info 0 /OUTPUT 10 "n0";
    .port_info 1 /OUTPUT 10 "n1";
    .port_info 2 /OUTPUT 10 "n2";
    .port_info 3 /OUTPUT 10 "n3";
    .port_info 4 /OUTPUT 10 "n4";
    .port_info 5 /OUTPUT 10 "n5";
    .port_info 6 /INPUT 10 "Clac_out0";
    .port_info 7 /INPUT 10 "Clac_out1";
    .port_info 8 /INPUT 10 "Clac_out2";
    .port_info 9 /INPUT 10 "Clac_out3";
    .port_info 10 /INPUT 10 "Clac_out4";
    .port_info 11 /INPUT 10 "Clac_out5";
o0000010ab4635a58 .functor BUFZ 10, C4<zzzzzzzzzz>; HiZ drive
v0000010ab45f3500_0 .net "Clac_out0", 9 0, o0000010ab4635a58;  0 drivers
o0000010ab4635a88 .functor BUFZ 10, C4<zzzzzzzzzz>; HiZ drive
v0000010ab4678ed0_0 .net "Clac_out1", 9 0, o0000010ab4635a88;  0 drivers
o0000010ab4635ab8 .functor BUFZ 10, C4<zzzzzzzzzz>; HiZ drive
v0000010ab45f3050_0 .net "Clac_out2", 9 0, o0000010ab4635ab8;  0 drivers
o0000010ab4635ae8 .functor BUFZ 10, C4<zzzzzzzzzz>; HiZ drive
v0000010ab45f30f0_0 .net "Clac_out3", 9 0, o0000010ab4635ae8;  0 drivers
o0000010ab4635b18 .functor BUFZ 10, C4<zzzzzzzzzz>; HiZ drive
v0000010ab46232c0_0 .net "Clac_out4", 9 0, o0000010ab4635b18;  0 drivers
o0000010ab4635b48 .functor BUFZ 10, C4<zzzzzzzzzz>; HiZ drive
v0000010ab4623360_0 .net "Clac_out5", 9 0, o0000010ab4635b48;  0 drivers
v0000010ab4623400_0 .var/i "count", 31 0;
v0000010ab46234a0_0 .var "n0", 9 0;
v0000010ab4623540_0 .var "n1", 9 0;
v0000010ab46235e0_0 .var "n2", 9 0;
v0000010ab4623680_0 .var "n3", 9 0;
v0000010ab4623720_0 .var "n4", 9 0;
v0000010ab46237c0_0 .var "n5", 9 0;
v0000010ab4623860_0 .var "tmp", 9 0;
v0000010ab4623900_0 .var "tmp_n0", 9 0;
v0000010ab46239a0_0 .var "tmp_n1", 9 0;
v0000010ab4624530_0 .var "tmp_n2", 9 0;
v0000010ab46247b0_0 .var "tmp_n3", 9 0;
v0000010ab4623d10_0 .var "tmp_n4", 9 0;
v0000010ab46248f0_0 .var "tmp_n5", 9 0;
E_0000010ab4630060/0 .event anyedge, v0000010ab45f3500_0, v0000010ab4678ed0_0, v0000010ab45f3050_0, v0000010ab45f30f0_0;
E_0000010ab4630060/1 .event anyedge, v0000010ab46232c0_0, v0000010ab4623360_0, v0000010ab4623400_0, v0000010ab4623900_0;
E_0000010ab4630060/2 .event anyedge, v0000010ab46239a0_0, v0000010ab4623860_0, v0000010ab4624530_0, v0000010ab46247b0_0;
E_0000010ab4630060/3 .event anyedge, v0000010ab4623d10_0, v0000010ab46248f0_0;
E_0000010ab4630060 .event/or E_0000010ab4630060/0, E_0000010ab4630060/1, E_0000010ab4630060/2, E_0000010ab4630060/3;
    .scope S_0000010ab45f2df0;
T_0 ;
    %wait E_0000010ab4630060;
    %pushi/vec4 1, 0, 32;
    %store/vec4 v0000010ab4623400_0, 0, 32;
    %pushi/vec4 0, 0, 10;
    %store/vec4 v0000010ab4623860_0, 0, 10;
    %load/vec4 v0000010ab45f3500_0;
    %store/vec4 v0000010ab4623900_0, 0, 10;
    %load/vec4 v0000010ab4678ed0_0;
    %store/vec4 v0000010ab46239a0_0, 0, 10;
    %load/vec4 v0000010ab45f3050_0;
    %store/vec4 v0000010ab4624530_0, 0, 10;
    %load/vec4 v0000010ab45f30f0_0;
    %store/vec4 v0000010ab46247b0_0, 0, 10;
    %load/vec4 v0000010ab46232c0_0;
    %store/vec4 v0000010ab4623d10_0, 0, 10;
    %load/vec4 v0000010ab4623360_0;
    %store/vec4 v0000010ab46248f0_0, 0, 10;
    %load/vec4 v0000010ab4623400_0;
    %pushi/vec4 2, 0, 32;
    %div/s;
    %cmpi/e 0, 0, 32;
    %jmp/0xz  T_0.0, 4;
    %load/vec4 v0000010ab46239a0_0;
    %load/vec4 v0000010ab4623900_0;
    %cmp/u;
    %flag_or 5, 4;
    %jmp/0xz  T_0.2, 5;
    %load/vec4 v0000010ab4623900_0;
    %store/vec4 v0000010ab4623900_0, 0, 10;
    %load/vec4 v0000010ab46239a0_0;
    %store/vec4 v0000010ab46239a0_0, 0, 10;
    %jmp T_0.3;
T_0.2 ;
    %load/vec4 v0000010ab4623900_0;
    %store/vec4 v0000010ab4623860_0, 0, 10;
    %load/vec4 v0000010ab46239a0_0;
    %store/vec4 v0000010ab4623900_0, 0, 10;
    %load/vec4 v0000010ab4623860_0;
    %store/vec4 v0000010ab46239a0_0, 0, 10;
T_0.3 ;
    %load/vec4 v0000010ab46247b0_0;
    %load/vec4 v0000010ab4624530_0;
    %cmp/u;
    %flag_or 5, 4;
    %jmp/0xz  T_0.4, 5;
    %load/vec4 v0000010ab4624530_0;
    %store/vec4 v0000010ab4624530_0, 0, 10;
    %load/vec4 v0000010ab46247b0_0;
    %store/vec4 v0000010ab46247b0_0, 0, 10;
    %jmp T_0.5;
T_0.4 ;
    %load/vec4 v0000010ab4624530_0;
    %store/vec4 v0000010ab4623860_0, 0, 10;
    %load/vec4 v0000010ab46247b0_0;
    %store/vec4 v0000010ab4624530_0, 0, 10;
    %load/vec4 v0000010ab4623860_0;
    %store/vec4 v0000010ab46247b0_0, 0, 10;
T_0.5 ;
    %load/vec4 v0000010ab46248f0_0;
    %load/vec4 v0000010ab4623d10_0;
    %cmp/u;
    %flag_or 5, 4;
    %jmp/0xz  T_0.6, 5;
    %load/vec4 v0000010ab4623d10_0;
    %store/vec4 v0000010ab4623d10_0, 0, 10;
    %load/vec4 v0000010ab46248f0_0;
    %store/vec4 v0000010ab46248f0_0, 0, 10;
    %jmp T_0.7;
T_0.6 ;
    %load/vec4 v0000010ab4623d10_0;
    %store/vec4 v0000010ab4623860_0, 0, 10;
    %load/vec4 v0000010ab46248f0_0;
    %store/vec4 v0000010ab4623d10_0, 0, 10;
    %load/vec4 v0000010ab4623860_0;
    %store/vec4 v0000010ab46248f0_0, 0, 10;
T_0.7 ;
    %jmp T_0.1;
T_0.0 ;
    %load/vec4 v0000010ab4624530_0;
    %load/vec4 v0000010ab46239a0_0;
    %cmp/u;
    %flag_or 5, 4;
    %jmp/0xz  T_0.8, 5;
    %load/vec4 v0000010ab46239a0_0;
    %store/vec4 v0000010ab46239a0_0, 0, 10;
    %load/vec4 v0000010ab4624530_0;
    %store/vec4 v0000010ab4624530_0, 0, 10;
    %jmp T_0.9;
T_0.8 ;
    %load/vec4 v0000010ab46239a0_0;
    %store/vec4 v0000010ab4623860_0, 0, 10;
    %load/vec4 v0000010ab4624530_0;
    %store/vec4 v0000010ab46239a0_0, 0, 10;
    %load/vec4 v0000010ab46239a0_0;
    %store/vec4 v0000010ab4624530_0, 0, 10;
T_0.9 ;
    %load/vec4 v0000010ab4623d10_0;
    %load/vec4 v0000010ab46247b0_0;
    %cmp/u;
    %flag_or 5, 4;
    %jmp/0xz  T_0.10, 5;
    %load/vec4 v0000010ab46247b0_0;
    %store/vec4 v0000010ab46247b0_0, 0, 10;
    %load/vec4 v0000010ab4623d10_0;
    %store/vec4 v0000010ab4623d10_0, 0, 10;
    %jmp T_0.11;
T_0.10 ;
    %load/vec4 v0000010ab46247b0_0;
    %store/vec4 v0000010ab4623860_0, 0, 10;
    %load/vec4 v0000010ab4623d10_0;
    %store/vec4 v0000010ab46247b0_0, 0, 10;
    %load/vec4 v0000010ab4623860_0;
    %store/vec4 v0000010ab4623d10_0, 0, 10;
T_0.11 ;
T_0.1 ;
    %load/vec4 v0000010ab4623400_0;
    %addi 1, 0, 32;
    %store/vec4 v0000010ab4623400_0, 0, 32;
    %load/vec4 v0000010ab4623900_0;
    %store/vec4 v0000010ab46234a0_0, 0, 10;
    %load/vec4 v0000010ab46239a0_0;
    %store/vec4 v0000010ab4623540_0, 0, 10;
    %load/vec4 v0000010ab4624530_0;
    %store/vec4 v0000010ab46235e0_0, 0, 10;
    %load/vec4 v0000010ab46247b0_0;
    %store/vec4 v0000010ab4623680_0, 0, 10;
    %load/vec4 v0000010ab4623d10_0;
    %store/vec4 v0000010ab4623720_0, 0, 10;
    %load/vec4 v0000010ab46248f0_0;
    %store/vec4 v0000010ab46237c0_0, 0, 10;
    %jmp T_0;
    .thread T_0, $push;
# The file index is used to find the file name in the following table.
:file_names 3;
    "N/A";
    "<interactive>";
    "Sort.v";
