#! /c/Source/iverilog-install/bin/vvp
:ivl_version "12.0 (devel)" "(s20150603-1110-g18392a46)";
:ivl_delay_selection "TYPICAL";
:vpi_time_precision - 12;
:vpi_module "C:\iverilog\lib\ivl\system.vpi";
:vpi_module "C:\iverilog\lib\ivl\vhdl_sys.vpi";
:vpi_module "C:\iverilog\lib\ivl\vhdl_textio.vpi";
:vpi_module "C:\iverilog\lib\ivl\v2005_math.vpi";
:vpi_module "C:\iverilog\lib\ivl\va_math.vpi";
S_00000252e840b9b0 .scope module, "tb_Sort" "tb_Sort" 2 3;
 .timescale -9 -12;
v00000252e8324160_0 .var "Clac_out0", 9 0;
v00000252e8324660_0 .var "Clac_out1", 9 0;
v00000252e8323da0_0 .var "Clac_out2", 9 0;
v00000252e8324200_0 .var "Clac_out3", 9 0;
v00000252e83243e0_0 .var "Clac_out4", 9 0;
v00000252e8324700_0 .var "Clac_out5", 9 0;
v00000252e8324c00_0 .net "n0", 9 0, v00000252e831c330_0;  1 drivers
v00000252e83242a0_0 .net "n1", 9 0, v00000252e831c3d0_0;  1 drivers
v00000252e8324ac0_0 .net "n2", 9 0, v00000252e831c470_0;  1 drivers
v00000252e8324b60_0 .net "n3", 9 0, v00000252e831c510_0;  1 drivers
v00000252e83248e0_0 .net "n4", 9 0, v00000252e831c5b0_0;  1 drivers
v00000252e8324480_0 .net "n5", 9 0, v00000252e831c650_0;  1 drivers
S_00000252e840bb40 .scope module, "u_Sort" "Sort" 2 21, 3 3 0, S_00000252e840b9b0;
 .timescale -9 -12;
    .port_info 0 /OUTPUT 10 "n0";
    .port_info 1 /OUTPUT 10 "n1";
    .port_info 2 /OUTPUT 10 "n2";
    .port_info 3 /OUTPUT 10 "n3";
    .port_info 4 /OUTPUT 10 "n4";
    .port_info 5 /OUTPUT 10 "n5";
    .port_info 6 /INPUT 10 "Clac_out0";
    .port_info 7 /INPUT 10 "Clac_out1";
    .port_info 8 /INPUT 10 "Clac_out2";
    .port_info 9 /INPUT 10 "Clac_out3";
    .port_info 10 /INPUT 10 "Clac_out4";
    .port_info 11 /INPUT 10 "Clac_out5";
v00000252e8333850_0 .net "Clac_out0", 9 0, v00000252e8324160_0;  1 drivers
v00000252e82f3140_0 .net "Clac_out1", 9 0, v00000252e8324660_0;  1 drivers
v00000252e83338f0_0 .net "Clac_out2", 9 0, v00000252e8323da0_0;  1 drivers
v00000252e8333990_0 .net "Clac_out3", 9 0, v00000252e8324200_0;  1 drivers
v00000252e8333a30_0 .net "Clac_out4", 9 0, v00000252e83243e0_0;  1 drivers
v00000252e8333ad0_0 .net "Clac_out5", 9 0, v00000252e8324700_0;  1 drivers
v00000252e8333b70_0 .var "count", 2 0;
v00000252e831c290_0 .var/i "i", 31 0;
v00000252e831c330_0 .var "n0", 9 0;
v00000252e831c3d0_0 .var "n1", 9 0;
v00000252e831c470_0 .var "n2", 9 0;
v00000252e831c510_0 .var "n3", 9 0;
v00000252e831c5b0_0 .var "n4", 9 0;
v00000252e831c650_0 .var "n5", 9 0;
v00000252e831c6f0_0 .var "tmp", 9 0;
v00000252e831c790_0 .var "tmp_n0", 9 0;
v00000252e8324840_0 .var "tmp_n1", 9 0;
v00000252e83247a0_0 .var "tmp_n2", 9 0;
v00000252e8324980_0 .var "tmp_n3", 9 0;
v00000252e8324ca0_0 .var "tmp_n4", 9 0;
v00000252e8324340_0 .var "tmp_n5", 9 0;
E_00000252e831a580/0 .event anyedge, v00000252e8333850_0, v00000252e82f3140_0, v00000252e83338f0_0, v00000252e8333990_0;
E_00000252e831a580/1 .event anyedge, v00000252e8333a30_0, v00000252e8333ad0_0, v00000252e8333b70_0, v00000252e831c790_0;
E_00000252e831a580/2 .event anyedge, v00000252e8324840_0, v00000252e831c6f0_0, v00000252e83247a0_0, v00000252e8324980_0;
E_00000252e831a580/3 .event anyedge, v00000252e8324ca0_0, v00000252e8324340_0;
E_00000252e831a580 .event/or E_00000252e831a580/0, E_00000252e831a580/1, E_00000252e831a580/2, E_00000252e831a580/3;
    .scope S_00000252e840bb40;
T_0 ;
    %wait E_00000252e831a580;
    %pushi/vec4 0, 0, 10;
    %store/vec4 v00000252e831c6f0_0, 0, 10;
    %load/vec4 v00000252e8333850_0;
    %store/vec4 v00000252e831c790_0, 0, 10;
    %load/vec4 v00000252e82f3140_0;
    %store/vec4 v00000252e8324840_0, 0, 10;
    %load/vec4 v00000252e83338f0_0;
    %store/vec4 v00000252e83247a0_0, 0, 10;
    %load/vec4 v00000252e8333990_0;
    %store/vec4 v00000252e8324980_0, 0, 10;
    %load/vec4 v00000252e8333a30_0;
    %store/vec4 v00000252e8324ca0_0, 0, 10;
    %load/vec4 v00000252e8333ad0_0;
    %store/vec4 v00000252e8324340_0, 0, 10;
    %pushi/vec4 0, 0, 32;
    %store/vec4 v00000252e831c290_0, 0, 32;
T_0.0 ;
    %load/vec4 v00000252e831c290_0;
    %cmpi/s 6, 0, 32;
    %jmp/0xz T_0.1, 5;
    %load/vec4 v00000252e831c290_0;
    %pad/s 3;
    %store/vec4 v00000252e8333b70_0, 0, 3;
    %load/vec4 v00000252e8333b70_0;
    %parti/s 1, 0, 2;
    %pad/u 32;
    %cmpi/e 0, 0, 32;
    %jmp/0xz  T_0.2, 4;
    %load/vec4 v00000252e8324840_0;
    %load/vec4 v00000252e831c790_0;
    %cmp/u;
    %flag_or 5, 4;
    %jmp/0xz  T_0.4, 5;
    %load/vec4 v00000252e831c790_0;
    %store/vec4 v00000252e831c790_0, 0, 10;
    %load/vec4 v00000252e8324840_0;
    %store/vec4 v00000252e8324840_0, 0, 10;
    %jmp T_0.5;
T_0.4 ;
    %load/vec4 v00000252e831c790_0;
    %store/vec4 v00000252e831c6f0_0, 0, 10;
    %load/vec4 v00000252e8324840_0;
    %store/vec4 v00000252e831c790_0, 0, 10;
    %load/vec4 v00000252e831c6f0_0;
    %store/vec4 v00000252e8324840_0, 0, 10;
T_0.5 ;
    %load/vec4 v00000252e8324980_0;
    %load/vec4 v00000252e83247a0_0;
    %cmp/u;
    %flag_or 5, 4;
    %jmp/0xz  T_0.6, 5;
    %load/vec4 v00000252e83247a0_0;
    %store/vec4 v00000252e83247a0_0, 0, 10;
    %load/vec4 v00000252e8324980_0;
    %store/vec4 v00000252e8324980_0, 0, 10;
    %jmp T_0.7;
T_0.6 ;
    %load/vec4 v00000252e83247a0_0;
    %store/vec4 v00000252e831c6f0_0, 0, 10;
    %load/vec4 v00000252e8324980_0;
    %store/vec4 v00000252e83247a0_0, 0, 10;
    %load/vec4 v00000252e831c6f0_0;
    %store/vec4 v00000252e8324980_0, 0, 10;
T_0.7 ;
    %load/vec4 v00000252e8324340_0;
    %load/vec4 v00000252e8324ca0_0;
    %cmp/u;
    %flag_or 5, 4;
    %jmp/0xz  T_0.8, 5;
    %load/vec4 v00000252e8324ca0_0;
    %store/vec4 v00000252e8324ca0_0, 0, 10;
    %load/vec4 v00000252e8324340_0;
    %store/vec4 v00000252e8324340_0, 0, 10;
    %jmp T_0.9;
T_0.8 ;
    %load/vec4 v00000252e8324ca0_0;
    %store/vec4 v00000252e831c6f0_0, 0, 10;
    %load/vec4 v00000252e8324340_0;
    %store/vec4 v00000252e8324ca0_0, 0, 10;
    %load/vec4 v00000252e831c6f0_0;
    %store/vec4 v00000252e8324340_0, 0, 10;
T_0.9 ;
    %jmp T_0.3;
T_0.2 ;
    %load/vec4 v00000252e83247a0_0;
    %load/vec4 v00000252e8324840_0;
    %cmp/u;
    %flag_or 5, 4;
    %jmp/0xz  T_0.10, 5;
    %load/vec4 v00000252e8324840_0;
    %store/vec4 v00000252e8324840_0, 0, 10;
    %load/vec4 v00000252e83247a0_0;
    %store/vec4 v00000252e83247a0_0, 0, 10;
    %jmp T_0.11;
T_0.10 ;
    %load/vec4 v00000252e8324840_0;
    %store/vec4 v00000252e831c6f0_0, 0, 10;
    %load/vec4 v00000252e83247a0_0;
    %store/vec4 v00000252e8324840_0, 0, 10;
    %load/vec4 v00000252e831c6f0_0;
    %store/vec4 v00000252e83247a0_0, 0, 10;
T_0.11 ;
    %load/vec4 v00000252e8324ca0_0;
    %load/vec4 v00000252e8324980_0;
    %cmp/u;
    %flag_or 5, 4;
    %jmp/0xz  T_0.12, 5;
    %load/vec4 v00000252e8324980_0;
    %store/vec4 v00000252e8324980_0, 0, 10;
    %load/vec4 v00000252e8324ca0_0;
    %store/vec4 v00000252e8324ca0_0, 0, 10;
    %jmp T_0.13;
T_0.12 ;
    %load/vec4 v00000252e8324980_0;
    %store/vec4 v00000252e831c6f0_0, 0, 10;
    %load/vec4 v00000252e8324ca0_0;
    %store/vec4 v00000252e8324980_0, 0, 10;
    %load/vec4 v00000252e831c6f0_0;
    %store/vec4 v00000252e8324ca0_0, 0, 10;
T_0.13 ;
T_0.3 ;
    %load/vec4 v00000252e8333b70_0;
    %addi 1, 0, 3;
    %store/vec4 v00000252e8333b70_0, 0, 3;
    %load/vec4 v00000252e831c290_0;
    %addi 1, 0, 32;
    %store/vec4 v00000252e831c290_0, 0, 32;
    %jmp T_0.0;
T_0.1 ;
    %load/vec4 v00000252e831c790_0;
    %store/vec4 v00000252e831c330_0, 0, 10;
    %load/vec4 v00000252e8324840_0;
    %store/vec4 v00000252e831c3d0_0, 0, 10;
    %load/vec4 v00000252e83247a0_0;
    %store/vec4 v00000252e831c470_0, 0, 10;
    %load/vec4 v00000252e8324980_0;
    %store/vec4 v00000252e831c510_0, 0, 10;
    %load/vec4 v00000252e8324ca0_0;
    %store/vec4 v00000252e831c5b0_0, 0, 10;
    %load/vec4 v00000252e8324340_0;
    %store/vec4 v00000252e831c650_0, 0, 10;
    %jmp T_0;
    .thread T_0, $push;
    .scope S_00000252e840b9b0;
T_1 ;
    %pushi/vec4 0, 0, 10;
    %store/vec4 v00000252e8324160_0, 0, 10;
    %pushi/vec4 0, 0, 10;
    %store/vec4 v00000252e8324660_0, 0, 10;
    %pushi/vec4 0, 0, 10;
    %store/vec4 v00000252e8323da0_0, 0, 10;
    %pushi/vec4 0, 0, 10;
    %store/vec4 v00000252e8324200_0, 0, 10;
    %pushi/vec4 0, 0, 10;
    %store/vec4 v00000252e83243e0_0, 0, 10;
    %pushi/vec4 0, 0, 10;
    %store/vec4 v00000252e8324700_0, 0, 10;
    %end;
    .thread T_1;
    .scope S_00000252e840b9b0;
T_2 ;
    %delay 1000, 0;
    %pushi/vec4 32, 0, 10;
    %store/vec4 v00000252e8324160_0, 0, 10;
    %pushi/vec4 19, 0, 10;
    %store/vec4 v00000252e8324660_0, 0, 10;
    %pushi/vec4 1, 0, 10;
    %store/vec4 v00000252e8323da0_0, 0, 10;
    %pushi/vec4 25, 0, 10;
    %store/vec4 v00000252e8324200_0, 0, 10;
    %pushi/vec4 95, 0, 10;
    %store/vec4 v00000252e83243e0_0, 0, 10;
    %pushi/vec4 1000, 0, 10;
    %store/vec4 v00000252e8324700_0, 0, 10;
    %delay 1000, 0;
    %vpi_call 2 42 "$display", "Sort 1 Ans: n0=%d, n1=%d, n2=%d, n3=%d, n4=%d, n5=%d", v00000252e8324c00_0, v00000252e83242a0_0, v00000252e8324ac0_0, v00000252e8324b60_0, v00000252e83248e0_0, v00000252e8324480_0 {0 0 0};
    %delay 1000, 0;
    %pushi/vec4 50, 0, 10;
    %store/vec4 v00000252e8324160_0, 0, 10;
    %pushi/vec4 677, 0, 10;
    %store/vec4 v00000252e8324660_0, 0, 10;
    %pushi/vec4 190, 0, 10;
    %store/vec4 v00000252e8323da0_0, 0, 10;
    %pushi/vec4 5, 0, 10;
    %store/vec4 v00000252e8324200_0, 0, 10;
    %pushi/vec4 412, 0, 10;
    %store/vec4 v00000252e83243e0_0, 0, 10;
    %pushi/vec4 862, 0, 10;
    %store/vec4 v00000252e8324700_0, 0, 10;
    %delay 1000, 0;
    %vpi_call 2 46 "$display", "Sort 2 Ans: n0=%d, n1=%d, n2=%d, n3=%d, n4=%d, n5=%d", v00000252e8324c00_0, v00000252e83242a0_0, v00000252e8324ac0_0, v00000252e8324b60_0, v00000252e83248e0_0, v00000252e8324480_0 {0 0 0};
    %delay 1000, 0;
    %pushi/vec4 350, 0, 10;
    %store/vec4 v00000252e8324160_0, 0, 10;
    %pushi/vec4 1000, 0, 10;
    %store/vec4 v00000252e8324660_0, 0, 10;
    %pushi/vec4 611, 0, 10;
    %store/vec4 v00000252e8323da0_0, 0, 10;
    %pushi/vec4 31, 0, 10;
    %store/vec4 v00000252e8324200_0, 0, 10;
    %pushi/vec4 210, 0, 10;
    %store/vec4 v00000252e83243e0_0, 0, 10;
    %pushi/vec4 801, 0, 10;
    %store/vec4 v00000252e8324700_0, 0, 10;
    %delay 1000, 0;
    %vpi_call 2 50 "$display", "Sort 3 Ans: n0=%d, n1=%d, n2=%d, n3=%d, n4=%d, n5=%d", v00000252e8324c00_0, v00000252e83242a0_0, v00000252e8324ac0_0, v00000252e8324b60_0, v00000252e83248e0_0, v00000252e8324480_0 {0 0 0};
    %vpi_call 2 51 "$finish" {0 0 0};
    %end;
    .thread T_2;
# The file index is used to find the file name in the following table.
:file_names 4;
    "N/A";
    "<interactive>";
    "Sort_tb.v";
    "./Sort.v";
